<?xml version="1.0" encoding="UTF-8"?>
<testExecutions version="1">
  <file path="/Users/WorkPlace/Desktop/Semester 6/Software Project/badaso-lms-demo/package/badaso/badaso-lms-theme/tests/unit/AddCourseCard.spec.js">
    <testCase name="AddCourseCard Component when loaded should renders" duration="386"/>
    <testCase name="AddCourseCard Component when create button clicked should redirect to create course page" duration="131"/>
    <testCase name="AddCourseCard Component when join button clicked should redirect to join course page" duration="100"/>
  </file>
  <file path="/Users/WorkPlace/Desktop/Semester 6/Software Project/badaso-lms-demo/package/badaso/badaso-lms-theme/tests/unit/AppLayout.spec.js">
    <testCase name="AppLayout.vue should contains sidebar" duration="231"/>
    <testCase name="AppLayout.vue should contains snackbar" duration="77"/>
  </file>
  <file path="/Users/WorkPlace/Desktop/Semester 6/Software Project/badaso-lms-demo/package/badaso/badaso-lms-theme/tests/unit/JoinClass.spec.js">
    <testCase name="JoinCoursePage when loaded should renders" duration="547"/>
  </file>
  <file path="/Users/WorkPlace/Desktop/Semester 6/Software Project/badaso-lms-demo/package/badaso/badaso-lms-theme/tests/unit/announcement/CreateAnnouncement.spec.js">
    <testCase name="CreateAnnouncement when loaded should renders" duration="434"/>
    <testCase name="CreateAnnouncement when initial form is clicked should hide and load components" duration="308"/>
  </file>
  <file path="/Users/WorkPlace/Desktop/Semester 6/Software Project/badaso-lms-demo/package/badaso/badaso-lms-theme/tests/unit/announcement/AnnouncementPage.spec.js">
    <testCase name="Announcement when loaded should renders" duration="401"/>
  </file>
  <file path="/Users/WorkPlace/Desktop/Semester 6/Software Project/badaso-lms-demo/package/badaso/badaso-lms-theme/tests/unit/ViewCourse.spec.js">
    <testCase name="ViewCourse Component when loaded should renders" duration="528"/>
    <testCase name="ViewCourse Component when user is not authenticated should redirect to login page" duration="167"/>
    <testCase name="ViewCourse Component when user is authenticated should not redirect anywhere" duration="234"/>
  </file>
  <file path="/Users/WorkPlace/Desktop/Semester 6/Software Project/badaso-lms-demo/package/badaso/badaso-lms-theme/tests/unit/login.spec.js">
    <testCase name="Login when loaded has all of the required elements" duration="721"/>
    <testCase name="Login when loaded test data input for login component" duration="539"/>
  </file>
  <file path="/Users/WorkPlace/Desktop/Semester 6/Software Project/badaso-lms-demo/package/badaso/badaso-lms-theme/tests/unit/announcement/AnnouncementContent.spec.js">
    <testCase name="AnnouncementContent when loaded and when not editing and when announcement belong to current user should renders" duration="555">
      <failure message="TypeError: Cannot read property &apos;slice&apos; of undefined"><![CDATA[TypeError: Cannot read property 'slice' of undefined
    at VueComponent.dateSlicing (/Users/WorkPlace/Desktop/Semester 6/Software Project/badaso-lms-demo/package/badaso/badaso-lms-theme/src/resources/app/components/AnnouncementContent.vue:345:41)
    at VueComponent.data (/Users/WorkPlace/Desktop/Semester 6/Software Project/badaso-lms-demo/package/badaso/badaso-lms-theme/src/resources/app/components/AnnouncementContent.vue:130:30)
    at getData (/Users/WorkPlace/Desktop/Semester 6/Software Project/badaso-lms-demo/package/badaso/badaso-lms-theme/node_modules/vue/dist/vue.runtime.common.dev.js:4745:17)
    at initData (/Users/WorkPlace/Desktop/Semester 6/Software Project/badaso-lms-demo/package/badaso/badaso-lms-theme/node_modules/vue/dist/vue.runtime.common.dev.js:4702:7)
    at initState (/Users/WorkPlace/Desktop/Semester 6/Software Project/badaso-lms-demo/package/badaso/badaso-lms-theme/node_modules/vue/dist/vue.runtime.common.dev.js:4641:5)
    at VueComponent.Vue._init (/Users/WorkPlace/Desktop/Semester 6/Software Project/badaso-lms-demo/package/badaso/badaso-lms-theme/node_modules/vue/dist/vue.runtime.common.dev.js:5001:5)
    at new VueComponent (/Users/WorkPlace/Desktop/Semester 6/Software Project/badaso-lms-demo/package/badaso/badaso-lms-theme/node_modules/vue/dist/vue.runtime.common.dev.js:5148:12)
    at createComponentInstanceForVnode (/Users/WorkPlace/Desktop/Semester 6/Software Project/badaso-lms-demo/package/badaso/badaso-lms-theme/node_modules/vue/dist/vue.runtime.common.dev.js:3298:10)
    at init (/Users/WorkPlace/Desktop/Semester 6/Software Project/badaso-lms-demo/package/badaso/badaso-lms-theme/node_modules/vue/dist/vue.runtime.common.dev.js:3127:45)
    at createComponent (/Users/WorkPlace/Desktop/Semester 6/Software Project/badaso-lms-demo/package/badaso/badaso-lms-theme/node_modules/vue/dist/vue.runtime.common.dev.js:6002:9)
    at createElm (/Users/WorkPlace/Desktop/Semester 6/Software Project/badaso-lms-demo/package/badaso/badaso-lms-theme/node_modules/vue/dist/vue.runtime.common.dev.js:5949:9)
    at VueComponent.patch [as __patch__] (/Users/WorkPlace/Desktop/Semester 6/Software Project/badaso-lms-demo/package/badaso/badaso-lms-theme/node_modules/vue/dist/vue.runtime.common.dev.js:6499:7)
    at VueComponent.Vue._update (/Users/WorkPlace/Desktop/Semester 6/Software Project/badaso-lms-demo/package/badaso/badaso-lms-theme/node_modules/vue/dist/vue.runtime.common.dev.js:3948:19)
    at VueComponent.updateComponent (/Users/WorkPlace/Desktop/Semester 6/Software Project/badaso-lms-demo/package/badaso/badaso-lms-theme/node_modules/vue/dist/vue.runtime.common.dev.js:4069:10)
    at Watcher.get (/Users/WorkPlace/Desktop/Semester 6/Software Project/badaso-lms-demo/package/badaso/badaso-lms-theme/node_modules/vue/dist/vue.runtime.common.dev.js:4481:25)
    at new Watcher (/Users/WorkPlace/Desktop/Semester 6/Software Project/badaso-lms-demo/package/badaso/badaso-lms-theme/node_modules/vue/dist/vue.runtime.common.dev.js:4470:12)
    at mountComponent (/Users/WorkPlace/Desktop/Semester 6/Software Project/badaso-lms-demo/package/badaso/badaso-lms-theme/node_modules/vue/dist/vue.runtime.common.dev.js:4076:3)
    at VueComponent.Object.<anonymous>.Vue.$mount (/Users/WorkPlace/Desktop/Semester 6/Software Project/badaso-lms-demo/package/badaso/badaso-lms-theme/node_modules/vue/dist/vue.runtime.common.dev.js:8436:10)
    at mount (/Users/WorkPlace/Desktop/Semester 6/Software Project/badaso-lms-demo/package/badaso/badaso-lms-theme/node_modules/@vue/test-utils/dist/vue-test-utils.js:14057:21)
    at _callee$ (/Users/WorkPlace/Desktop/Semester 6/Software Project/badaso-lms-demo/package/badaso/badaso-lms-theme/tests/unit/announcement/AnnouncementContent.spec.js:26:27)
    at tryCatch (/Users/WorkPlace/Desktop/Semester 6/Software Project/badaso-lms-demo/package/badaso/badaso-lms-theme/node_modules/regenerator-runtime/runtime.js:63:40)
    at Generator.invoke [as _invoke] (/Users/WorkPlace/Desktop/Semester 6/Software Project/badaso-lms-demo/package/badaso/badaso-lms-theme/node_modules/regenerator-runtime/runtime.js:294:22)
    at Generator.next (/Users/WorkPlace/Desktop/Semester 6/Software Project/badaso-lms-demo/package/badaso/badaso-lms-theme/node_modules/regenerator-runtime/runtime.js:119:21)
    at asyncGeneratorStep (/Users/WorkPlace/Desktop/Semester 6/Software Project/badaso-lms-demo/package/badaso/badaso-lms-theme/node_modules/@babel/runtime/helpers/asyncToGenerator.js:3:24)
    at _next (/Users/WorkPlace/Desktop/Semester 6/Software Project/badaso-lms-demo/package/badaso/badaso-lms-theme/node_modules/@babel/runtime/helpers/asyncToGenerator.js:25:9)
    at /Users/WorkPlace/Desktop/Semester 6/Software Project/badaso-lms-demo/package/badaso/badaso-lms-theme/node_modules/@babel/runtime/helpers/asyncToGenerator.js:32:7
    at new Promise (<anonymous>)
    at Object.<anonymous> (/Users/WorkPlace/Desktop/Semester 6/Software Project/badaso-lms-demo/package/badaso/badaso-lms-theme/node_modules/@babel/runtime/helpers/asyncToGenerator.js:21:12)
    at Promise.then.completed (/Users/WorkPlace/.npm/_npx/16248/lib/node_modules/jest/node_modules/jest-circus/build/utils.js:391:28)
    at new Promise (<anonymous>)
    at callAsyncCircusFn (/Users/WorkPlace/.npm/_npx/16248/lib/node_modules/jest/node_modules/jest-circus/build/utils.js:316:10)
    at _callCircusTest (/Users/WorkPlace/.npm/_npx/16248/lib/node_modules/jest/node_modules/jest-circus/build/run.js:218:40)
    at processTicksAndRejections (internal/process/task_queues.js:93:5)
    at _runTest (/Users/WorkPlace/.npm/_npx/16248/lib/node_modules/jest/node_modules/jest-circus/build/run.js:155:3)
    at _runTestsForDescribeBlock (/Users/WorkPlace/.npm/_npx/16248/lib/node_modules/jest/node_modules/jest-circus/build/run.js:66:9)
    at _runTestsForDescribeBlock (/Users/WorkPlace/.npm/_npx/16248/lib/node_modules/jest/node_modules/jest-circus/build/run.js:60:9)
    at _runTestsForDescribeBlock (/Users/WorkPlace/.npm/_npx/16248/lib/node_modules/jest/node_modules/jest-circus/build/run.js:60:9)
    at _runTestsForDescribeBlock (/Users/WorkPlace/.npm/_npx/16248/lib/node_modules/jest/node_modules/jest-circus/build/run.js:60:9)
    at _runTestsForDescribeBlock (/Users/WorkPlace/.npm/_npx/16248/lib/node_modules/jest/node_modules/jest-circus/build/run.js:60:9)
    at run (/Users/WorkPlace/.npm/_npx/16248/lib/node_modules/jest/node_modules/jest-circus/build/run.js:25:3)
    at runAndTransformResultsToJestFormat (/Users/WorkPlace/.npm/_npx/16248/lib/node_modules/jest/node_modules/jest-circus/build/legacy-code-todo-rewrite/jestAdapterInit.js:170:21)
    at jestAdapter (/Users/WorkPlace/.npm/_npx/16248/lib/node_modules/jest/node_modules/jest-circus/build/legacy-code-todo-rewrite/jestAdapter.js:82:19)
    at runTestInternal (/Users/WorkPlace/.npm/_npx/16248/lib/node_modules/jest/node_modules/jest-runner/build/runTest.js:389:16)
    at runTest (/Users/WorkPlace/.npm/_npx/16248/lib/node_modules/jest/node_modules/jest-runner/build/runTest.js:475:34)
    at Object.worker (/Users/WorkPlace/.npm/_npx/16248/lib/node_modules/jest/node_modules/jest-runner/build/testWorker.js:133:12)]]></failure>
    </testCase>
    <testCase name="AnnouncementContent when loaded and when not editing and when announcement is not belong to current user should renders" duration="206">
      <failure message="TypeError: Cannot read property &apos;slice&apos; of undefined"><![CDATA[TypeError: Cannot read property 'slice' of undefined
    at VueComponent.dateSlicing (/Users/WorkPlace/Desktop/Semester 6/Software Project/badaso-lms-demo/package/badaso/badaso-lms-theme/src/resources/app/components/AnnouncementContent.vue:345:41)
    at VueComponent.data (/Users/WorkPlace/Desktop/Semester 6/Software Project/badaso-lms-demo/package/badaso/badaso-lms-theme/src/resources/app/components/AnnouncementContent.vue:130:30)
    at getData (/Users/WorkPlace/Desktop/Semester 6/Software Project/badaso-lms-demo/package/badaso/badaso-lms-theme/node_modules/vue/dist/vue.runtime.common.dev.js:4745:17)
    at initData (/Users/WorkPlace/Desktop/Semester 6/Software Project/badaso-lms-demo/package/badaso/badaso-lms-theme/node_modules/vue/dist/vue.runtime.common.dev.js:4702:7)
    at initState (/Users/WorkPlace/Desktop/Semester 6/Software Project/badaso-lms-demo/package/badaso/badaso-lms-theme/node_modules/vue/dist/vue.runtime.common.dev.js:4641:5)
    at VueComponent.Vue._init (/Users/WorkPlace/Desktop/Semester 6/Software Project/badaso-lms-demo/package/badaso/badaso-lms-theme/node_modules/vue/dist/vue.runtime.common.dev.js:5001:5)
    at new VueComponent (/Users/WorkPlace/Desktop/Semester 6/Software Project/badaso-lms-demo/package/badaso/badaso-lms-theme/node_modules/vue/dist/vue.runtime.common.dev.js:5148:12)
    at createComponentInstanceForVnode (/Users/WorkPlace/Desktop/Semester 6/Software Project/badaso-lms-demo/package/badaso/badaso-lms-theme/node_modules/vue/dist/vue.runtime.common.dev.js:3298:10)
    at init (/Users/WorkPlace/Desktop/Semester 6/Software Project/badaso-lms-demo/package/badaso/badaso-lms-theme/node_modules/vue/dist/vue.runtime.common.dev.js:3127:45)
    at createComponent (/Users/WorkPlace/Desktop/Semester 6/Software Project/badaso-lms-demo/package/badaso/badaso-lms-theme/node_modules/vue/dist/vue.runtime.common.dev.js:6002:9)
    at createElm (/Users/WorkPlace/Desktop/Semester 6/Software Project/badaso-lms-demo/package/badaso/badaso-lms-theme/node_modules/vue/dist/vue.runtime.common.dev.js:5949:9)
    at VueComponent.patch [as __patch__] (/Users/WorkPlace/Desktop/Semester 6/Software Project/badaso-lms-demo/package/badaso/badaso-lms-theme/node_modules/vue/dist/vue.runtime.common.dev.js:6499:7)
    at VueComponent.Vue._update (/Users/WorkPlace/Desktop/Semester 6/Software Project/badaso-lms-demo/package/badaso/badaso-lms-theme/node_modules/vue/dist/vue.runtime.common.dev.js:3948:19)
    at VueComponent.updateComponent (/Users/WorkPlace/Desktop/Semester 6/Software Project/badaso-lms-demo/package/badaso/badaso-lms-theme/node_modules/vue/dist/vue.runtime.common.dev.js:4069:10)
    at Watcher.get (/Users/WorkPlace/Desktop/Semester 6/Software Project/badaso-lms-demo/package/badaso/badaso-lms-theme/node_modules/vue/dist/vue.runtime.common.dev.js:4481:25)
    at new Watcher (/Users/WorkPlace/Desktop/Semester 6/Software Project/badaso-lms-demo/package/badaso/badaso-lms-theme/node_modules/vue/dist/vue.runtime.common.dev.js:4470:12)
    at mountComponent (/Users/WorkPlace/Desktop/Semester 6/Software Project/badaso-lms-demo/package/badaso/badaso-lms-theme/node_modules/vue/dist/vue.runtime.common.dev.js:4076:3)
    at VueComponent.Object.<anonymous>.Vue.$mount (/Users/WorkPlace/Desktop/Semester 6/Software Project/badaso-lms-demo/package/badaso/badaso-lms-theme/node_modules/vue/dist/vue.runtime.common.dev.js:8436:10)
    at mount (/Users/WorkPlace/Desktop/Semester 6/Software Project/badaso-lms-demo/package/badaso/badaso-lms-theme/node_modules/@vue/test-utils/dist/vue-test-utils.js:14057:21)
    at Object.<anonymous> (/Users/WorkPlace/Desktop/Semester 6/Software Project/badaso-lms-demo/package/badaso/badaso-lms-theme/tests/unit/announcement/AnnouncementContent.spec.js:59:27)
    at Promise.then.completed (/Users/WorkPlace/.npm/_npx/16248/lib/node_modules/jest/node_modules/jest-circus/build/utils.js:391:28)
    at new Promise (<anonymous>)
    at callAsyncCircusFn (/Users/WorkPlace/.npm/_npx/16248/lib/node_modules/jest/node_modules/jest-circus/build/utils.js:316:10)
    at _callCircusTest (/Users/WorkPlace/.npm/_npx/16248/lib/node_modules/jest/node_modules/jest-circus/build/run.js:218:40)
    at processTicksAndRejections (internal/process/task_queues.js:93:5)
    at _runTest (/Users/WorkPlace/.npm/_npx/16248/lib/node_modules/jest/node_modules/jest-circus/build/run.js:155:3)
    at _runTestsForDescribeBlock (/Users/WorkPlace/.npm/_npx/16248/lib/node_modules/jest/node_modules/jest-circus/build/run.js:66:9)
    at _runTestsForDescribeBlock (/Users/WorkPlace/.npm/_npx/16248/lib/node_modules/jest/node_modules/jest-circus/build/run.js:60:9)
    at _runTestsForDescribeBlock (/Users/WorkPlace/.npm/_npx/16248/lib/node_modules/jest/node_modules/jest-circus/build/run.js:60:9)
    at _runTestsForDescribeBlock (/Users/WorkPlace/.npm/_npx/16248/lib/node_modules/jest/node_modules/jest-circus/build/run.js:60:9)
    at _runTestsForDescribeBlock (/Users/WorkPlace/.npm/_npx/16248/lib/node_modules/jest/node_modules/jest-circus/build/run.js:60:9)
    at run (/Users/WorkPlace/.npm/_npx/16248/lib/node_modules/jest/node_modules/jest-circus/build/run.js:25:3)
    at runAndTransformResultsToJestFormat (/Users/WorkPlace/.npm/_npx/16248/lib/node_modules/jest/node_modules/jest-circus/build/legacy-code-todo-rewrite/jestAdapterInit.js:170:21)
    at jestAdapter (/Users/WorkPlace/.npm/_npx/16248/lib/node_modules/jest/node_modules/jest-circus/build/legacy-code-todo-rewrite/jestAdapter.js:82:19)
    at runTestInternal (/Users/WorkPlace/.npm/_npx/16248/lib/node_modules/jest/node_modules/jest-runner/build/runTest.js:389:16)
    at runTest (/Users/WorkPlace/.npm/_npx/16248/lib/node_modules/jest/node_modules/jest-runner/build/runTest.js:475:34)
    at Object.worker (/Users/WorkPlace/.npm/_npx/16248/lib/node_modules/jest/node_modules/jest-runner/build/testWorker.js:133:12)]]></failure>
    </testCase>
    <testCase name="AnnouncementContent when loaded and when editing announcement should renders" duration="169">
      <failure message="TypeError: Cannot read property &apos;slice&apos; of undefined"><![CDATA[TypeError: Cannot read property 'slice' of undefined
    at VueComponent.dateSlicing (/Users/WorkPlace/Desktop/Semester 6/Software Project/badaso-lms-demo/package/badaso/badaso-lms-theme/src/resources/app/components/AnnouncementContent.vue:345:41)
    at VueComponent.data (/Users/WorkPlace/Desktop/Semester 6/Software Project/badaso-lms-demo/package/badaso/badaso-lms-theme/src/resources/app/components/AnnouncementContent.vue:130:30)
    at getData (/Users/WorkPlace/Desktop/Semester 6/Software Project/badaso-lms-demo/package/badaso/badaso-lms-theme/node_modules/vue/dist/vue.runtime.common.dev.js:4745:17)
    at initData (/Users/WorkPlace/Desktop/Semester 6/Software Project/badaso-lms-demo/package/badaso/badaso-lms-theme/node_modules/vue/dist/vue.runtime.common.dev.js:4702:7)
    at initState (/Users/WorkPlace/Desktop/Semester 6/Software Project/badaso-lms-demo/package/badaso/badaso-lms-theme/node_modules/vue/dist/vue.runtime.common.dev.js:4641:5)
    at VueComponent.Vue._init (/Users/WorkPlace/Desktop/Semester 6/Software Project/badaso-lms-demo/package/badaso/badaso-lms-theme/node_modules/vue/dist/vue.runtime.common.dev.js:5001:5)
    at new VueComponent (/Users/WorkPlace/Desktop/Semester 6/Software Project/badaso-lms-demo/package/badaso/badaso-lms-theme/node_modules/vue/dist/vue.runtime.common.dev.js:5148:12)
    at createComponentInstanceForVnode (/Users/WorkPlace/Desktop/Semester 6/Software Project/badaso-lms-demo/package/badaso/badaso-lms-theme/node_modules/vue/dist/vue.runtime.common.dev.js:3298:10)
    at init (/Users/WorkPlace/Desktop/Semester 6/Software Project/badaso-lms-demo/package/badaso/badaso-lms-theme/node_modules/vue/dist/vue.runtime.common.dev.js:3127:45)
    at createComponent (/Users/WorkPlace/Desktop/Semester 6/Software Project/badaso-lms-demo/package/badaso/badaso-lms-theme/node_modules/vue/dist/vue.runtime.common.dev.js:6002:9)
    at createElm (/Users/WorkPlace/Desktop/Semester 6/Software Project/badaso-lms-demo/package/badaso/badaso-lms-theme/node_modules/vue/dist/vue.runtime.common.dev.js:5949:9)
    at VueComponent.patch [as __patch__] (/Users/WorkPlace/Desktop/Semester 6/Software Project/badaso-lms-demo/package/badaso/badaso-lms-theme/node_modules/vue/dist/vue.runtime.common.dev.js:6499:7)
    at VueComponent.Vue._update (/Users/WorkPlace/Desktop/Semester 6/Software Project/badaso-lms-demo/package/badaso/badaso-lms-theme/node_modules/vue/dist/vue.runtime.common.dev.js:3948:19)
    at VueComponent.updateComponent (/Users/WorkPlace/Desktop/Semester 6/Software Project/badaso-lms-demo/package/badaso/badaso-lms-theme/node_modules/vue/dist/vue.runtime.common.dev.js:4069:10)
    at Watcher.get (/Users/WorkPlace/Desktop/Semester 6/Software Project/badaso-lms-demo/package/badaso/badaso-lms-theme/node_modules/vue/dist/vue.runtime.common.dev.js:4481:25)
    at new Watcher (/Users/WorkPlace/Desktop/Semester 6/Software Project/badaso-lms-demo/package/badaso/badaso-lms-theme/node_modules/vue/dist/vue.runtime.common.dev.js:4470:12)
    at mountComponent (/Users/WorkPlace/Desktop/Semester 6/Software Project/badaso-lms-demo/package/badaso/badaso-lms-theme/node_modules/vue/dist/vue.runtime.common.dev.js:4076:3)
    at VueComponent.Object.<anonymous>.Vue.$mount (/Users/WorkPlace/Desktop/Semester 6/Software Project/badaso-lms-demo/package/badaso/badaso-lms-theme/node_modules/vue/dist/vue.runtime.common.dev.js:8436:10)
    at mount (/Users/WorkPlace/Desktop/Semester 6/Software Project/badaso-lms-demo/package/badaso/badaso-lms-theme/node_modules/@vue/test-utils/dist/vue-test-utils.js:14057:21)
    at _callee2$ (/Users/WorkPlace/Desktop/Semester 6/Software Project/badaso-lms-demo/package/badaso/badaso-lms-theme/tests/unit/announcement/AnnouncementContent.spec.js:73:31)
    at tryCatch (/Users/WorkPlace/Desktop/Semester 6/Software Project/badaso-lms-demo/package/badaso/badaso-lms-theme/node_modules/regenerator-runtime/runtime.js:63:40)
    at Generator.invoke [as _invoke] (/Users/WorkPlace/Desktop/Semester 6/Software Project/badaso-lms-demo/package/badaso/badaso-lms-theme/node_modules/regenerator-runtime/runtime.js:294:22)
    at Generator.next (/Users/WorkPlace/Desktop/Semester 6/Software Project/badaso-lms-demo/package/badaso/badaso-lms-theme/node_modules/regenerator-runtime/runtime.js:119:21)
    at asyncGeneratorStep (/Users/WorkPlace/Desktop/Semester 6/Software Project/badaso-lms-demo/package/badaso/badaso-lms-theme/node_modules/@babel/runtime/helpers/asyncToGenerator.js:3:24)
    at _next (/Users/WorkPlace/Desktop/Semester 6/Software Project/badaso-lms-demo/package/badaso/badaso-lms-theme/node_modules/@babel/runtime/helpers/asyncToGenerator.js:25:9)
    at /Users/WorkPlace/Desktop/Semester 6/Software Project/badaso-lms-demo/package/badaso/badaso-lms-theme/node_modules/@babel/runtime/helpers/asyncToGenerator.js:32:7
    at new Promise (<anonymous>)
    at Object.<anonymous> (/Users/WorkPlace/Desktop/Semester 6/Software Project/badaso-lms-demo/package/badaso/badaso-lms-theme/node_modules/@babel/runtime/helpers/asyncToGenerator.js:21:12)
    at Promise.then.completed (/Users/WorkPlace/.npm/_npx/16248/lib/node_modules/jest/node_modules/jest-circus/build/utils.js:391:28)
    at new Promise (<anonymous>)
    at callAsyncCircusFn (/Users/WorkPlace/.npm/_npx/16248/lib/node_modules/jest/node_modules/jest-circus/build/utils.js:316:10)
    at _callCircusTest (/Users/WorkPlace/.npm/_npx/16248/lib/node_modules/jest/node_modules/jest-circus/build/run.js:218:40)
    at processTicksAndRejections (internal/process/task_queues.js:93:5)
    at _runTest (/Users/WorkPlace/.npm/_npx/16248/lib/node_modules/jest/node_modules/jest-circus/build/run.js:155:3)
    at _runTestsForDescribeBlock (/Users/WorkPlace/.npm/_npx/16248/lib/node_modules/jest/node_modules/jest-circus/build/run.js:66:9)
    at _runTestsForDescribeBlock (/Users/WorkPlace/.npm/_npx/16248/lib/node_modules/jest/node_modules/jest-circus/build/run.js:60:9)
    at _runTestsForDescribeBlock (/Users/WorkPlace/.npm/_npx/16248/lib/node_modules/jest/node_modules/jest-circus/build/run.js:60:9)
    at _runTestsForDescribeBlock (/Users/WorkPlace/.npm/_npx/16248/lib/node_modules/jest/node_modules/jest-circus/build/run.js:60:9)
    at run (/Users/WorkPlace/.npm/_npx/16248/lib/node_modules/jest/node_modules/jest-circus/build/run.js:25:3)
    at runAndTransformResultsToJestFormat (/Users/WorkPlace/.npm/_npx/16248/lib/node_modules/jest/node_modules/jest-circus/build/legacy-code-todo-rewrite/jestAdapterInit.js:170:21)
    at jestAdapter (/Users/WorkPlace/.npm/_npx/16248/lib/node_modules/jest/node_modules/jest-circus/build/legacy-code-todo-rewrite/jestAdapter.js:82:19)
    at runTestInternal (/Users/WorkPlace/.npm/_npx/16248/lib/node_modules/jest/node_modules/jest-runner/build/runTest.js:389:16)
    at runTest (/Users/WorkPlace/.npm/_npx/16248/lib/node_modules/jest/node_modules/jest-runner/build/runTest.js:475:34)
    at Object.worker (/Users/WorkPlace/.npm/_npx/16248/lib/node_modules/jest/node_modules/jest-runner/build/testWorker.js:133:12)]]></failure>
    </testCase>
    <testCase name="AnnouncementContent when loaded and when editing comment should renders" duration="199">
      <failure message="TypeError: Cannot read property &apos;slice&apos; of undefined"><![CDATA[TypeError: Cannot read property 'slice' of undefined
    at VueComponent.dateSlicing (/Users/WorkPlace/Desktop/Semester 6/Software Project/badaso-lms-demo/package/badaso/badaso-lms-theme/src/resources/app/components/AnnouncementContent.vue:345:41)
    at VueComponent.data (/Users/WorkPlace/Desktop/Semester 6/Software Project/badaso-lms-demo/package/badaso/badaso-lms-theme/src/resources/app/components/AnnouncementContent.vue:130:30)
    at getData (/Users/WorkPlace/Desktop/Semester 6/Software Project/badaso-lms-demo/package/badaso/badaso-lms-theme/node_modules/vue/dist/vue.runtime.common.dev.js:4745:17)
    at initData (/Users/WorkPlace/Desktop/Semester 6/Software Project/badaso-lms-demo/package/badaso/badaso-lms-theme/node_modules/vue/dist/vue.runtime.common.dev.js:4702:7)
    at initState (/Users/WorkPlace/Desktop/Semester 6/Software Project/badaso-lms-demo/package/badaso/badaso-lms-theme/node_modules/vue/dist/vue.runtime.common.dev.js:4641:5)
    at VueComponent.Vue._init (/Users/WorkPlace/Desktop/Semester 6/Software Project/badaso-lms-demo/package/badaso/badaso-lms-theme/node_modules/vue/dist/vue.runtime.common.dev.js:5001:5)
    at new VueComponent (/Users/WorkPlace/Desktop/Semester 6/Software Project/badaso-lms-demo/package/badaso/badaso-lms-theme/node_modules/vue/dist/vue.runtime.common.dev.js:5148:12)
    at createComponentInstanceForVnode (/Users/WorkPlace/Desktop/Semester 6/Software Project/badaso-lms-demo/package/badaso/badaso-lms-theme/node_modules/vue/dist/vue.runtime.common.dev.js:3298:10)
    at init (/Users/WorkPlace/Desktop/Semester 6/Software Project/badaso-lms-demo/package/badaso/badaso-lms-theme/node_modules/vue/dist/vue.runtime.common.dev.js:3127:45)
    at createComponent (/Users/WorkPlace/Desktop/Semester 6/Software Project/badaso-lms-demo/package/badaso/badaso-lms-theme/node_modules/vue/dist/vue.runtime.common.dev.js:6002:9)
    at createElm (/Users/WorkPlace/Desktop/Semester 6/Software Project/badaso-lms-demo/package/badaso/badaso-lms-theme/node_modules/vue/dist/vue.runtime.common.dev.js:5949:9)
    at VueComponent.patch [as __patch__] (/Users/WorkPlace/Desktop/Semester 6/Software Project/badaso-lms-demo/package/badaso/badaso-lms-theme/node_modules/vue/dist/vue.runtime.common.dev.js:6499:7)
    at VueComponent.Vue._update (/Users/WorkPlace/Desktop/Semester 6/Software Project/badaso-lms-demo/package/badaso/badaso-lms-theme/node_modules/vue/dist/vue.runtime.common.dev.js:3948:19)
    at VueComponent.updateComponent (/Users/WorkPlace/Desktop/Semester 6/Software Project/badaso-lms-demo/package/badaso/badaso-lms-theme/node_modules/vue/dist/vue.runtime.common.dev.js:4069:10)
    at Watcher.get (/Users/WorkPlace/Desktop/Semester 6/Software Project/badaso-lms-demo/package/badaso/badaso-lms-theme/node_modules/vue/dist/vue.runtime.common.dev.js:4481:25)
    at new Watcher (/Users/WorkPlace/Desktop/Semester 6/Software Project/badaso-lms-demo/package/badaso/badaso-lms-theme/node_modules/vue/dist/vue.runtime.common.dev.js:4470:12)
    at mountComponent (/Users/WorkPlace/Desktop/Semester 6/Software Project/badaso-lms-demo/package/badaso/badaso-lms-theme/node_modules/vue/dist/vue.runtime.common.dev.js:4076:3)
    at VueComponent.Object.<anonymous>.Vue.$mount (/Users/WorkPlace/Desktop/Semester 6/Software Project/badaso-lms-demo/package/badaso/badaso-lms-theme/node_modules/vue/dist/vue.runtime.common.dev.js:8436:10)
    at mount (/Users/WorkPlace/Desktop/Semester 6/Software Project/badaso-lms-demo/package/badaso/badaso-lms-theme/node_modules/@vue/test-utils/dist/vue-test-utils.js:14057:21)
    at _callee3$ (/Users/WorkPlace/Desktop/Semester 6/Software Project/badaso-lms-demo/package/badaso/badaso-lms-theme/tests/unit/announcement/AnnouncementContent.spec.js:91:31)
    at tryCatch (/Users/WorkPlace/Desktop/Semester 6/Software Project/badaso-lms-demo/package/badaso/badaso-lms-theme/node_modules/regenerator-runtime/runtime.js:63:40)
    at Generator.invoke [as _invoke] (/Users/WorkPlace/Desktop/Semester 6/Software Project/badaso-lms-demo/package/badaso/badaso-lms-theme/node_modules/regenerator-runtime/runtime.js:294:22)
    at Generator.next (/Users/WorkPlace/Desktop/Semester 6/Software Project/badaso-lms-demo/package/badaso/badaso-lms-theme/node_modules/regenerator-runtime/runtime.js:119:21)
    at asyncGeneratorStep (/Users/WorkPlace/Desktop/Semester 6/Software Project/badaso-lms-demo/package/badaso/badaso-lms-theme/node_modules/@babel/runtime/helpers/asyncToGenerator.js:3:24)
    at _next (/Users/WorkPlace/Desktop/Semester 6/Software Project/badaso-lms-demo/package/badaso/badaso-lms-theme/node_modules/@babel/runtime/helpers/asyncToGenerator.js:25:9)
    at /Users/WorkPlace/Desktop/Semester 6/Software Project/badaso-lms-demo/package/badaso/badaso-lms-theme/node_modules/@babel/runtime/helpers/asyncToGenerator.js:32:7
    at new Promise (<anonymous>)
    at Object.<anonymous> (/Users/WorkPlace/Desktop/Semester 6/Software Project/badaso-lms-demo/package/badaso/badaso-lms-theme/node_modules/@babel/runtime/helpers/asyncToGenerator.js:21:12)
    at Promise.then.completed (/Users/WorkPlace/.npm/_npx/16248/lib/node_modules/jest/node_modules/jest-circus/build/utils.js:391:28)
    at new Promise (<anonymous>)
    at callAsyncCircusFn (/Users/WorkPlace/.npm/_npx/16248/lib/node_modules/jest/node_modules/jest-circus/build/utils.js:316:10)
    at _callCircusTest (/Users/WorkPlace/.npm/_npx/16248/lib/node_modules/jest/node_modules/jest-circus/build/run.js:218:40)
    at processTicksAndRejections (internal/process/task_queues.js:93:5)
    at _runTest (/Users/WorkPlace/.npm/_npx/16248/lib/node_modules/jest/node_modules/jest-circus/build/run.js:155:3)
    at _runTestsForDescribeBlock (/Users/WorkPlace/.npm/_npx/16248/lib/node_modules/jest/node_modules/jest-circus/build/run.js:66:9)
    at _runTestsForDescribeBlock (/Users/WorkPlace/.npm/_npx/16248/lib/node_modules/jest/node_modules/jest-circus/build/run.js:60:9)
    at _runTestsForDescribeBlock (/Users/WorkPlace/.npm/_npx/16248/lib/node_modules/jest/node_modules/jest-circus/build/run.js:60:9)
    at _runTestsForDescribeBlock (/Users/WorkPlace/.npm/_npx/16248/lib/node_modules/jest/node_modules/jest-circus/build/run.js:60:9)
    at run (/Users/WorkPlace/.npm/_npx/16248/lib/node_modules/jest/node_modules/jest-circus/build/run.js:25:3)
    at runAndTransformResultsToJestFormat (/Users/WorkPlace/.npm/_npx/16248/lib/node_modules/jest/node_modules/jest-circus/build/legacy-code-todo-rewrite/jestAdapterInit.js:170:21)
    at jestAdapter (/Users/WorkPlace/.npm/_npx/16248/lib/node_modules/jest/node_modules/jest-circus/build/legacy-code-todo-rewrite/jestAdapter.js:82:19)
    at runTestInternal (/Users/WorkPlace/.npm/_npx/16248/lib/node_modules/jest/node_modules/jest-runner/build/runTest.js:389:16)
    at runTest (/Users/WorkPlace/.npm/_npx/16248/lib/node_modules/jest/node_modules/jest-runner/build/runTest.js:475:34)
    at Object.worker (/Users/WorkPlace/.npm/_npx/16248/lib/node_modules/jest/node_modules/jest-runner/build/testWorker.js:133:12)]]></failure>
    </testCase>
  </file>
  <file path="/Users/WorkPlace/Desktop/Semester 6/Software Project/badaso-lms-demo/package/badaso/badaso-lms-theme/tests/unit/example.spec.js">
    <testCase name="displays message should renders" duration="283"/>
  </file>
  <file path="/Users/WorkPlace/Desktop/Semester 6/Software Project/badaso-lms-demo/package/badaso/badaso-lms-theme/tests/unit/CourseCard.spec.js">
    <testCase name="CourseCard Component when loaded should renders" duration="175"/>
    <testCase name="CourseCard Component when course card clicked should redirect to course page" duration="94"/>
  </file>
  <file path="/Users/WorkPlace/Desktop/Semester 6/Software Project/badaso-lms-demo/package/badaso/badaso-lms-theme/tests/unit/register.spec.js">
    <testCase name="Register when loaded has all of the required elements" duration="861"/>
    <testCase name="Register when sending request should show loading on button" duration="507"/>
  </file>
  <file path="/Users/WorkPlace/Desktop/Semester 6/Software Project/badaso-lms-demo/package/badaso/badaso-lms-theme/tests/unit/Sidebar.spec.js">
    <testCase name="App Layout.vue should contains navigation drawer" duration="309"/>
    <testCase name="App Layout.vue should contains user&apos;s name" duration="216"/>
    <testCase name="App Layout.vue should fetch courses data" duration="94"/>
    <testCase name="App Layout.vue should contains logout button" duration="121"/>
  </file>
  <file path="/Users/WorkPlace/Desktop/Semester 6/Software Project/badaso-lms-demo/package/badaso/badaso-lms-theme/tests/unit/announcement/AnnouncementContainer.spec.js">
    <testCase name="AnnouncementContainer when loaded should renders" duration="226"/>
  </file>
  <file path="/Users/WorkPlace/Desktop/Semester 6/Software Project/badaso-lms-demo/package/badaso/badaso-lms-theme/tests/unit/PeopleInCourse.spec.js">
    <testCase name="PeopleInCourse when loaded should renders" duration="128"/>
  </file>
  <file path="/Users/WorkPlace/Desktop/Semester 6/Software Project/badaso-lms-demo/package/badaso/badaso-lms-theme/tests/unit/copyClassCode.spec.js">
    <testCase name="Class Code Widget when loaded should renders" duration="857"/>
    <testCase name="Class Code Widget When click should call function" duration="426"/>
  </file>
  <file path="/Users/WorkPlace/Desktop/Semester 6/Software Project/badaso-lms-demo/package/badaso/badaso-lms-theme/tests/unit/announcement/AnnouncementCard.spec.js">
    <testCase name="AnnouncementCard when loaded and when no comment exist should renders" duration="757">
      <failure message="TypeError: Cannot read property &apos;slice&apos; of undefined"><![CDATA[TypeError: Cannot read property 'slice' of undefined
    at VueComponent.dateSlicing (/Users/WorkPlace/Desktop/Semester 6/Software Project/badaso-lms-demo/package/badaso/badaso-lms-theme/src/resources/app/components/AnnouncementContent.vue:345:41)
    at VueComponent.data (/Users/WorkPlace/Desktop/Semester 6/Software Project/badaso-lms-demo/package/badaso/badaso-lms-theme/src/resources/app/components/AnnouncementContent.vue:130:30)
    at getData (/Users/WorkPlace/Desktop/Semester 6/Software Project/badaso-lms-demo/package/badaso/badaso-lms-theme/node_modules/vue/dist/vue.runtime.common.dev.js:4745:17)
    at initData (/Users/WorkPlace/Desktop/Semester 6/Software Project/badaso-lms-demo/package/badaso/badaso-lms-theme/node_modules/vue/dist/vue.runtime.common.dev.js:4702:7)
    at initState (/Users/WorkPlace/Desktop/Semester 6/Software Project/badaso-lms-demo/package/badaso/badaso-lms-theme/node_modules/vue/dist/vue.runtime.common.dev.js:4641:5)
    at VueComponent.Vue._init (/Users/WorkPlace/Desktop/Semester 6/Software Project/badaso-lms-demo/package/badaso/badaso-lms-theme/node_modules/vue/dist/vue.runtime.common.dev.js:5001:5)
    at new VueComponent (/Users/WorkPlace/Desktop/Semester 6/Software Project/badaso-lms-demo/package/badaso/badaso-lms-theme/node_modules/vue/dist/vue.runtime.common.dev.js:5148:12)
    at createComponentInstanceForVnode (/Users/WorkPlace/Desktop/Semester 6/Software Project/badaso-lms-demo/package/badaso/badaso-lms-theme/node_modules/vue/dist/vue.runtime.common.dev.js:3298:10)
    at init (/Users/WorkPlace/Desktop/Semester 6/Software Project/badaso-lms-demo/package/badaso/badaso-lms-theme/node_modules/vue/dist/vue.runtime.common.dev.js:3127:45)
    at createComponent (/Users/WorkPlace/Desktop/Semester 6/Software Project/badaso-lms-demo/package/badaso/badaso-lms-theme/node_modules/vue/dist/vue.runtime.common.dev.js:6002:9)
    at createElm (/Users/WorkPlace/Desktop/Semester 6/Software Project/badaso-lms-demo/package/badaso/badaso-lms-theme/node_modules/vue/dist/vue.runtime.common.dev.js:5949:9)
    at createChildren (/Users/WorkPlace/Desktop/Semester 6/Software Project/badaso-lms-demo/package/badaso/badaso-lms-theme/node_modules/vue/dist/vue.runtime.common.dev.js:6077:9)
    at createElm (/Users/WorkPlace/Desktop/Semester 6/Software Project/badaso-lms-demo/package/badaso/badaso-lms-theme/node_modules/vue/dist/vue.runtime.common.dev.js:5978:9)
    at createChildren (/Users/WorkPlace/Desktop/Semester 6/Software Project/badaso-lms-demo/package/badaso/badaso-lms-theme/node_modules/vue/dist/vue.runtime.common.dev.js:6077:9)
    at createElm (/Users/WorkPlace/Desktop/Semester 6/Software Project/badaso-lms-demo/package/badaso/badaso-lms-theme/node_modules/vue/dist/vue.runtime.common.dev.js:5978:9)
    at VueComponent.patch [as __patch__] (/Users/WorkPlace/Desktop/Semester 6/Software Project/badaso-lms-demo/package/badaso/badaso-lms-theme/node_modules/vue/dist/vue.runtime.common.dev.js:6499:7)
    at VueComponent.Vue._update (/Users/WorkPlace/Desktop/Semester 6/Software Project/badaso-lms-demo/package/badaso/badaso-lms-theme/node_modules/vue/dist/vue.runtime.common.dev.js:3948:19)
    at VueComponent.updateComponent (/Users/WorkPlace/Desktop/Semester 6/Software Project/badaso-lms-demo/package/badaso/badaso-lms-theme/node_modules/vue/dist/vue.runtime.common.dev.js:4069:10)
    at Watcher.get (/Users/WorkPlace/Desktop/Semester 6/Software Project/badaso-lms-demo/package/badaso/badaso-lms-theme/node_modules/vue/dist/vue.runtime.common.dev.js:4481:25)
    at new Watcher (/Users/WorkPlace/Desktop/Semester 6/Software Project/badaso-lms-demo/package/badaso/badaso-lms-theme/node_modules/vue/dist/vue.runtime.common.dev.js:4470:12)
    at mountComponent (/Users/WorkPlace/Desktop/Semester 6/Software Project/badaso-lms-demo/package/badaso/badaso-lms-theme/node_modules/vue/dist/vue.runtime.common.dev.js:4076:3)
    at VueComponent.Object.<anonymous>.Vue.$mount (/Users/WorkPlace/Desktop/Semester 6/Software Project/badaso-lms-demo/package/badaso/badaso-lms-theme/node_modules/vue/dist/vue.runtime.common.dev.js:8436:10)
    at init (/Users/WorkPlace/Desktop/Semester 6/Software Project/badaso-lms-demo/package/badaso/badaso-lms-theme/node_modules/vue/dist/vue.runtime.common.dev.js:3131:13)
    at createComponent (/Users/WorkPlace/Desktop/Semester 6/Software Project/badaso-lms-demo/package/badaso/badaso-lms-theme/node_modules/vue/dist/vue.runtime.common.dev.js:6002:9)
    at createElm (/Users/WorkPlace/Desktop/Semester 6/Software Project/badaso-lms-demo/package/badaso/badaso-lms-theme/node_modules/vue/dist/vue.runtime.common.dev.js:5949:9)
    at createChildren (/Users/WorkPlace/Desktop/Semester 6/Software Project/badaso-lms-demo/package/badaso/badaso-lms-theme/node_modules/vue/dist/vue.runtime.common.dev.js:6077:9)
    at createElm (/Users/WorkPlace/Desktop/Semester 6/Software Project/badaso-lms-demo/package/badaso/badaso-lms-theme/node_modules/vue/dist/vue.runtime.common.dev.js:5978:9)
    at VueComponent.patch [as __patch__] (/Users/WorkPlace/Desktop/Semester 6/Software Project/badaso-lms-demo/package/badaso/badaso-lms-theme/node_modules/vue/dist/vue.runtime.common.dev.js:6499:7)
    at VueComponent.Vue._update (/Users/WorkPlace/Desktop/Semester 6/Software Project/badaso-lms-demo/package/badaso/badaso-lms-theme/node_modules/vue/dist/vue.runtime.common.dev.js:3948:19)
    at VueComponent.updateComponent (/Users/WorkPlace/Desktop/Semester 6/Software Project/badaso-lms-demo/package/badaso/badaso-lms-theme/node_modules/vue/dist/vue.runtime.common.dev.js:4069:10)
    at Watcher.get (/Users/WorkPlace/Desktop/Semester 6/Software Project/badaso-lms-demo/package/badaso/badaso-lms-theme/node_modules/vue/dist/vue.runtime.common.dev.js:4481:25)
    at new Watcher (/Users/WorkPlace/Desktop/Semester 6/Software Project/badaso-lms-demo/package/badaso/badaso-lms-theme/node_modules/vue/dist/vue.runtime.common.dev.js:4470:12)
    at mountComponent (/Users/WorkPlace/Desktop/Semester 6/Software Project/badaso-lms-demo/package/badaso/badaso-lms-theme/node_modules/vue/dist/vue.runtime.common.dev.js:4076:3)
    at VueComponent.Object.<anonymous>.Vue.$mount (/Users/WorkPlace/Desktop/Semester 6/Software Project/badaso-lms-demo/package/badaso/badaso-lms-theme/node_modules/vue/dist/vue.runtime.common.dev.js:8436:10)
    at init (/Users/WorkPlace/Desktop/Semester 6/Software Project/badaso-lms-demo/package/badaso/badaso-lms-theme/node_modules/vue/dist/vue.runtime.common.dev.js:3131:13)
    at createComponent (/Users/WorkPlace/Desktop/Semester 6/Software Project/badaso-lms-demo/package/badaso/badaso-lms-theme/node_modules/vue/dist/vue.runtime.common.dev.js:6002:9)
    at createElm (/Users/WorkPlace/Desktop/Semester 6/Software Project/badaso-lms-demo/package/badaso/badaso-lms-theme/node_modules/vue/dist/vue.runtime.common.dev.js:5949:9)
    at VueComponent.patch [as __patch__] (/Users/WorkPlace/Desktop/Semester 6/Software Project/badaso-lms-demo/package/badaso/badaso-lms-theme/node_modules/vue/dist/vue.runtime.common.dev.js:6499:7)
    at VueComponent.Vue._update (/Users/WorkPlace/Desktop/Semester 6/Software Project/badaso-lms-demo/package/badaso/badaso-lms-theme/node_modules/vue/dist/vue.runtime.common.dev.js:3948:19)
    at VueComponent.updateComponent (/Users/WorkPlace/Desktop/Semester 6/Software Project/badaso-lms-demo/package/badaso/badaso-lms-theme/node_modules/vue/dist/vue.runtime.common.dev.js:4069:10)
    at Watcher.get (/Users/WorkPlace/Desktop/Semester 6/Software Project/badaso-lms-demo/package/badaso/badaso-lms-theme/node_modules/vue/dist/vue.runtime.common.dev.js:4481:25)
    at new Watcher (/Users/WorkPlace/Desktop/Semester 6/Software Project/badaso-lms-demo/package/badaso/badaso-lms-theme/node_modules/vue/dist/vue.runtime.common.dev.js:4470:12)
    at mountComponent (/Users/WorkPlace/Desktop/Semester 6/Software Project/badaso-lms-demo/package/badaso/badaso-lms-theme/node_modules/vue/dist/vue.runtime.common.dev.js:4076:3)
    at VueComponent.Object.<anonymous>.Vue.$mount (/Users/WorkPlace/Desktop/Semester 6/Software Project/badaso-lms-demo/package/badaso/badaso-lms-theme/node_modules/vue/dist/vue.runtime.common.dev.js:8436:10)
    at mount (/Users/WorkPlace/Desktop/Semester 6/Software Project/badaso-lms-demo/package/badaso/badaso-lms-theme/node_modules/@vue/test-utils/dist/vue-test-utils.js:14057:21)
    at Object.<anonymous> (/Users/WorkPlace/Desktop/Semester 6/Software Project/badaso-lms-demo/package/badaso/badaso-lms-theme/tests/unit/announcement/AnnouncementCard.spec.js:25:25)
    at Promise.then.completed (/Users/WorkPlace/.npm/_npx/16248/lib/node_modules/jest/node_modules/jest-circus/build/utils.js:391:28)
    at new Promise (<anonymous>)
    at callAsyncCircusFn (/Users/WorkPlace/.npm/_npx/16248/lib/node_modules/jest/node_modules/jest-circus/build/utils.js:316:10)
    at _callCircusTest (/Users/WorkPlace/.npm/_npx/16248/lib/node_modules/jest/node_modules/jest-circus/build/run.js:218:40)
    at processTicksAndRejections (internal/process/task_queues.js:93:5)
    at _runTest (/Users/WorkPlace/.npm/_npx/16248/lib/node_modules/jest/node_modules/jest-circus/build/run.js:155:3)
    at _runTestsForDescribeBlock (/Users/WorkPlace/.npm/_npx/16248/lib/node_modules/jest/node_modules/jest-circus/build/run.js:66:9)
    at _runTestsForDescribeBlock (/Users/WorkPlace/.npm/_npx/16248/lib/node_modules/jest/node_modules/jest-circus/build/run.js:60:9)
    at _runTestsForDescribeBlock (/Users/WorkPlace/.npm/_npx/16248/lib/node_modules/jest/node_modules/jest-circus/build/run.js:60:9)
    at _runTestsForDescribeBlock (/Users/WorkPlace/.npm/_npx/16248/lib/node_modules/jest/node_modules/jest-circus/build/run.js:60:9)
    at run (/Users/WorkPlace/.npm/_npx/16248/lib/node_modules/jest/node_modules/jest-circus/build/run.js:25:3)
    at runAndTransformResultsToJestFormat (/Users/WorkPlace/.npm/_npx/16248/lib/node_modules/jest/node_modules/jest-circus/build/legacy-code-todo-rewrite/jestAdapterInit.js:170:21)
    at jestAdapter (/Users/WorkPlace/.npm/_npx/16248/lib/node_modules/jest/node_modules/jest-circus/build/legacy-code-todo-rewrite/jestAdapter.js:82:19)
    at runTestInternal (/Users/WorkPlace/.npm/_npx/16248/lib/node_modules/jest/node_modules/jest-runner/build/runTest.js:389:16)
    at runTest (/Users/WorkPlace/.npm/_npx/16248/lib/node_modules/jest/node_modules/jest-runner/build/runTest.js:475:34)
    at Object.worker (/Users/WorkPlace/.npm/_npx/16248/lib/node_modules/jest/node_modules/jest-runner/build/testWorker.js:133:12)]]></failure>
    </testCase>
    <testCase name="AnnouncementCard when loaded and when comment exist comments should be rendered" duration="614">
      <failure message="TypeError: Cannot read property &apos;slice&apos; of undefined"><![CDATA[TypeError: Cannot read property 'slice' of undefined
    at VueComponent.dateSlicing (/Users/WorkPlace/Desktop/Semester 6/Software Project/badaso-lms-demo/package/badaso/badaso-lms-theme/src/resources/app/components/AnnouncementContent.vue:345:41)
    at VueComponent.data (/Users/WorkPlace/Desktop/Semester 6/Software Project/badaso-lms-demo/package/badaso/badaso-lms-theme/src/resources/app/components/AnnouncementContent.vue:130:30)
    at getData (/Users/WorkPlace/Desktop/Semester 6/Software Project/badaso-lms-demo/package/badaso/badaso-lms-theme/node_modules/vue/dist/vue.runtime.common.dev.js:4745:17)
    at initData (/Users/WorkPlace/Desktop/Semester 6/Software Project/badaso-lms-demo/package/badaso/badaso-lms-theme/node_modules/vue/dist/vue.runtime.common.dev.js:4702:7)
    at initState (/Users/WorkPlace/Desktop/Semester 6/Software Project/badaso-lms-demo/package/badaso/badaso-lms-theme/node_modules/vue/dist/vue.runtime.common.dev.js:4641:5)
    at VueComponent.Vue._init (/Users/WorkPlace/Desktop/Semester 6/Software Project/badaso-lms-demo/package/badaso/badaso-lms-theme/node_modules/vue/dist/vue.runtime.common.dev.js:5001:5)
    at new VueComponent (/Users/WorkPlace/Desktop/Semester 6/Software Project/badaso-lms-demo/package/badaso/badaso-lms-theme/node_modules/vue/dist/vue.runtime.common.dev.js:5148:12)
    at createComponentInstanceForVnode (/Users/WorkPlace/Desktop/Semester 6/Software Project/badaso-lms-demo/package/badaso/badaso-lms-theme/node_modules/vue/dist/vue.runtime.common.dev.js:3298:10)
    at init (/Users/WorkPlace/Desktop/Semester 6/Software Project/badaso-lms-demo/package/badaso/badaso-lms-theme/node_modules/vue/dist/vue.runtime.common.dev.js:3127:45)
    at createComponent (/Users/WorkPlace/Desktop/Semester 6/Software Project/badaso-lms-demo/package/badaso/badaso-lms-theme/node_modules/vue/dist/vue.runtime.common.dev.js:6002:9)
    at createElm (/Users/WorkPlace/Desktop/Semester 6/Software Project/badaso-lms-demo/package/badaso/badaso-lms-theme/node_modules/vue/dist/vue.runtime.common.dev.js:5949:9)
    at createChildren (/Users/WorkPlace/Desktop/Semester 6/Software Project/badaso-lms-demo/package/badaso/badaso-lms-theme/node_modules/vue/dist/vue.runtime.common.dev.js:6077:9)
    at createElm (/Users/WorkPlace/Desktop/Semester 6/Software Project/badaso-lms-demo/package/badaso/badaso-lms-theme/node_modules/vue/dist/vue.runtime.common.dev.js:5978:9)
    at createChildren (/Users/WorkPlace/Desktop/Semester 6/Software Project/badaso-lms-demo/package/badaso/badaso-lms-theme/node_modules/vue/dist/vue.runtime.common.dev.js:6077:9)
    at createElm (/Users/WorkPlace/Desktop/Semester 6/Software Project/badaso-lms-demo/package/badaso/badaso-lms-theme/node_modules/vue/dist/vue.runtime.common.dev.js:5978:9)
    at VueComponent.patch [as __patch__] (/Users/WorkPlace/Desktop/Semester 6/Software Project/badaso-lms-demo/package/badaso/badaso-lms-theme/node_modules/vue/dist/vue.runtime.common.dev.js:6499:7)
    at VueComponent.Vue._update (/Users/WorkPlace/Desktop/Semester 6/Software Project/badaso-lms-demo/package/badaso/badaso-lms-theme/node_modules/vue/dist/vue.runtime.common.dev.js:3948:19)
    at VueComponent.updateComponent (/Users/WorkPlace/Desktop/Semester 6/Software Project/badaso-lms-demo/package/badaso/badaso-lms-theme/node_modules/vue/dist/vue.runtime.common.dev.js:4069:10)
    at Watcher.get (/Users/WorkPlace/Desktop/Semester 6/Software Project/badaso-lms-demo/package/badaso/badaso-lms-theme/node_modules/vue/dist/vue.runtime.common.dev.js:4481:25)
    at new Watcher (/Users/WorkPlace/Desktop/Semester 6/Software Project/badaso-lms-demo/package/badaso/badaso-lms-theme/node_modules/vue/dist/vue.runtime.common.dev.js:4470:12)
    at mountComponent (/Users/WorkPlace/Desktop/Semester 6/Software Project/badaso-lms-demo/package/badaso/badaso-lms-theme/node_modules/vue/dist/vue.runtime.common.dev.js:4076:3)
    at VueComponent.Object.<anonymous>.Vue.$mount (/Users/WorkPlace/Desktop/Semester 6/Software Project/badaso-lms-demo/package/badaso/badaso-lms-theme/node_modules/vue/dist/vue.runtime.common.dev.js:8436:10)
    at init (/Users/WorkPlace/Desktop/Semester 6/Software Project/badaso-lms-demo/package/badaso/badaso-lms-theme/node_modules/vue/dist/vue.runtime.common.dev.js:3131:13)
    at createComponent (/Users/WorkPlace/Desktop/Semester 6/Software Project/badaso-lms-demo/package/badaso/badaso-lms-theme/node_modules/vue/dist/vue.runtime.common.dev.js:6002:9)
    at createElm (/Users/WorkPlace/Desktop/Semester 6/Software Project/badaso-lms-demo/package/badaso/badaso-lms-theme/node_modules/vue/dist/vue.runtime.common.dev.js:5949:9)
    at createChildren (/Users/WorkPlace/Desktop/Semester 6/Software Project/badaso-lms-demo/package/badaso/badaso-lms-theme/node_modules/vue/dist/vue.runtime.common.dev.js:6077:9)
    at createElm (/Users/WorkPlace/Desktop/Semester 6/Software Project/badaso-lms-demo/package/badaso/badaso-lms-theme/node_modules/vue/dist/vue.runtime.common.dev.js:5978:9)
    at VueComponent.patch [as __patch__] (/Users/WorkPlace/Desktop/Semester 6/Software Project/badaso-lms-demo/package/badaso/badaso-lms-theme/node_modules/vue/dist/vue.runtime.common.dev.js:6499:7)
    at VueComponent.Vue._update (/Users/WorkPlace/Desktop/Semester 6/Software Project/badaso-lms-demo/package/badaso/badaso-lms-theme/node_modules/vue/dist/vue.runtime.common.dev.js:3948:19)
    at VueComponent.updateComponent (/Users/WorkPlace/Desktop/Semester 6/Software Project/badaso-lms-demo/package/badaso/badaso-lms-theme/node_modules/vue/dist/vue.runtime.common.dev.js:4069:10)
    at Watcher.get (/Users/WorkPlace/Desktop/Semester 6/Software Project/badaso-lms-demo/package/badaso/badaso-lms-theme/node_modules/vue/dist/vue.runtime.common.dev.js:4481:25)
    at new Watcher (/Users/WorkPlace/Desktop/Semester 6/Software Project/badaso-lms-demo/package/badaso/badaso-lms-theme/node_modules/vue/dist/vue.runtime.common.dev.js:4470:12)
    at mountComponent (/Users/WorkPlace/Desktop/Semester 6/Software Project/badaso-lms-demo/package/badaso/badaso-lms-theme/node_modules/vue/dist/vue.runtime.common.dev.js:4076:3)
    at VueComponent.Object.<anonymous>.Vue.$mount (/Users/WorkPlace/Desktop/Semester 6/Software Project/badaso-lms-demo/package/badaso/badaso-lms-theme/node_modules/vue/dist/vue.runtime.common.dev.js:8436:10)
    at init (/Users/WorkPlace/Desktop/Semester 6/Software Project/badaso-lms-demo/package/badaso/badaso-lms-theme/node_modules/vue/dist/vue.runtime.common.dev.js:3131:13)
    at createComponent (/Users/WorkPlace/Desktop/Semester 6/Software Project/badaso-lms-demo/package/badaso/badaso-lms-theme/node_modules/vue/dist/vue.runtime.common.dev.js:6002:9)
    at createElm (/Users/WorkPlace/Desktop/Semester 6/Software Project/badaso-lms-demo/package/badaso/badaso-lms-theme/node_modules/vue/dist/vue.runtime.common.dev.js:5949:9)
    at VueComponent.patch [as __patch__] (/Users/WorkPlace/Desktop/Semester 6/Software Project/badaso-lms-demo/package/badaso/badaso-lms-theme/node_modules/vue/dist/vue.runtime.common.dev.js:6499:7)
    at VueComponent.Vue._update (/Users/WorkPlace/Desktop/Semester 6/Software Project/badaso-lms-demo/package/badaso/badaso-lms-theme/node_modules/vue/dist/vue.runtime.common.dev.js:3948:19)
    at VueComponent.updateComponent (/Users/WorkPlace/Desktop/Semester 6/Software Project/badaso-lms-demo/package/badaso/badaso-lms-theme/node_modules/vue/dist/vue.runtime.common.dev.js:4069:10)
    at Watcher.get (/Users/WorkPlace/Desktop/Semester 6/Software Project/badaso-lms-demo/package/badaso/badaso-lms-theme/node_modules/vue/dist/vue.runtime.common.dev.js:4481:25)
    at new Watcher (/Users/WorkPlace/Desktop/Semester 6/Software Project/badaso-lms-demo/package/badaso/badaso-lms-theme/node_modules/vue/dist/vue.runtime.common.dev.js:4470:12)
    at mountComponent (/Users/WorkPlace/Desktop/Semester 6/Software Project/badaso-lms-demo/package/badaso/badaso-lms-theme/node_modules/vue/dist/vue.runtime.common.dev.js:4076:3)
    at VueComponent.Object.<anonymous>.Vue.$mount (/Users/WorkPlace/Desktop/Semester 6/Software Project/badaso-lms-demo/package/badaso/badaso-lms-theme/node_modules/vue/dist/vue.runtime.common.dev.js:8436:10)
    at mount (/Users/WorkPlace/Desktop/Semester 6/Software Project/badaso-lms-demo/package/badaso/badaso-lms-theme/node_modules/@vue/test-utils/dist/vue-test-utils.js:14057:21)
    at _callee$ (/Users/WorkPlace/Desktop/Semester 6/Software Project/badaso-lms-demo/package/badaso/badaso-lms-theme/tests/unit/announcement/AnnouncementCard.spec.js:41:25)
    at tryCatch (/Users/WorkPlace/Desktop/Semester 6/Software Project/badaso-lms-demo/package/badaso/badaso-lms-theme/node_modules/regenerator-runtime/runtime.js:63:40)
    at Generator.invoke [as _invoke] (/Users/WorkPlace/Desktop/Semester 6/Software Project/badaso-lms-demo/package/badaso/badaso-lms-theme/node_modules/regenerator-runtime/runtime.js:294:22)
    at Generator.next (/Users/WorkPlace/Desktop/Semester 6/Software Project/badaso-lms-demo/package/badaso/badaso-lms-theme/node_modules/regenerator-runtime/runtime.js:119:21)
    at asyncGeneratorStep (/Users/WorkPlace/Desktop/Semester 6/Software Project/badaso-lms-demo/package/badaso/badaso-lms-theme/node_modules/@babel/runtime/helpers/asyncToGenerator.js:3:24)
    at _next (/Users/WorkPlace/Desktop/Semester 6/Software Project/badaso-lms-demo/package/badaso/badaso-lms-theme/node_modules/@babel/runtime/helpers/asyncToGenerator.js:25:9)
    at /Users/WorkPlace/Desktop/Semester 6/Software Project/badaso-lms-demo/package/badaso/badaso-lms-theme/node_modules/@babel/runtime/helpers/asyncToGenerator.js:32:7
    at new Promise (<anonymous>)
    at Object.<anonymous> (/Users/WorkPlace/Desktop/Semester 6/Software Project/badaso-lms-demo/package/badaso/badaso-lms-theme/node_modules/@babel/runtime/helpers/asyncToGenerator.js:21:12)
    at Promise.then.completed (/Users/WorkPlace/.npm/_npx/16248/lib/node_modules/jest/node_modules/jest-circus/build/utils.js:391:28)
    at new Promise (<anonymous>)
    at callAsyncCircusFn (/Users/WorkPlace/.npm/_npx/16248/lib/node_modules/jest/node_modules/jest-circus/build/utils.js:316:10)
    at _callCircusTest (/Users/WorkPlace/.npm/_npx/16248/lib/node_modules/jest/node_modules/jest-circus/build/run.js:218:40)
    at processTicksAndRejections (internal/process/task_queues.js:93:5)
    at _runTest (/Users/WorkPlace/.npm/_npx/16248/lib/node_modules/jest/node_modules/jest-circus/build/run.js:155:3)
    at _runTestsForDescribeBlock (/Users/WorkPlace/.npm/_npx/16248/lib/node_modules/jest/node_modules/jest-circus/build/run.js:66:9)
    at _runTestsForDescribeBlock (/Users/WorkPlace/.npm/_npx/16248/lib/node_modules/jest/node_modules/jest-circus/build/run.js:60:9)
    at _runTestsForDescribeBlock (/Users/WorkPlace/.npm/_npx/16248/lib/node_modules/jest/node_modules/jest-circus/build/run.js:60:9)
    at _runTestsForDescribeBlock (/Users/WorkPlace/.npm/_npx/16248/lib/node_modules/jest/node_modules/jest-circus/build/run.js:60:9)
    at run (/Users/WorkPlace/.npm/_npx/16248/lib/node_modules/jest/node_modules/jest-circus/build/run.js:25:3)
    at runAndTransformResultsToJestFormat (/Users/WorkPlace/.npm/_npx/16248/lib/node_modules/jest/node_modules/jest-circus/build/legacy-code-todo-rewrite/jestAdapterInit.js:170:21)
    at jestAdapter (/Users/WorkPlace/.npm/_npx/16248/lib/node_modules/jest/node_modules/jest-circus/build/legacy-code-todo-rewrite/jestAdapter.js:82:19)
    at runTestInternal (/Users/WorkPlace/.npm/_npx/16248/lib/node_modules/jest/node_modules/jest-runner/build/runTest.js:389:16)
    at runTest (/Users/WorkPlace/.npm/_npx/16248/lib/node_modules/jest/node_modules/jest-runner/build/runTest.js:475:34)
    at Object.worker (/Users/WorkPlace/.npm/_npx/16248/lib/node_modules/jest/node_modules/jest-runner/build/testWorker.js:133:12)]]></failure>
    </testCase>
  </file>
  <file path="/Users/WorkPlace/Desktop/Semester 6/Software Project/badaso-lms-demo/package/badaso/badaso-lms-theme/tests/unit/Snackbar.spec.js">
    <testCase name="App Layout.vue should contains snackbar component" duration="81"/>
    <testCase name="App Layout.vue should contains snackbar content" duration="27"/>
  </file>
  <file path="/Users/WorkPlace/Desktop/Semester 6/Software Project/badaso-lms-demo/package/badaso/badaso-lms-theme/tests/unit/notAuthenticated.spec.js">
    <testCase name="Not Authenticated Guard when not authenticated should pass" duration="6"/>
    <testCase name="Not Authenticated Guard when authenticated should redirect to homepage" duration="0"/>
  </file>
  <file path="/Users/WorkPlace/Desktop/Semester 6/Software Project/badaso-lms-demo/package/badaso/badaso-lms-theme/tests/unit/course/create.spec.js">
    <testCase name="CreateCourse.vue should render correct forms" duration="609"/>
    <testCase name="CreateCourse.vue when user is not authenticated should redirect to login page" duration="466"/>
    <testCase name="CreateCourse.vue when user is authenticated should not redirect anywhere" duration="316"/>
    <testCase name="CreateCourse.vue when all fields are filled form should be valid" duration="329"/>
    <testCase name="CreateCourse.vue when submitted successfully should redirect to course page" duration="289"/>
    <testCase name="CreateCourse.vue when submission is failed should display snackbar with error message" duration="132"/>
    <testCase name="CreateCourse.vue when cancel button is clicked should redirect to home page" duration="74"/>
  </file>
</testExecutions>