<?xml version="1.0" encoding="UTF-8"?>
<testExecutions version="1">
  <file path="/Users/WorkPlace/Desktop/Semester 6/Software Project/badaso-lms-demo/package/badaso/badaso-lms-theme/tests/unit/announcement/AnnouncementContent.spec.js">
    <testCase name="AnnouncementContent when loaded and when not editing and when announcement belong to current user should renders" duration="254">
      <failure message="TypeError: Cannot read property &apos;slice&apos; of undefined"><![CDATA[TypeError: Cannot read property 'slice' of undefined
    at VueComponent.dateSlicing (/Users/WorkPlace/Desktop/Semester 6/Software Project/badaso-lms-demo/package/badaso/badaso-lms-theme/src/resources/app/components/AnnouncementContent.vue:345:41)
    at VueComponent.data (/Users/WorkPlace/Desktop/Semester 6/Software Project/badaso-lms-demo/package/badaso/badaso-lms-theme/src/resources/app/components/AnnouncementContent.vue:130:30)
    at getData (/Users/WorkPlace/Desktop/Semester 6/Software Project/badaso-lms-demo/package/badaso/badaso-lms-theme/node_modules/vue/dist/vue.runtime.common.dev.js:4745:17)
    at initData (/Users/WorkPlace/Desktop/Semester 6/Software Project/badaso-lms-demo/package/badaso/badaso-lms-theme/node_modules/vue/dist/vue.runtime.common.dev.js:4702:7)
    at initState (/Users/WorkPlace/Desktop/Semester 6/Software Project/badaso-lms-demo/package/badaso/badaso-lms-theme/node_modules/vue/dist/vue.runtime.common.dev.js:4641:5)
    at VueComponent.Vue._init (/Users/WorkPlace/Desktop/Semester 6/Software Project/badaso-lms-demo/package/badaso/badaso-lms-theme/node_modules/vue/dist/vue.runtime.common.dev.js:5001:5)
    at new VueComponent (/Users/WorkPlace/Desktop/Semester 6/Software Project/badaso-lms-demo/package/badaso/badaso-lms-theme/node_modules/vue/dist/vue.runtime.common.dev.js:5148:12)
    at createComponentInstanceForVnode (/Users/WorkPlace/Desktop/Semester 6/Software Project/badaso-lms-demo/package/badaso/badaso-lms-theme/node_modules/vue/dist/vue.runtime.common.dev.js:3298:10)
    at init (/Users/WorkPlace/Desktop/Semester 6/Software Project/badaso-lms-demo/package/badaso/badaso-lms-theme/node_modules/vue/dist/vue.runtime.common.dev.js:3127:45)
    at createComponent (/Users/WorkPlace/Desktop/Semester 6/Software Project/badaso-lms-demo/package/badaso/badaso-lms-theme/node_modules/vue/dist/vue.runtime.common.dev.js:6002:9)
    at createElm (/Users/WorkPlace/Desktop/Semester 6/Software Project/badaso-lms-demo/package/badaso/badaso-lms-theme/node_modules/vue/dist/vue.runtime.common.dev.js:5949:9)
    at VueComponent.patch [as __patch__] (/Users/WorkPlace/Desktop/Semester 6/Software Project/badaso-lms-demo/package/badaso/badaso-lms-theme/node_modules/vue/dist/vue.runtime.common.dev.js:6499:7)
    at VueComponent.Vue._update (/Users/WorkPlace/Desktop/Semester 6/Software Project/badaso-lms-demo/package/badaso/badaso-lms-theme/node_modules/vue/dist/vue.runtime.common.dev.js:3948:19)
    at VueComponent.updateComponent (/Users/WorkPlace/Desktop/Semester 6/Software Project/badaso-lms-demo/package/badaso/badaso-lms-theme/node_modules/vue/dist/vue.runtime.common.dev.js:4069:10)
    at Watcher.get (/Users/WorkPlace/Desktop/Semester 6/Software Project/badaso-lms-demo/package/badaso/badaso-lms-theme/node_modules/vue/dist/vue.runtime.common.dev.js:4481:25)
    at new Watcher (/Users/WorkPlace/Desktop/Semester 6/Software Project/badaso-lms-demo/package/badaso/badaso-lms-theme/node_modules/vue/dist/vue.runtime.common.dev.js:4470:12)
    at mountComponent (/Users/WorkPlace/Desktop/Semester 6/Software Project/badaso-lms-demo/package/badaso/badaso-lms-theme/node_modules/vue/dist/vue.runtime.common.dev.js:4076:3)
    at VueComponent.Object.<anonymous>.Vue.$mount (/Users/WorkPlace/Desktop/Semester 6/Software Project/badaso-lms-demo/package/badaso/badaso-lms-theme/node_modules/vue/dist/vue.runtime.common.dev.js:8436:10)
    at mount (/Users/WorkPlace/Desktop/Semester 6/Software Project/badaso-lms-demo/package/badaso/badaso-lms-theme/node_modules/@vue/test-utils/dist/vue-test-utils.js:14057:21)
    at _callee$ (/Users/WorkPlace/Desktop/Semester 6/Software Project/badaso-lms-demo/package/badaso/badaso-lms-theme/tests/unit/announcement/AnnouncementContent.spec.js:26:27)
    at tryCatch (/Users/WorkPlace/Desktop/Semester 6/Software Project/badaso-lms-demo/package/badaso/badaso-lms-theme/node_modules/regenerator-runtime/runtime.js:63:40)
    at Generator.invoke [as _invoke] (/Users/WorkPlace/Desktop/Semester 6/Software Project/badaso-lms-demo/package/badaso/badaso-lms-theme/node_modules/regenerator-runtime/runtime.js:294:22)
    at Generator.next (/Users/WorkPlace/Desktop/Semester 6/Software Project/badaso-lms-demo/package/badaso/badaso-lms-theme/node_modules/regenerator-runtime/runtime.js:119:21)
    at asyncGeneratorStep (/Users/WorkPlace/Desktop/Semester 6/Software Project/badaso-lms-demo/package/badaso/badaso-lms-theme/node_modules/@babel/runtime/helpers/asyncToGenerator.js:3:24)
    at _next (/Users/WorkPlace/Desktop/Semester 6/Software Project/badaso-lms-demo/package/badaso/badaso-lms-theme/node_modules/@babel/runtime/helpers/asyncToGenerator.js:25:9)
    at /Users/WorkPlace/Desktop/Semester 6/Software Project/badaso-lms-demo/package/badaso/badaso-lms-theme/node_modules/@babel/runtime/helpers/asyncToGenerator.js:32:7
    at new Promise (<anonymous>)
    at Object.<anonymous> (/Users/WorkPlace/Desktop/Semester 6/Software Project/badaso-lms-demo/package/badaso/badaso-lms-theme/node_modules/@babel/runtime/helpers/asyncToGenerator.js:21:12)
    at Promise.then.completed (/Users/WorkPlace/.npm/_npx/16018/lib/node_modules/jest/node_modules/jest-circus/build/utils.js:391:28)
    at new Promise (<anonymous>)
    at callAsyncCircusFn (/Users/WorkPlace/.npm/_npx/16018/lib/node_modules/jest/node_modules/jest-circus/build/utils.js:316:10)
    at _callCircusTest (/Users/WorkPlace/.npm/_npx/16018/lib/node_modules/jest/node_modules/jest-circus/build/run.js:218:40)
    at processTicksAndRejections (internal/process/task_queues.js:93:5)
    at _runTest (/Users/WorkPlace/.npm/_npx/16018/lib/node_modules/jest/node_modules/jest-circus/build/run.js:155:3)
    at _runTestsForDescribeBlock (/Users/WorkPlace/.npm/_npx/16018/lib/node_modules/jest/node_modules/jest-circus/build/run.js:66:9)
    at _runTestsForDescribeBlock (/Users/WorkPlace/.npm/_npx/16018/lib/node_modules/jest/node_modules/jest-circus/build/run.js:60:9)
    at _runTestsForDescribeBlock (/Users/WorkPlace/.npm/_npx/16018/lib/node_modules/jest/node_modules/jest-circus/build/run.js:60:9)
    at _runTestsForDescribeBlock (/Users/WorkPlace/.npm/_npx/16018/lib/node_modules/jest/node_modules/jest-circus/build/run.js:60:9)
    at _runTestsForDescribeBlock (/Users/WorkPlace/.npm/_npx/16018/lib/node_modules/jest/node_modules/jest-circus/build/run.js:60:9)
    at run (/Users/WorkPlace/.npm/_npx/16018/lib/node_modules/jest/node_modules/jest-circus/build/run.js:25:3)
    at runAndTransformResultsToJestFormat (/Users/WorkPlace/.npm/_npx/16018/lib/node_modules/jest/node_modules/jest-circus/build/legacy-code-todo-rewrite/jestAdapterInit.js:170:21)
    at jestAdapter (/Users/WorkPlace/.npm/_npx/16018/lib/node_modules/jest/node_modules/jest-circus/build/legacy-code-todo-rewrite/jestAdapter.js:82:19)
    at runTestInternal (/Users/WorkPlace/.npm/_npx/16018/lib/node_modules/jest/node_modules/jest-runner/build/runTest.js:389:16)
    at runTest (/Users/WorkPlace/.npm/_npx/16018/lib/node_modules/jest/node_modules/jest-runner/build/runTest.js:475:34)
    at TestRunner.runTests (/Users/WorkPlace/.npm/_npx/16018/lib/node_modules/jest/node_modules/jest-runner/build/index.js:101:12)
    at TestScheduler.scheduleTests (/Users/WorkPlace/.npm/_npx/16018/lib/node_modules/jest/node_modules/@jest/core/build/TestScheduler.js:333:13)
    at runJest (/Users/WorkPlace/.npm/_npx/16018/lib/node_modules/jest/node_modules/@jest/core/build/runJest.js:404:19)
    at _run10000 (/Users/WorkPlace/.npm/_npx/16018/lib/node_modules/jest/node_modules/@jest/core/build/cli/index.js:320:7)
    at runCLI (/Users/WorkPlace/.npm/_npx/16018/lib/node_modules/jest/node_modules/@jest/core/build/cli/index.js:173:3)
    at Object.run (/Users/WorkPlace/.npm/_npx/16018/lib/node_modules/jest/node_modules/jest-cli/build/cli/index.js:155:37)]]></failure>
    </testCase>
    <testCase name="AnnouncementContent when loaded and when not editing and when announcement is not belong to current user should renders" duration="105">
      <failure message="TypeError: Cannot read property &apos;slice&apos; of undefined"><![CDATA[TypeError: Cannot read property 'slice' of undefined
    at VueComponent.dateSlicing (/Users/WorkPlace/Desktop/Semester 6/Software Project/badaso-lms-demo/package/badaso/badaso-lms-theme/src/resources/app/components/AnnouncementContent.vue:345:41)
    at VueComponent.data (/Users/WorkPlace/Desktop/Semester 6/Software Project/badaso-lms-demo/package/badaso/badaso-lms-theme/src/resources/app/components/AnnouncementContent.vue:130:30)
    at getData (/Users/WorkPlace/Desktop/Semester 6/Software Project/badaso-lms-demo/package/badaso/badaso-lms-theme/node_modules/vue/dist/vue.runtime.common.dev.js:4745:17)
    at initData (/Users/WorkPlace/Desktop/Semester 6/Software Project/badaso-lms-demo/package/badaso/badaso-lms-theme/node_modules/vue/dist/vue.runtime.common.dev.js:4702:7)
    at initState (/Users/WorkPlace/Desktop/Semester 6/Software Project/badaso-lms-demo/package/badaso/badaso-lms-theme/node_modules/vue/dist/vue.runtime.common.dev.js:4641:5)
    at VueComponent.Vue._init (/Users/WorkPlace/Desktop/Semester 6/Software Project/badaso-lms-demo/package/badaso/badaso-lms-theme/node_modules/vue/dist/vue.runtime.common.dev.js:5001:5)
    at new VueComponent (/Users/WorkPlace/Desktop/Semester 6/Software Project/badaso-lms-demo/package/badaso/badaso-lms-theme/node_modules/vue/dist/vue.runtime.common.dev.js:5148:12)
    at createComponentInstanceForVnode (/Users/WorkPlace/Desktop/Semester 6/Software Project/badaso-lms-demo/package/badaso/badaso-lms-theme/node_modules/vue/dist/vue.runtime.common.dev.js:3298:10)
    at init (/Users/WorkPlace/Desktop/Semester 6/Software Project/badaso-lms-demo/package/badaso/badaso-lms-theme/node_modules/vue/dist/vue.runtime.common.dev.js:3127:45)
    at createComponent (/Users/WorkPlace/Desktop/Semester 6/Software Project/badaso-lms-demo/package/badaso/badaso-lms-theme/node_modules/vue/dist/vue.runtime.common.dev.js:6002:9)
    at createElm (/Users/WorkPlace/Desktop/Semester 6/Software Project/badaso-lms-demo/package/badaso/badaso-lms-theme/node_modules/vue/dist/vue.runtime.common.dev.js:5949:9)
    at VueComponent.patch [as __patch__] (/Users/WorkPlace/Desktop/Semester 6/Software Project/badaso-lms-demo/package/badaso/badaso-lms-theme/node_modules/vue/dist/vue.runtime.common.dev.js:6499:7)
    at VueComponent.Vue._update (/Users/WorkPlace/Desktop/Semester 6/Software Project/badaso-lms-demo/package/badaso/badaso-lms-theme/node_modules/vue/dist/vue.runtime.common.dev.js:3948:19)
    at VueComponent.updateComponent (/Users/WorkPlace/Desktop/Semester 6/Software Project/badaso-lms-demo/package/badaso/badaso-lms-theme/node_modules/vue/dist/vue.runtime.common.dev.js:4069:10)
    at Watcher.get (/Users/WorkPlace/Desktop/Semester 6/Software Project/badaso-lms-demo/package/badaso/badaso-lms-theme/node_modules/vue/dist/vue.runtime.common.dev.js:4481:25)
    at new Watcher (/Users/WorkPlace/Desktop/Semester 6/Software Project/badaso-lms-demo/package/badaso/badaso-lms-theme/node_modules/vue/dist/vue.runtime.common.dev.js:4470:12)
    at mountComponent (/Users/WorkPlace/Desktop/Semester 6/Software Project/badaso-lms-demo/package/badaso/badaso-lms-theme/node_modules/vue/dist/vue.runtime.common.dev.js:4076:3)
    at VueComponent.Object.<anonymous>.Vue.$mount (/Users/WorkPlace/Desktop/Semester 6/Software Project/badaso-lms-demo/package/badaso/badaso-lms-theme/node_modules/vue/dist/vue.runtime.common.dev.js:8436:10)
    at mount (/Users/WorkPlace/Desktop/Semester 6/Software Project/badaso-lms-demo/package/badaso/badaso-lms-theme/node_modules/@vue/test-utils/dist/vue-test-utils.js:14057:21)
    at Object.<anonymous> (/Users/WorkPlace/Desktop/Semester 6/Software Project/badaso-lms-demo/package/badaso/badaso-lms-theme/tests/unit/announcement/AnnouncementContent.spec.js:59:27)
    at Promise.then.completed (/Users/WorkPlace/.npm/_npx/16018/lib/node_modules/jest/node_modules/jest-circus/build/utils.js:391:28)
    at new Promise (<anonymous>)
    at callAsyncCircusFn (/Users/WorkPlace/.npm/_npx/16018/lib/node_modules/jest/node_modules/jest-circus/build/utils.js:316:10)
    at _callCircusTest (/Users/WorkPlace/.npm/_npx/16018/lib/node_modules/jest/node_modules/jest-circus/build/run.js:218:40)
    at processTicksAndRejections (internal/process/task_queues.js:93:5)
    at _runTest (/Users/WorkPlace/.npm/_npx/16018/lib/node_modules/jest/node_modules/jest-circus/build/run.js:155:3)
    at _runTestsForDescribeBlock (/Users/WorkPlace/.npm/_npx/16018/lib/node_modules/jest/node_modules/jest-circus/build/run.js:66:9)
    at _runTestsForDescribeBlock (/Users/WorkPlace/.npm/_npx/16018/lib/node_modules/jest/node_modules/jest-circus/build/run.js:60:9)
    at _runTestsForDescribeBlock (/Users/WorkPlace/.npm/_npx/16018/lib/node_modules/jest/node_modules/jest-circus/build/run.js:60:9)
    at _runTestsForDescribeBlock (/Users/WorkPlace/.npm/_npx/16018/lib/node_modules/jest/node_modules/jest-circus/build/run.js:60:9)
    at _runTestsForDescribeBlock (/Users/WorkPlace/.npm/_npx/16018/lib/node_modules/jest/node_modules/jest-circus/build/run.js:60:9)
    at run (/Users/WorkPlace/.npm/_npx/16018/lib/node_modules/jest/node_modules/jest-circus/build/run.js:25:3)
    at runAndTransformResultsToJestFormat (/Users/WorkPlace/.npm/_npx/16018/lib/node_modules/jest/node_modules/jest-circus/build/legacy-code-todo-rewrite/jestAdapterInit.js:170:21)
    at jestAdapter (/Users/WorkPlace/.npm/_npx/16018/lib/node_modules/jest/node_modules/jest-circus/build/legacy-code-todo-rewrite/jestAdapter.js:82:19)
    at runTestInternal (/Users/WorkPlace/.npm/_npx/16018/lib/node_modules/jest/node_modules/jest-runner/build/runTest.js:389:16)
    at runTest (/Users/WorkPlace/.npm/_npx/16018/lib/node_modules/jest/node_modules/jest-runner/build/runTest.js:475:34)
    at TestRunner.runTests (/Users/WorkPlace/.npm/_npx/16018/lib/node_modules/jest/node_modules/jest-runner/build/index.js:101:12)
    at TestScheduler.scheduleTests (/Users/WorkPlace/.npm/_npx/16018/lib/node_modules/jest/node_modules/@jest/core/build/TestScheduler.js:333:13)
    at runJest (/Users/WorkPlace/.npm/_npx/16018/lib/node_modules/jest/node_modules/@jest/core/build/runJest.js:404:19)
    at _run10000 (/Users/WorkPlace/.npm/_npx/16018/lib/node_modules/jest/node_modules/@jest/core/build/cli/index.js:320:7)
    at runCLI (/Users/WorkPlace/.npm/_npx/16018/lib/node_modules/jest/node_modules/@jest/core/build/cli/index.js:173:3)
    at Object.run (/Users/WorkPlace/.npm/_npx/16018/lib/node_modules/jest/node_modules/jest-cli/build/cli/index.js:155:37)]]></failure>
    </testCase>
    <testCase name="AnnouncementContent when loaded and when editing announcement should renders" duration="108">
      <failure message="TypeError: Cannot read property &apos;slice&apos; of undefined"><![CDATA[TypeError: Cannot read property 'slice' of undefined
    at VueComponent.dateSlicing (/Users/WorkPlace/Desktop/Semester 6/Software Project/badaso-lms-demo/package/badaso/badaso-lms-theme/src/resources/app/components/AnnouncementContent.vue:345:41)
    at VueComponent.data (/Users/WorkPlace/Desktop/Semester 6/Software Project/badaso-lms-demo/package/badaso/badaso-lms-theme/src/resources/app/components/AnnouncementContent.vue:130:30)
    at getData (/Users/WorkPlace/Desktop/Semester 6/Software Project/badaso-lms-demo/package/badaso/badaso-lms-theme/node_modules/vue/dist/vue.runtime.common.dev.js:4745:17)
    at initData (/Users/WorkPlace/Desktop/Semester 6/Software Project/badaso-lms-demo/package/badaso/badaso-lms-theme/node_modules/vue/dist/vue.runtime.common.dev.js:4702:7)
    at initState (/Users/WorkPlace/Desktop/Semester 6/Software Project/badaso-lms-demo/package/badaso/badaso-lms-theme/node_modules/vue/dist/vue.runtime.common.dev.js:4641:5)
    at VueComponent.Vue._init (/Users/WorkPlace/Desktop/Semester 6/Software Project/badaso-lms-demo/package/badaso/badaso-lms-theme/node_modules/vue/dist/vue.runtime.common.dev.js:5001:5)
    at new VueComponent (/Users/WorkPlace/Desktop/Semester 6/Software Project/badaso-lms-demo/package/badaso/badaso-lms-theme/node_modules/vue/dist/vue.runtime.common.dev.js:5148:12)
    at createComponentInstanceForVnode (/Users/WorkPlace/Desktop/Semester 6/Software Project/badaso-lms-demo/package/badaso/badaso-lms-theme/node_modules/vue/dist/vue.runtime.common.dev.js:3298:10)
    at init (/Users/WorkPlace/Desktop/Semester 6/Software Project/badaso-lms-demo/package/badaso/badaso-lms-theme/node_modules/vue/dist/vue.runtime.common.dev.js:3127:45)
    at createComponent (/Users/WorkPlace/Desktop/Semester 6/Software Project/badaso-lms-demo/package/badaso/badaso-lms-theme/node_modules/vue/dist/vue.runtime.common.dev.js:6002:9)
    at createElm (/Users/WorkPlace/Desktop/Semester 6/Software Project/badaso-lms-demo/package/badaso/badaso-lms-theme/node_modules/vue/dist/vue.runtime.common.dev.js:5949:9)
    at VueComponent.patch [as __patch__] (/Users/WorkPlace/Desktop/Semester 6/Software Project/badaso-lms-demo/package/badaso/badaso-lms-theme/node_modules/vue/dist/vue.runtime.common.dev.js:6499:7)
    at VueComponent.Vue._update (/Users/WorkPlace/Desktop/Semester 6/Software Project/badaso-lms-demo/package/badaso/badaso-lms-theme/node_modules/vue/dist/vue.runtime.common.dev.js:3948:19)
    at VueComponent.updateComponent (/Users/WorkPlace/Desktop/Semester 6/Software Project/badaso-lms-demo/package/badaso/badaso-lms-theme/node_modules/vue/dist/vue.runtime.common.dev.js:4069:10)
    at Watcher.get (/Users/WorkPlace/Desktop/Semester 6/Software Project/badaso-lms-demo/package/badaso/badaso-lms-theme/node_modules/vue/dist/vue.runtime.common.dev.js:4481:25)
    at new Watcher (/Users/WorkPlace/Desktop/Semester 6/Software Project/badaso-lms-demo/package/badaso/badaso-lms-theme/node_modules/vue/dist/vue.runtime.common.dev.js:4470:12)
    at mountComponent (/Users/WorkPlace/Desktop/Semester 6/Software Project/badaso-lms-demo/package/badaso/badaso-lms-theme/node_modules/vue/dist/vue.runtime.common.dev.js:4076:3)
    at VueComponent.Object.<anonymous>.Vue.$mount (/Users/WorkPlace/Desktop/Semester 6/Software Project/badaso-lms-demo/package/badaso/badaso-lms-theme/node_modules/vue/dist/vue.runtime.common.dev.js:8436:10)
    at mount (/Users/WorkPlace/Desktop/Semester 6/Software Project/badaso-lms-demo/package/badaso/badaso-lms-theme/node_modules/@vue/test-utils/dist/vue-test-utils.js:14057:21)
    at _callee2$ (/Users/WorkPlace/Desktop/Semester 6/Software Project/badaso-lms-demo/package/badaso/badaso-lms-theme/tests/unit/announcement/AnnouncementContent.spec.js:73:31)
    at tryCatch (/Users/WorkPlace/Desktop/Semester 6/Software Project/badaso-lms-demo/package/badaso/badaso-lms-theme/node_modules/regenerator-runtime/runtime.js:63:40)
    at Generator.invoke [as _invoke] (/Users/WorkPlace/Desktop/Semester 6/Software Project/badaso-lms-demo/package/badaso/badaso-lms-theme/node_modules/regenerator-runtime/runtime.js:294:22)
    at Generator.next (/Users/WorkPlace/Desktop/Semester 6/Software Project/badaso-lms-demo/package/badaso/badaso-lms-theme/node_modules/regenerator-runtime/runtime.js:119:21)
    at asyncGeneratorStep (/Users/WorkPlace/Desktop/Semester 6/Software Project/badaso-lms-demo/package/badaso/badaso-lms-theme/node_modules/@babel/runtime/helpers/asyncToGenerator.js:3:24)
    at _next (/Users/WorkPlace/Desktop/Semester 6/Software Project/badaso-lms-demo/package/badaso/badaso-lms-theme/node_modules/@babel/runtime/helpers/asyncToGenerator.js:25:9)
    at /Users/WorkPlace/Desktop/Semester 6/Software Project/badaso-lms-demo/package/badaso/badaso-lms-theme/node_modules/@babel/runtime/helpers/asyncToGenerator.js:32:7
    at new Promise (<anonymous>)
    at Object.<anonymous> (/Users/WorkPlace/Desktop/Semester 6/Software Project/badaso-lms-demo/package/badaso/badaso-lms-theme/node_modules/@babel/runtime/helpers/asyncToGenerator.js:21:12)
    at Promise.then.completed (/Users/WorkPlace/.npm/_npx/16018/lib/node_modules/jest/node_modules/jest-circus/build/utils.js:391:28)
    at new Promise (<anonymous>)
    at callAsyncCircusFn (/Users/WorkPlace/.npm/_npx/16018/lib/node_modules/jest/node_modules/jest-circus/build/utils.js:316:10)
    at _callCircusTest (/Users/WorkPlace/.npm/_npx/16018/lib/node_modules/jest/node_modules/jest-circus/build/run.js:218:40)
    at processTicksAndRejections (internal/process/task_queues.js:93:5)
    at _runTest (/Users/WorkPlace/.npm/_npx/16018/lib/node_modules/jest/node_modules/jest-circus/build/run.js:155:3)
    at _runTestsForDescribeBlock (/Users/WorkPlace/.npm/_npx/16018/lib/node_modules/jest/node_modules/jest-circus/build/run.js:66:9)
    at _runTestsForDescribeBlock (/Users/WorkPlace/.npm/_npx/16018/lib/node_modules/jest/node_modules/jest-circus/build/run.js:60:9)
    at _runTestsForDescribeBlock (/Users/WorkPlace/.npm/_npx/16018/lib/node_modules/jest/node_modules/jest-circus/build/run.js:60:9)
    at _runTestsForDescribeBlock (/Users/WorkPlace/.npm/_npx/16018/lib/node_modules/jest/node_modules/jest-circus/build/run.js:60:9)
    at run (/Users/WorkPlace/.npm/_npx/16018/lib/node_modules/jest/node_modules/jest-circus/build/run.js:25:3)
    at runAndTransformResultsToJestFormat (/Users/WorkPlace/.npm/_npx/16018/lib/node_modules/jest/node_modules/jest-circus/build/legacy-code-todo-rewrite/jestAdapterInit.js:170:21)
    at jestAdapter (/Users/WorkPlace/.npm/_npx/16018/lib/node_modules/jest/node_modules/jest-circus/build/legacy-code-todo-rewrite/jestAdapter.js:82:19)
    at runTestInternal (/Users/WorkPlace/.npm/_npx/16018/lib/node_modules/jest/node_modules/jest-runner/build/runTest.js:389:16)
    at runTest (/Users/WorkPlace/.npm/_npx/16018/lib/node_modules/jest/node_modules/jest-runner/build/runTest.js:475:34)
    at TestRunner.runTests (/Users/WorkPlace/.npm/_npx/16018/lib/node_modules/jest/node_modules/jest-runner/build/index.js:101:12)
    at TestScheduler.scheduleTests (/Users/WorkPlace/.npm/_npx/16018/lib/node_modules/jest/node_modules/@jest/core/build/TestScheduler.js:333:13)
    at runJest (/Users/WorkPlace/.npm/_npx/16018/lib/node_modules/jest/node_modules/@jest/core/build/runJest.js:404:19)
    at _run10000 (/Users/WorkPlace/.npm/_npx/16018/lib/node_modules/jest/node_modules/@jest/core/build/cli/index.js:320:7)
    at runCLI (/Users/WorkPlace/.npm/_npx/16018/lib/node_modules/jest/node_modules/@jest/core/build/cli/index.js:173:3)
    at Object.run (/Users/WorkPlace/.npm/_npx/16018/lib/node_modules/jest/node_modules/jest-cli/build/cli/index.js:155:37)]]></failure>
    </testCase>
    <testCase name="AnnouncementContent when loaded and when editing comment should renders" duration="106">
      <failure message="TypeError: Cannot read property &apos;slice&apos; of undefined"><![CDATA[TypeError: Cannot read property 'slice' of undefined
    at VueComponent.dateSlicing (/Users/WorkPlace/Desktop/Semester 6/Software Project/badaso-lms-demo/package/badaso/badaso-lms-theme/src/resources/app/components/AnnouncementContent.vue:345:41)
    at VueComponent.data (/Users/WorkPlace/Desktop/Semester 6/Software Project/badaso-lms-demo/package/badaso/badaso-lms-theme/src/resources/app/components/AnnouncementContent.vue:130:30)
    at getData (/Users/WorkPlace/Desktop/Semester 6/Software Project/badaso-lms-demo/package/badaso/badaso-lms-theme/node_modules/vue/dist/vue.runtime.common.dev.js:4745:17)
    at initData (/Users/WorkPlace/Desktop/Semester 6/Software Project/badaso-lms-demo/package/badaso/badaso-lms-theme/node_modules/vue/dist/vue.runtime.common.dev.js:4702:7)
    at initState (/Users/WorkPlace/Desktop/Semester 6/Software Project/badaso-lms-demo/package/badaso/badaso-lms-theme/node_modules/vue/dist/vue.runtime.common.dev.js:4641:5)
    at VueComponent.Vue._init (/Users/WorkPlace/Desktop/Semester 6/Software Project/badaso-lms-demo/package/badaso/badaso-lms-theme/node_modules/vue/dist/vue.runtime.common.dev.js:5001:5)
    at new VueComponent (/Users/WorkPlace/Desktop/Semester 6/Software Project/badaso-lms-demo/package/badaso/badaso-lms-theme/node_modules/vue/dist/vue.runtime.common.dev.js:5148:12)
    at createComponentInstanceForVnode (/Users/WorkPlace/Desktop/Semester 6/Software Project/badaso-lms-demo/package/badaso/badaso-lms-theme/node_modules/vue/dist/vue.runtime.common.dev.js:3298:10)
    at init (/Users/WorkPlace/Desktop/Semester 6/Software Project/badaso-lms-demo/package/badaso/badaso-lms-theme/node_modules/vue/dist/vue.runtime.common.dev.js:3127:45)
    at createComponent (/Users/WorkPlace/Desktop/Semester 6/Software Project/badaso-lms-demo/package/badaso/badaso-lms-theme/node_modules/vue/dist/vue.runtime.common.dev.js:6002:9)
    at createElm (/Users/WorkPlace/Desktop/Semester 6/Software Project/badaso-lms-demo/package/badaso/badaso-lms-theme/node_modules/vue/dist/vue.runtime.common.dev.js:5949:9)
    at VueComponent.patch [as __patch__] (/Users/WorkPlace/Desktop/Semester 6/Software Project/badaso-lms-demo/package/badaso/badaso-lms-theme/node_modules/vue/dist/vue.runtime.common.dev.js:6499:7)
    at VueComponent.Vue._update (/Users/WorkPlace/Desktop/Semester 6/Software Project/badaso-lms-demo/package/badaso/badaso-lms-theme/node_modules/vue/dist/vue.runtime.common.dev.js:3948:19)
    at VueComponent.updateComponent (/Users/WorkPlace/Desktop/Semester 6/Software Project/badaso-lms-demo/package/badaso/badaso-lms-theme/node_modules/vue/dist/vue.runtime.common.dev.js:4069:10)
    at Watcher.get (/Users/WorkPlace/Desktop/Semester 6/Software Project/badaso-lms-demo/package/badaso/badaso-lms-theme/node_modules/vue/dist/vue.runtime.common.dev.js:4481:25)
    at new Watcher (/Users/WorkPlace/Desktop/Semester 6/Software Project/badaso-lms-demo/package/badaso/badaso-lms-theme/node_modules/vue/dist/vue.runtime.common.dev.js:4470:12)
    at mountComponent (/Users/WorkPlace/Desktop/Semester 6/Software Project/badaso-lms-demo/package/badaso/badaso-lms-theme/node_modules/vue/dist/vue.runtime.common.dev.js:4076:3)
    at VueComponent.Object.<anonymous>.Vue.$mount (/Users/WorkPlace/Desktop/Semester 6/Software Project/badaso-lms-demo/package/badaso/badaso-lms-theme/node_modules/vue/dist/vue.runtime.common.dev.js:8436:10)
    at mount (/Users/WorkPlace/Desktop/Semester 6/Software Project/badaso-lms-demo/package/badaso/badaso-lms-theme/node_modules/@vue/test-utils/dist/vue-test-utils.js:14057:21)
    at _callee3$ (/Users/WorkPlace/Desktop/Semester 6/Software Project/badaso-lms-demo/package/badaso/badaso-lms-theme/tests/unit/announcement/AnnouncementContent.spec.js:91:31)
    at tryCatch (/Users/WorkPlace/Desktop/Semester 6/Software Project/badaso-lms-demo/package/badaso/badaso-lms-theme/node_modules/regenerator-runtime/runtime.js:63:40)
    at Generator.invoke [as _invoke] (/Users/WorkPlace/Desktop/Semester 6/Software Project/badaso-lms-demo/package/badaso/badaso-lms-theme/node_modules/regenerator-runtime/runtime.js:294:22)
    at Generator.next (/Users/WorkPlace/Desktop/Semester 6/Software Project/badaso-lms-demo/package/badaso/badaso-lms-theme/node_modules/regenerator-runtime/runtime.js:119:21)
    at asyncGeneratorStep (/Users/WorkPlace/Desktop/Semester 6/Software Project/badaso-lms-demo/package/badaso/badaso-lms-theme/node_modules/@babel/runtime/helpers/asyncToGenerator.js:3:24)
    at _next (/Users/WorkPlace/Desktop/Semester 6/Software Project/badaso-lms-demo/package/badaso/badaso-lms-theme/node_modules/@babel/runtime/helpers/asyncToGenerator.js:25:9)
    at /Users/WorkPlace/Desktop/Semester 6/Software Project/badaso-lms-demo/package/badaso/badaso-lms-theme/node_modules/@babel/runtime/helpers/asyncToGenerator.js:32:7
    at new Promise (<anonymous>)
    at Object.<anonymous> (/Users/WorkPlace/Desktop/Semester 6/Software Project/badaso-lms-demo/package/badaso/badaso-lms-theme/node_modules/@babel/runtime/helpers/asyncToGenerator.js:21:12)
    at Promise.then.completed (/Users/WorkPlace/.npm/_npx/16018/lib/node_modules/jest/node_modules/jest-circus/build/utils.js:391:28)
    at new Promise (<anonymous>)
    at callAsyncCircusFn (/Users/WorkPlace/.npm/_npx/16018/lib/node_modules/jest/node_modules/jest-circus/build/utils.js:316:10)
    at _callCircusTest (/Users/WorkPlace/.npm/_npx/16018/lib/node_modules/jest/node_modules/jest-circus/build/run.js:218:40)
    at processTicksAndRejections (internal/process/task_queues.js:93:5)
    at _runTest (/Users/WorkPlace/.npm/_npx/16018/lib/node_modules/jest/node_modules/jest-circus/build/run.js:155:3)
    at _runTestsForDescribeBlock (/Users/WorkPlace/.npm/_npx/16018/lib/node_modules/jest/node_modules/jest-circus/build/run.js:66:9)
    at _runTestsForDescribeBlock (/Users/WorkPlace/.npm/_npx/16018/lib/node_modules/jest/node_modules/jest-circus/build/run.js:60:9)
    at _runTestsForDescribeBlock (/Users/WorkPlace/.npm/_npx/16018/lib/node_modules/jest/node_modules/jest-circus/build/run.js:60:9)
    at _runTestsForDescribeBlock (/Users/WorkPlace/.npm/_npx/16018/lib/node_modules/jest/node_modules/jest-circus/build/run.js:60:9)
    at run (/Users/WorkPlace/.npm/_npx/16018/lib/node_modules/jest/node_modules/jest-circus/build/run.js:25:3)
    at runAndTransformResultsToJestFormat (/Users/WorkPlace/.npm/_npx/16018/lib/node_modules/jest/node_modules/jest-circus/build/legacy-code-todo-rewrite/jestAdapterInit.js:170:21)
    at jestAdapter (/Users/WorkPlace/.npm/_npx/16018/lib/node_modules/jest/node_modules/jest-circus/build/legacy-code-todo-rewrite/jestAdapter.js:82:19)
    at runTestInternal (/Users/WorkPlace/.npm/_npx/16018/lib/node_modules/jest/node_modules/jest-runner/build/runTest.js:389:16)
    at runTest (/Users/WorkPlace/.npm/_npx/16018/lib/node_modules/jest/node_modules/jest-runner/build/runTest.js:475:34)
    at TestRunner.runTests (/Users/WorkPlace/.npm/_npx/16018/lib/node_modules/jest/node_modules/jest-runner/build/index.js:101:12)
    at TestScheduler.scheduleTests (/Users/WorkPlace/.npm/_npx/16018/lib/node_modules/jest/node_modules/@jest/core/build/TestScheduler.js:333:13)
    at runJest (/Users/WorkPlace/.npm/_npx/16018/lib/node_modules/jest/node_modules/@jest/core/build/runJest.js:404:19)
    at _run10000 (/Users/WorkPlace/.npm/_npx/16018/lib/node_modules/jest/node_modules/@jest/core/build/cli/index.js:320:7)
    at runCLI (/Users/WorkPlace/.npm/_npx/16018/lib/node_modules/jest/node_modules/@jest/core/build/cli/index.js:173:3)
    at Object.run (/Users/WorkPlace/.npm/_npx/16018/lib/node_modules/jest/node_modules/jest-cli/build/cli/index.js:155:37)]]></failure>
    </testCase>
  </file>
</testExecutions>