<?xml version="1.0" encoding="UTF-8"?>
<testExecutions version="1">
  <file path="/Users/WorkPlace/Desktop/Semester 6/Software Project/badaso-lms-demo/package/badaso/badaso-lms-theme/tests/unit/404.spec.js">
    <testCase name="JoinCoursePage when loaded should renders" duration="91"/>
  </file>
</testExecutions>