<?xml version="1.0" encoding="UTF-8"?>
<testExecutions version="1">
  <file path="C:\Users\Ilma Mannix\Documents\badaso-lms-demo\package\badaso\badaso-lms-theme\tests\unit\announcement\CreateAnnouncement.spec.js">
    <testCase name="CreateAnnouncement when loaded should renders" duration="317"/>
    <testCase name="CreateAnnouncement when initial form is clicked should hide and load components" duration="349"/>
  </file>
  <file path="C:\Users\Ilma Mannix\Documents\badaso-lms-demo\package\badaso\badaso-lms-theme\tests\unit\ViewCourse.spec.js">
    <testCase name="ViewCourse Component when loaded should renders" duration="454"/>
    <testCase name="ViewCourse Component when user is not authenticated should redirect to login page" duration="225"/>
    <testCase name="ViewCourse Component when user is authenticated should not redirect anywhere" duration="202"/>
  </file>
  <file path="C:\Users\Ilma Mannix\Documents\badaso-lms-demo\package\badaso\badaso-lms-theme\tests\unit\course\create.spec.js">
    <testCase name="CreateCourse.vue should render correct forms" duration="537"/>
    <testCase name="CreateCourse.vue when user is not authenticated should redirect to login page" duration="376"/>
    <testCase name="CreateCourse.vue when user is authenticated should not redirect anywhere" duration="238"/>
    <testCase name="CreateCourse.vue when all fields are filled form should be valid" duration="376"/>
    <testCase name="CreateCourse.vue when submitted successfully should redirect to course page" duration="547"/>
    <testCase name="CreateCourse.vue when submission is failed should display snackbar with error message" duration="336"/>
    <testCase name="CreateCourse.vue when cancel button is clicked should redirect to home page" duration="213"/>
  </file>
  <file path="C:\Users\Ilma Mannix\Documents\badaso-lms-demo\package\badaso\badaso-lms-theme\tests\unit\login.spec.js">
    <testCase name="Login when loaded has all of the required elements" duration="875"/>
    <testCase name="Login when loaded test data input for login component" duration="369"/>
  </file>
  <file path="C:\Users\Ilma Mannix\Documents\badaso-lms-demo\package\badaso\badaso-lms-theme\tests\unit\register.spec.js">
    <testCase name="Register when loaded has all of the required elements" duration="741"/>
    <testCase name="Register when sending request should show loading on button" duration="418"/>
  </file>
  <file path="C:\Users\Ilma Mannix\Documents\badaso-lms-demo\package\badaso\badaso-lms-theme\tests\unit\Sidebar.spec.js">
    <testCase name="App Layout.vue should contains navigation drawer" duration="308"/>
    <testCase name="App Layout.vue should contains user&apos;s name" duration="352"/>
    <testCase name="App Layout.vue should fetch courses data" duration="149"/>
    <testCase name="App Layout.vue should contains logout button" duration="176"/>
  </file>
  <file path="C:\Users\Ilma Mannix\Documents\badaso-lms-demo\package\badaso\badaso-lms-theme\tests\unit\PeopleInCourse.spec.js">
    <testCase name="PeopleInCourse when loaded should renders" duration="497"/>
  </file>
  <file path="C:\Users\Ilma Mannix\Documents\badaso-lms-demo\package\badaso\badaso-lms-theme\tests\unit\JoinClass.spec.js">
    <testCase name="JoinCoursePage when loaded should renders" duration="433"/>
  </file>
  <file path="C:\Users\Ilma Mannix\Documents\badaso-lms-demo\package\badaso\badaso-lms-theme\tests\unit\announcement\AnnouncementContainer.spec.js">
    <testCase name="AnnouncementContainer when loaded should renders" duration="913"/>
  </file>
  <file path="C:\Users\Ilma Mannix\Documents\badaso-lms-demo\package\badaso\badaso-lms-theme\tests\unit\announcement\AnnouncementPage.spec.js">
    <testCase name="Announcement when loaded should renders" duration="993"/>
  </file>
  <file path="C:\Users\Ilma Mannix\Documents\badaso-lms-demo\package\badaso\badaso-lms-theme\tests\unit\example.spec.js">
    <testCase name="displays message should renders" duration="280"/>
  </file>
  <file path="C:\Users\Ilma Mannix\Documents\badaso-lms-demo\package\badaso\badaso-lms-theme\tests\unit\CourseCard.spec.js">
    <testCase name="CourseCard Component when loaded should renders" duration="336"/>
    <testCase name="CourseCard Component when course card clicked should redirect to course page" duration="115"/>
  </file>
  <file path="C:\Users\Ilma Mannix\Documents\badaso-lms-demo\package\badaso\badaso-lms-theme\tests\unit\announcement\AnnouncementCard.spec.js">
    <testCase name="AnnouncementCard when loaded and when no comment exist should renders" duration="847"/>
    <testCase name="AnnouncementCard when loaded and when comment exist comments should be rendered" duration="577"/>
  </file>
  <file path="C:\Users\Ilma Mannix\Documents\badaso-lms-demo\package\badaso\badaso-lms-theme\tests\unit\copyClassCode.spec.js">
    <testCase name="Class Code Widget when loaded should renders" duration="275"/>
    <testCase name="Class Code Widget When click should call function" duration="548"/>
  </file>
  <file path="C:\Users\Ilma Mannix\Documents\badaso-lms-demo\package\badaso\badaso-lms-theme\tests\unit\notAuthenticated.spec.js">
    <testCase name="Not Authenticated Guard when not authenticated should pass" duration="5"/>
    <testCase name="Not Authenticated Guard when authenticated should redirect to homepage" duration="0"/>
  </file>
  <file path="C:\Users\Ilma Mannix\Documents\badaso-lms-demo\package\badaso\badaso-lms-theme\tests\unit\Snackbar.spec.js">
    <testCase name="App Layout.vue should contains snackbar component" duration="258"/>
    <testCase name="App Layout.vue should contains snackbar content" duration="193"/>
  </file>
  <file path="C:\Users\Ilma Mannix\Documents\badaso-lms-demo\package\badaso\badaso-lms-theme\tests\unit\announcement\AnnouncementContent.spec.js">
    <testCase name="AnnouncementContent when loaded and when not editing and when announcement belong to current user should renders" duration="684"/>
    <testCase name="AnnouncementContent when loaded and when not editing and when announcement is not belong to current user should renders" duration="222">
      <failure message="Error: expect(received).toBe(expected) // Object.is equality"><![CDATA[Error: expect(received).toBe(expected) // Object.is equality

Expected: false
Received: true
    at Object.<anonymous> (C:\Users\Ilma Mannix\Documents\badaso-lms-demo\package\badaso\badaso-lms-theme\tests\unit\announcement\AnnouncementContent.spec.js:66:37)
    at Promise.then.completed (C:\Users\Ilma Mannix\AppData\Local\npm-cache\_npx\b8d86e6551a4f492\node_modules\jest-circus\build\utils.js:391:28)
    at new Promise (<anonymous>)
    at callAsyncCircusFn (C:\Users\Ilma Mannix\AppData\Local\npm-cache\_npx\b8d86e6551a4f492\node_modules\jest-circus\build\utils.js:316:10)
    at _callCircusTest (C:\Users\Ilma Mannix\AppData\Local\npm-cache\_npx\b8d86e6551a4f492\node_modules\jest-circus\build\run.js:218:40)
    at processTicksAndRejections (node:internal/process/task_queues:96:5)
    at _runTest (C:\Users\Ilma Mannix\AppData\Local\npm-cache\_npx\b8d86e6551a4f492\node_modules\jest-circus\build\run.js:155:3)
    at _runTestsForDescribeBlock (C:\Users\Ilma Mannix\AppData\Local\npm-cache\_npx\b8d86e6551a4f492\node_modules\jest-circus\build\run.js:66:9)
    at _runTestsForDescribeBlock (C:\Users\Ilma Mannix\AppData\Local\npm-cache\_npx\b8d86e6551a4f492\node_modules\jest-circus\build\run.js:60:9)
    at _runTestsForDescribeBlock (C:\Users\Ilma Mannix\AppData\Local\npm-cache\_npx\b8d86e6551a4f492\node_modules\jest-circus\build\run.js:60:9)
    at _runTestsForDescribeBlock (C:\Users\Ilma Mannix\AppData\Local\npm-cache\_npx\b8d86e6551a4f492\node_modules\jest-circus\build\run.js:60:9)
    at _runTestsForDescribeBlock (C:\Users\Ilma Mannix\AppData\Local\npm-cache\_npx\b8d86e6551a4f492\node_modules\jest-circus\build\run.js:60:9)
    at run (C:\Users\Ilma Mannix\AppData\Local\npm-cache\_npx\b8d86e6551a4f492\node_modules\jest-circus\build\run.js:25:3)
    at runAndTransformResultsToJestFormat (C:\Users\Ilma Mannix\AppData\Local\npm-cache\_npx\b8d86e6551a4f492\node_modules\jest-circus\build\legacy-code-todo-rewrite\jestAdapterInit.js:170:21)
    at jestAdapter (C:\Users\Ilma Mannix\AppData\Local\npm-cache\_npx\b8d86e6551a4f492\node_modules\jest-circus\build\legacy-code-todo-rewrite\jestAdapter.js:82:19)
    at runTestInternal (C:\Users\Ilma Mannix\AppData\Local\npm-cache\_npx\b8d86e6551a4f492\node_modules\jest-runner\build\runTest.js:389:16)
    at runTest (C:\Users\Ilma Mannix\AppData\Local\npm-cache\_npx\b8d86e6551a4f492\node_modules\jest-runner\build\runTest.js:475:34)
    at Object.worker (C:\Users\Ilma Mannix\AppData\Local\npm-cache\_npx\b8d86e6551a4f492\node_modules\jest-runner\build\testWorker.js:133:12)]]></failure>
    </testCase>
    <testCase name="AnnouncementContent when loaded and when editing announcement should renders" duration="1811"/>
  </file>
  <file path="C:\Users\Ilma Mannix\Documents\badaso-lms-demo\package\badaso\badaso-lms-theme\tests\unit\AppLayout.spec.js">
    <testCase name="AppLayout.vue should contains sidebar" duration="285"/>
    <testCase name="AppLayout.vue should contains snackbar" duration="167"/>
  </file>
  <file path="C:\Users\Ilma Mannix\Documents\badaso-lms-demo\package\badaso\badaso-lms-theme\tests\unit\AddCourseCard.spec.js">
    <testCase name="AddCourseCard Component when loaded should renders" duration="213"/>
    <testCase name="AddCourseCard Component when create button clicked should redirect to create course page" duration="82"/>
    <testCase name="AddCourseCard Component when join button clicked should redirect to join course page" duration="70"/>
  </file>
</testExecutions>