<?xml version="1.0" encoding="UTF-8"?>
<testExecutions version="1">
  <file path="C:\Users\acer\Downloads\Code\PPL\badaso-lms-demo\package\badaso\badaso-lms-theme\tests\unit\AddCourseCard.spec.js">
    <testCase name="AddCourseCard Component when loaded should renders" duration="900"/>
    <testCase name="AddCourseCard Component when create button clicked should redirect to create course page" duration="186"/>
    <testCase name="AddCourseCard Component when join button clicked should redirect to join course page" duration="328"/>
  </file>
  <file path="C:\Users\acer\Downloads\Code\PPL\badaso-lms-demo\package\badaso\badaso-lms-theme\tests\unit\announcement\CreateAnnouncement.spec.js">
    <testCase name="CreateAnnouncement when loaded should renders" duration="1403"/>
    <testCase name="CreateAnnouncement when initial form is clicked should hide and load components" duration="885"/>
  </file>
  <file path="C:\Users\acer\Downloads\Code\PPL\badaso-lms-demo\package\badaso\badaso-lms-theme\tests\unit\ViewCourse.spec.js">
    <testCase name="ViewCourse Component when loaded should renders" duration="1912"/>
    <testCase name="ViewCourse Component when user is not authenticated should redirect to login page" duration="495"/>
    <testCase name="ViewCourse Component when user is authenticated should not redirect anywhere" duration="441"/>
  </file>
  <file path="C:\Users\acer\Downloads\Code\PPL\badaso-lms-demo\package\badaso\badaso-lms-theme\tests\unit\CreationLayout.spec.js">
    <testCase name="CreationLayout when loaded and topic title and content type is NOT given should renders" duration="1756"/>
    <testCase name="CreationLayout when loaded and topic title and content type is given should renders" duration="1450"/>
  </file>
  <file path="C:\Users\acer\Downloads\Code\PPL\badaso-lms-demo\package\badaso\badaso-lms-theme\tests\unit\login.spec.js">
    <testCase name="Login when loaded has all of the required elements" duration="2587"/>
    <testCase name="Login when loaded test data input for login component" duration="1513"/>
  </file>
  <file path="C:\Users\acer\Downloads\Code\PPL\badaso-lms-demo\package\badaso\badaso-lms-theme\tests\unit\announcement\AnnouncementContent.spec.js">
    <testCase name="AnnouncementContent when loaded and when not editing and when announcement belong to current user should renders" duration="1317"/>
    <testCase name="AnnouncementContent when loaded and when not editing and when announcement is not belong to current user should renders" duration="210"/>
    <testCase name="AnnouncementContent when loaded and when editing announcement should renders" duration="4565"/>
    <testCase name="AnnouncementContent when loaded and when editing comment should renders" duration="699"/>
  </file>
  <file path="C:\Users\acer\Downloads\Code\PPL\badaso-lms-demo\package\badaso\badaso-lms-theme\tests\unit\AppLayout.spec.js">
    <testCase name="AppLayout.vue should contains sidebar" duration="453"/>
    <testCase name="AppLayout.vue should contains snackbar" duration="233"/>
  </file>
  <file path="C:\Users\acer\Downloads\Code\PPL\badaso-lms-demo\package\badaso\badaso-lms-theme\tests\unit\copyClassCode.spec.js">
    <testCase name="Class Code Widget when loaded should renders" duration="2052"/>
    <testCase name="Class Code Widget When click should call function" duration="758"/>
  </file>
  <file path="C:\Users\acer\Downloads\Code\PPL\badaso-lms-demo\package\badaso\badaso-lms-theme\tests\unit\course\create.spec.js">
    <testCase name="CreateCourse.vue should render correct forms" duration="1589"/>
    <testCase name="CreateCourse.vue when user is not authenticated should redirect to login page" duration="1488"/>
    <testCase name="CreateCourse.vue when user is authenticated should not redirect anywhere" duration="856"/>
    <testCase name="CreateCourse.vue when all fields are filled form should be valid" duration="1593"/>
    <testCase name="CreateCourse.vue when submitted successfully should redirect to course page" duration="823"/>
    <testCase name="CreateCourse.vue when submission is failed should display snackbar with error message" duration="785"/>
    <testCase name="CreateCourse.vue when cancel button is clicked should redirect to home page" duration="982"/>
  </file>
  <file path="C:\Users\acer\Downloads\Code\PPL\badaso-lms-demo\package\badaso\badaso-lms-theme\tests\unit\Sidebar.spec.js">
    <testCase name="App Layout.vue should contains navigation drawer" duration="698"/>
    <testCase name="App Layout.vue should contains user&apos;s name" duration="301"/>
    <testCase name="App Layout.vue should fetch courses data" duration="279"/>
    <testCase name="App Layout.vue should contains logout button" duration="313"/>
  </file>
  <file path="C:\Users\acer\Downloads\Code\PPL\badaso-lms-demo\package\badaso\badaso-lms-theme\tests\unit\CourseMaterial.spec.js">
    <testCase name="CourseMaterial when loaded and description is NOT given should renders" duration="602"/>
    <testCase name="CourseMaterial when loaded and description is given should renders" duration="275"/>
  </file>
  <file path="C:\Users\acer\Downloads\Code\PPL\badaso-lms-demo\package\badaso\badaso-lms-theme\tests\unit\CourseCard.spec.js">
    <testCase name="CourseCard Component when loaded should renders" duration="671"/>
    <testCase name="CourseCard Component when course card clicked should redirect to course page" duration="566"/>
  </file>
  <file path="C:\Users\acer\Downloads\Code\PPL\badaso-lms-demo\package\badaso\badaso-lms-theme\tests\unit\notAuthenticated.spec.js">
    <testCase name="Not Authenticated Guard when not authenticated should pass" duration="39"/>
    <testCase name="Not Authenticated Guard when authenticated should redirect to homepage" duration="1"/>
  </file>
  <file path="C:\Users\acer\Downloads\Code\PPL\badaso-lms-demo\package\badaso\badaso-lms-theme\tests\unit\announcement\AnnouncementCard.spec.js">
    <testCase name="AnnouncementCard when loaded and when no comment exist should renders" duration="1254"/>
    <testCase name="AnnouncementCard when loaded and when comment exist comments should be rendered" duration="1101"/>
  </file>
  <file path="C:\Users\acer\Downloads\Code\PPL\badaso-lms-demo\package\badaso\badaso-lms-theme\tests\unit\JoinClass.spec.js">
    <testCase name="JoinCoursePage when loaded should renders" duration="1019"/>
  </file>
  <file path="C:\Users\acer\Downloads\Code\PPL\badaso-lms-demo\package\badaso\badaso-lms-theme\tests\unit\Snackbar.spec.js">
    <testCase name="App Layout.vue should contains snackbar component" duration="250"/>
    <testCase name="App Layout.vue should contains snackbar content" duration="112"/>
  </file>
  <file path="C:\Users\acer\Downloads\Code\PPL\badaso-lms-demo\package\badaso\badaso-lms-theme\tests\unit\example.spec.js">
    <testCase name="displays message should renders" duration="640"/>
  </file>
  <file path="C:\Users\acer\Downloads\Code\PPL\badaso-lms-demo\package\badaso\badaso-lms-theme\tests\unit\register.spec.js">
    <testCase name="Register when loaded has all of the required elements" duration="903"/>
    <testCase name="Register when sending request should show loading on button" duration="743"/>
  </file>
  <file path="C:\Users\acer\Downloads\Code\PPL\badaso-lms-demo\package\badaso\badaso-lms-theme\tests\unit\CreateClassMaterial.spec.js">
    <testCase name="CreateCourseMaterial when loaded should renders" duration="1762">
      <failure message="Error: expect(received).toBe(expected) // Object.is equality"><![CDATA[Error: expect(received).toBe(expected) // Object.is equality

Expected: true
Received: false
    at Object.<anonymous> (C:\Users\acer\Downloads\Code\PPL\badaso-lms-demo\package\badaso\badaso-lms-theme\tests\unit\CreateClassMaterial.spec.js:33:35)
    at Promise.then.completed (C:\Users\acer\Downloads\Code\PPL\badaso-lms-demo\package\badaso\badaso-lms-theme\node_modules\jest-circus\build\utils.js:391:28)
    at new Promise (<anonymous>)
    at callAsyncCircusFn (C:\Users\acer\Downloads\Code\PPL\badaso-lms-demo\package\badaso\badaso-lms-theme\node_modules\jest-circus\build\utils.js:316:10)
    at _callCircusTest (C:\Users\acer\Downloads\Code\PPL\badaso-lms-demo\package\badaso\badaso-lms-theme\node_modules\jest-circus\build\run.js:218:40)
    at processTicksAndRejections (node:internal/process/task_queues:96:5)
    at _runTest (C:\Users\acer\Downloads\Code\PPL\badaso-lms-demo\package\badaso\badaso-lms-theme\node_modules\jest-circus\build\run.js:155:3)
    at _runTestsForDescribeBlock (C:\Users\acer\Downloads\Code\PPL\badaso-lms-demo\package\badaso\badaso-lms-theme\node_modules\jest-circus\build\run.js:66:9)
    at _runTestsForDescribeBlock (C:\Users\acer\Downloads\Code\PPL\badaso-lms-demo\package\badaso\badaso-lms-theme\node_modules\jest-circus\build\run.js:60:9)
    at _runTestsForDescribeBlock (C:\Users\acer\Downloads\Code\PPL\badaso-lms-demo\package\badaso\badaso-lms-theme\node_modules\jest-circus\build\run.js:60:9)
    at run (C:\Users\acer\Downloads\Code\PPL\badaso-lms-demo\package\badaso\badaso-lms-theme\node_modules\jest-circus\build\run.js:25:3)
    at runAndTransformResultsToJestFormat (C:\Users\acer\Downloads\Code\PPL\badaso-lms-demo\package\badaso\badaso-lms-theme\node_modules\jest-circus\build\legacy-code-todo-rewrite\jestAdapterInit.js:170:21)
    at jestAdapter (C:\Users\acer\Downloads\Code\PPL\badaso-lms-demo\package\badaso\badaso-lms-theme\node_modules\jest-circus\build\legacy-code-todo-rewrite\jestAdapter.js:82:19)
    at runTestInternal (C:\Users\acer\Downloads\Code\PPL\badaso-lms-demo\package\badaso\badaso-lms-theme\node_modules\jest-runner\build\runTest.js:389:16)
    at runTest (C:\Users\acer\Downloads\Code\PPL\badaso-lms-demo\package\badaso\badaso-lms-theme\node_modules\jest-runner\build\runTest.js:475:34)
    at Object.worker (C:\Users\acer\Downloads\Code\PPL\badaso-lms-demo\package\badaso\badaso-lms-theme\node_modules\jest-runner\build\testWorker.js:133:12)]]></failure>
    </testCase>
  </file>
  <file path="C:\Users\acer\Downloads\Code\PPL\badaso-lms-demo\package\badaso\badaso-lms-theme\tests\unit\announcement\AnnouncementContainer.spec.js">
    <testCase name="AnnouncementContainer when loaded should renders" duration="416"/>
  </file>
  <file path="C:\Users\acer\Downloads\Code\PPL\badaso-lms-demo\package\badaso\badaso-lms-theme\tests\unit\PeopleInCourse.spec.js">
    <testCase name="PeopleInCourse when loaded should renders" duration="396"/>
  </file>
  <file path="C:\Users\acer\Downloads\Code\PPL\badaso-lms-demo\package\badaso\badaso-lms-theme\tests\unit\announcement\AnnouncementPage.spec.js">
    <testCase name="Announcement when loaded should renders" duration="553"/>
  </file>
</testExecutions>