<?xml version="1.0" encoding="UTF-8"?>
<testExecutions version="1">
  <file path="C:\Users\Ilma Mannix\Documents\badaso-lms-demo\package\badaso\badaso-lms-theme\tests\unit\404.spec.js">
    <testCase name="JoinCoursePage when loaded should renders" duration="517"/>
  </file>
  <file path="C:\Users\Ilma Mannix\Documents\badaso-lms-demo\package\badaso\badaso-lms-theme\tests\unit\announcement\AnnouncementCard.spec.js">
    <testCase name="AnnouncementCard when loaded and when no comment exist should renders" duration="985"/>
    <testCase name="AnnouncementCard when loaded and when comment exist comments should be rendered" duration="622"/>
  </file>
  <file path="C:\Users\Ilma Mannix\Documents\badaso-lms-demo\package\badaso\badaso-lms-theme\tests\unit\CreateClassMaterial.spec.js">
    <testCase name="CreateCourseMaterial when loaded should renders" duration="1729"/>
  </file>
  <file path="C:\Users\Ilma Mannix\Documents\badaso-lms-demo\package\badaso\badaso-lms-theme\tests\unit\classwork.spec.js">
    <testCase name="ClassworkPage when loaded and current user is course creator should renders" duration="911"/>
    <testCase name="ClassworkPage when loaded and current user is not course creator should renders" duration="228"/>
    <testCase name="ClassworkPage when loaded and lesson material exists should renders" duration="184"/>
    <testCase name="ClassworkPage when loaded and lesson material does not exist should renders" duration="102"/>
    <testCase name="CreateTopic when loaded should renders" duration="253"/>
    <testCase name="CreateTopic UpdateTopic when loaded should renders" duration="283"/>
  </file>
  <file path="C:\Users\Ilma Mannix\Documents\badaso-lms-demo\package\badaso\badaso-lms-theme\tests\unit\announcement\AnnouncementContent.spec.js">
    <testCase name="AnnouncementContent when loaded and when not editing and when announcement belong to current user should renders" duration="762"/>
    <testCase name="AnnouncementContent when loaded and when not editing and when announcement is not belong to current user should renders" duration="177"/>
    <testCase name="AnnouncementContent when loaded and when editing announcement should renders" duration="1585"/>
    <testCase name="AnnouncementContent when loaded and when editing comment should renders" duration="326"/>
  </file>
  <file path="C:\Users\Ilma Mannix\Documents\badaso-lms-demo\package\badaso\badaso-lms-theme\tests\unit\course\create.spec.js">
    <testCase name="CreateCourse.vue should render correct forms" duration="1173"/>
    <testCase name="CreateCourse.vue when user is not authenticated should redirect to login page" duration="478"/>
    <testCase name="CreateCourse.vue when user is authenticated should not redirect anywhere" duration="326"/>
    <testCase name="CreateCourse.vue when all fields are filled form should be valid" duration="445"/>
    <testCase name="CreateCourse.vue when submitted successfully should redirect to course page" duration="504"/>
    <testCase name="CreateCourse.vue when submission is failed should display snackbar with error message" duration="353"/>
    <testCase name="CreateCourse.vue when cancel button is clicked should redirect to home page" duration="299"/>
  </file>
  <file path="C:\Users\Ilma Mannix\Documents\badaso-lms-demo\package\badaso\badaso-lms-theme\tests\unit\register.spec.js">
    <testCase name="Register when loaded has all of the required elements" duration="1185"/>
    <testCase name="Register when sending request should show loading on button" duration="559"/>
  </file>
  <file path="C:\Users\Ilma Mannix\Documents\badaso-lms-demo\package\badaso\badaso-lms-theme\tests\unit\announcement\CreateAnnouncement.spec.js">
    <testCase name="CreateAnnouncement when loaded should renders" duration="514"/>
    <testCase name="CreateAnnouncement when initial form is clicked should hide and load components" duration="369"/>
  </file>
  <file path="C:\Users\Ilma Mannix\Documents\badaso-lms-demo\package\badaso\badaso-lms-theme\tests\unit\ViewCourse.spec.js">
    <testCase name="ViewCourse Component when loaded should renders" duration="386"/>
    <testCase name="ViewCourse Component when user is not authenticated should redirect to login page" duration="155"/>
    <testCase name="ViewCourse Component when user is authenticated should not redirect anywhere" duration="176"/>
  </file>
  <file path="C:\Users\Ilma Mannix\Documents\badaso-lms-demo\package\badaso\badaso-lms-theme\tests\unit\announcement\AnnouncementPage.spec.js">
    <testCase name="Announcement when loaded should renders" duration="641"/>
  </file>
  <file path="C:\Users\Ilma Mannix\Documents\badaso-lms-demo\package\badaso\badaso-lms-theme\tests\unit\JoinClass.spec.js">
    <testCase name="JoinCoursePage when loaded should renders" duration="586"/>
  </file>
  <file path="C:\Users\Ilma Mannix\Documents\badaso-lms-demo\package\badaso\badaso-lms-theme\tests\unit\login.spec.js">
    <testCase name="Login when loaded has all of the required elements" duration="882"/>
    <testCase name="Login when loaded test data input for login component" duration="525"/>
  </file>
  <file path="C:\Users\Ilma Mannix\Documents\badaso-lms-demo\package\badaso\badaso-lms-theme\tests\unit\announcement\AnnouncementContainer.spec.js">
    <testCase name="AnnouncementContainer when loaded should renders" duration="347"/>
  </file>
  <file path="C:\Users\Ilma Mannix\Documents\badaso-lms-demo\package\badaso\badaso-lms-theme\tests\unit\AddCourseCard.spec.js">
    <testCase name="AddCourseCard Component when loaded should renders" duration="191"/>
    <testCase name="AddCourseCard Component when create button clicked should redirect to create course page" duration="80"/>
    <testCase name="AddCourseCard Component when join button clicked should redirect to join course page" duration="55"/>
  </file>
  <file path="C:\Users\Ilma Mannix\Documents\badaso-lms-demo\package\badaso\badaso-lms-theme\tests\unit\example.spec.js">
    <testCase name="displays message should renders" duration="320"/>
  </file>
  <file path="C:\Users\Ilma Mannix\Documents\badaso-lms-demo\package\badaso\badaso-lms-theme\tests\unit\copyClassCode.spec.js">
    <testCase name="Class Code Widget when loaded should renders" duration="1072"/>
    <testCase name="Class Code Widget When click should call function" duration="552"/>
  </file>
  <file path="C:\Users\Ilma Mannix\Documents\badaso-lms-demo\package\badaso\badaso-lms-theme\tests\unit\CourseMaterial.spec.js">
    <testCase name="CourseMaterial when loaded and description is NOT given should renders" duration="1084"/>
    <testCase name="CourseMaterial when loaded and description is given should renders" duration="233"/>
    <testCase name="CourseMaterial when loaded header comment is exist should renders" duration="234">
      <failure message="Error: expect(received).toBe(expected) // Object.is equality"><![CDATA[Error: expect(received).toBe(expected) // Object.is equality

Expected: true
Received: false
    at _callee3$ (C:\Users\Ilma Mannix\Documents\badaso-lms-demo\package\badaso\badaso-lms-theme\tests\unit\CourseMaterial.spec.js:93:47)
    at tryCatch (C:\Users\Ilma Mannix\Documents\badaso-lms-demo\package\badaso\badaso-lms-theme\node_modules\regenerator-runtime\runtime.js:63:40)
    at Generator.invoke [as _invoke] (C:\Users\Ilma Mannix\Documents\badaso-lms-demo\package\badaso\badaso-lms-theme\node_modules\regenerator-runtime\runtime.js:294:22)
    at Generator.next (C:\Users\Ilma Mannix\Documents\badaso-lms-demo\package\badaso\badaso-lms-theme\node_modules\regenerator-runtime\runtime.js:119:21)
    at asyncGeneratorStep (C:\Users\Ilma Mannix\Documents\badaso-lms-demo\package\badaso\badaso-lms-theme\node_modules\@babel\runtime\helpers\asyncToGenerator.js:3:24)
    at _next (C:\Users\Ilma Mannix\Documents\badaso-lms-demo\package\badaso\badaso-lms-theme\node_modules\@babel\runtime\helpers\asyncToGenerator.js:25:9)
    at processTicksAndRejections (node:internal/process/task_queues:96:5)]]></failure>
    </testCase>
  </file>
  <file path="C:\Users\Ilma Mannix\Documents\badaso-lms-demo\package\badaso\badaso-lms-theme\tests\unit\CreationLayout.spec.js">
    <testCase name="CreationLayout when loaded and topic title and content type is NOT given should renders" duration="402"/>
    <testCase name="CreationLayout when loaded and topic title and content type is given should renders" duration="229"/>
  </file>
  <file path="C:\Users\Ilma Mannix\Documents\badaso-lms-demo\package\badaso\badaso-lms-theme\tests\unit\Sidebar.spec.js">
    <testCase name="App Layout.vue should contains navigation drawer" duration="395"/>
    <testCase name="App Layout.vue should contains user&apos;s name" duration="327"/>
    <testCase name="App Layout.vue should fetch courses data" duration="157"/>
    <testCase name="App Layout.vue should contains logout button" duration="241"/>
  </file>
  <file path="C:\Users\Ilma Mannix\Documents\badaso-lms-demo\package\badaso\badaso-lms-theme\tests\unit\Snackbar.spec.js">
    <testCase name="App Layout.vue should contains snackbar component" duration="290"/>
    <testCase name="App Layout.vue should contains snackbar content" duration="205"/>
  </file>
  <file path="C:\Users\Ilma Mannix\Documents\badaso-lms-demo\package\badaso\badaso-lms-theme\tests\unit\AppLayout.spec.js">
    <testCase name="AppLayout.vue should contains sidebar" duration="285"/>
    <testCase name="AppLayout.vue should contains snackbar" duration="91"/>
  </file>
  <file path="C:\Users\Ilma Mannix\Documents\badaso-lms-demo\package\badaso\badaso-lms-theme\tests\unit\PeopleInCourse.spec.js">
    <testCase name="PeopleInCourse when loaded should renders" duration="156"/>
  </file>
  <file path="C:\Users\Ilma Mannix\Documents\badaso-lms-demo\package\badaso\badaso-lms-theme\tests\unit\notAuthenticated.spec.js">
    <testCase name="Not Authenticated Guard when not authenticated should pass" duration="6"/>
    <testCase name="Not Authenticated Guard when authenticated should redirect to homepage" duration="1"/>
  </file>
  <file path="C:\Users\Ilma Mannix\Documents\badaso-lms-demo\package\badaso\badaso-lms-theme\tests\unit\CourseCard.spec.js">
    <testCase name="CourseCard Component when loaded should renders" duration="156"/>
    <testCase name="CourseCard Component when course card clicked should redirect to course page" duration="109"/>
  </file>
</testExecutions>