<?xml version="1.0" encoding="UTF-8"?>
<testExecutions version="1">
  <file path="C:\Users\acer\Downloads\Code\PPL\badaso-lms-demo\package\badaso\badaso-lms-theme\tests\unit\CourseCard.spec.js">
    <testCase name="CourseCard Component when loaded should renders" duration="543"/>
    <testCase name="CourseCard Component when course card clicked should redirect to course page" duration="171"/>
  </file>
  <file path="C:\Users\acer\Downloads\Code\PPL\badaso-lms-demo\package\badaso\badaso-lms-theme\tests\unit\AddCourseCard.spec.js">
    <testCase name="AddCourseCard Component when loaded should renders" duration="653"/>
    <testCase name="AddCourseCard Component when create button clicked should redirect to create course page" duration="165"/>
    <testCase name="AddCourseCard Component when join button clicked should redirect to join course page" duration="142"/>
  </file>
  <file path="C:\Users\acer\Downloads\Code\PPL\badaso-lms-demo\package\badaso\badaso-lms-theme\tests\unit\copyClassCode.spec.js">
    <testCase name="Class Code Widget when loaded should renders" duration="358"/>
    <testCase name="Class Code Widget When click should call function" duration="497"/>
  </file>
  <file path="C:\Users\acer\Downloads\Code\PPL\badaso-lms-demo\package\badaso\badaso-lms-theme\tests\unit\ViewCourse.spec.js">
    <testCase name="ViewCourse Component when loaded should renders" duration="701"/>
    <testCase name="ViewCourse Component when user is not authenticated should redirect to login page" duration="186"/>
    <testCase name="ViewCourse Component when user is authenticated should not redirect anywhere" duration="236"/>
  </file>
  <file path="C:\Users\acer\Downloads\Code\PPL\badaso-lms-demo\package\badaso\badaso-lms-theme\tests\unit\login.spec.js">
    <testCase name="Login when loaded has all of the required elements" duration="843"/>
    <testCase name="Login when loaded test data input for login component" duration="554"/>
  </file>
  <file path="C:\Users\acer\Downloads\Code\PPL\badaso-lms-demo\package\badaso\badaso-lms-theme\tests\unit\register.spec.js">
    <testCase name="Register when loaded has all of the required elements" duration="899"/>
    <testCase name="Register when sending request should show loading on button" duration="563"/>
  </file>
  <file path="C:\Users\acer\Downloads\Code\PPL\badaso-lms-demo\package\badaso\badaso-lms-theme\tests\unit\Sidebar.spec.js">
    <testCase name="App Layout.vue should contains navigation drawer" duration="377"/>
    <testCase name="App Layout.vue should contains user&apos;s name" duration="170"/>
    <testCase name="App Layout.vue should fetch courses data" duration="100"/>
    <testCase name="App Layout.vue should contains logout button" duration="147"/>
  </file>
  <file path="C:\Users\acer\Downloads\Code\PPL\badaso-lms-demo\package\badaso\badaso-lms-theme\tests\unit\AppLayout.spec.js">
    <testCase name="AppLayout.vue should contains sidebar" duration="173"/>
    <testCase name="AppLayout.vue should contains snackbar" duration="190"/>
  </file>
  <file path="C:\Users\acer\Downloads\Code\PPL\badaso-lms-demo\package\badaso\badaso-lms-theme\tests\unit\JoinClass.spec.js">
    <testCase name="JoinCoursePage when loaded should renders" duration="681"/>
  </file>
  <file path="C:\Users\acer\Downloads\Code\PPL\badaso-lms-demo\package\badaso\badaso-lms-theme\tests\unit\PeopleInCourse.spec.js">
    <testCase name="PeopleInCourse when loaded should renders" duration="153"/>
  </file>
  <file path="C:\Users\acer\Downloads\Code\PPL\badaso-lms-demo\package\badaso\badaso-lms-theme\tests\unit\example.spec.js">
    <testCase name="displays message should renders" duration="415"/>
  </file>
  <file path="C:\Users\acer\Downloads\Code\PPL\badaso-lms-demo\package\badaso\badaso-lms-theme\tests\unit\Snackbar.spec.js">
    <testCase name="App Layout.vue should contains snackbar component" duration="186"/>
    <testCase name="App Layout.vue should contains snackbar content" duration="98"/>
  </file>
  <file path="C:\Users\acer\Downloads\Code\PPL\badaso-lms-demo\package\badaso\badaso-lms-theme\tests\unit\course\create.spec.js">
    <testCase name="CreateCourse.vue should render correct forms" duration="908"/>
    <testCase name="CreateCourse.vue when user is not authenticated should redirect to login page" duration="410"/>
    <testCase name="CreateCourse.vue when user is authenticated should not redirect anywhere" duration="319"/>
    <testCase name="CreateCourse.vue when all fields are filled form should be valid" duration="397"/>
    <testCase name="CreateCourse.vue when submitted successfully should redirect to course page" duration="343"/>
    <testCase name="CreateCourse.vue when submission is failed should display snackbar with error message" duration="285"/>
    <testCase name="CreateCourse.vue when cancel button is clicked should redirect to home page" duration="255"/>
  </file>
  <file path="C:\Users\acer\Downloads\Code\PPL\badaso-lms-demo\package\badaso\badaso-lms-theme\tests\unit\notAuthenticated.spec.js">
    <testCase name="Not Authenticated Guard when not authenticated should pass" duration="4"/>
    <testCase name="Not Authenticated Guard when authenticated should redirect to homepage" duration="1"/>
  </file>
</testExecutions>