<?xml version="1.0" encoding="UTF-8"?>
<testExecutions version="1">
  <file path="/Users/WorkPlace/Desktop/Semester 6/Software Project/badaso-lms-demo/package/badaso/badaso-lms-theme/tests/unit/JoinClass.spec.js">
    <testCase name="JoinCoursePage when loaded should renders" duration="445"/>
  </file>
  <file path="/Users/WorkPlace/Desktop/Semester 6/Software Project/badaso-lms-demo/package/badaso/badaso-lms-theme/tests/unit/CourseMaterial.spec.js">
    <testCase name="CourseMaterial when loaded and description is NOT given should renders" duration="386"/>
    <testCase name="CourseMaterial when loaded and description is given should renders" duration="180"/>
  </file>
  <file path="/Users/WorkPlace/Desktop/Semester 6/Software Project/badaso-lms-demo/package/badaso/badaso-lms-theme/tests/unit/CreationLayout.spec.js">
    <testCase name="CreationLayout when loaded and topic title and content type is NOT given should renders" duration="346"/>
    <testCase name="CreationLayout when loaded and topic title and content type is given should renders" duration="218"/>
  </file>
  <file path="/Users/WorkPlace/Desktop/Semester 6/Software Project/badaso-lms-demo/package/badaso/badaso-lms-theme/tests/unit/ViewCourse.spec.js">
    <testCase name="ViewCourse Component when loaded should renders" duration="433"/>
    <testCase name="ViewCourse Component when user is not authenticated should redirect to login page" duration="173"/>
    <testCase name="ViewCourse Component when user is authenticated should not redirect anywhere" duration="163"/>
  </file>
  <file path="/Users/WorkPlace/Desktop/Semester 6/Software Project/badaso-lms-demo/package/badaso/badaso-lms-theme/tests/unit/announcement/AnnouncementCard.spec.js">
    <testCase name="AnnouncementCard when loaded and when no comment exist should renders" duration="453"/>
    <testCase name="AnnouncementCard when loaded and when comment exist comments should be rendered" duration="460"/>
  </file>
  <file path="/Users/WorkPlace/Desktop/Semester 6/Software Project/badaso-lms-demo/package/badaso/badaso-lms-theme/tests/unit/register.spec.js">
    <testCase name="Register when loaded has all of the required elements" duration="654"/>
    <testCase name="Register when sending request should show loading on button" duration="428"/>
  </file>
  <file path="/Users/WorkPlace/Desktop/Semester 6/Software Project/badaso-lms-demo/package/badaso/badaso-lms-theme/tests/unit/login.spec.js">
    <testCase name="Login when loaded has all of the required elements" duration="629"/>
    <testCase name="Login when loaded test data input for login component" duration="452"/>
  </file>
  <file path="/Users/WorkPlace/Desktop/Semester 6/Software Project/badaso-lms-demo/package/badaso/badaso-lms-theme/tests/unit/announcement/AnnouncementPage.spec.js">
    <testCase name="Announcement when loaded should renders" duration="619"/>
  </file>
  <file path="/Users/WorkPlace/Desktop/Semester 6/Software Project/badaso-lms-demo/package/badaso/badaso-lms-theme/tests/unit/copyClassCode.spec.js">
    <testCase name="Class Code Widget when loaded should renders" duration="702"/>
    <testCase name="Class Code Widget When click should call function" duration="334"/>
  </file>
  <file path="/Users/WorkPlace/Desktop/Semester 6/Software Project/badaso-lms-demo/package/badaso/badaso-lms-theme/tests/unit/PeopleInCourse.spec.js">
    <testCase name="PeopleInCourse when loaded should renders" duration="264"/>
  </file>
  <file path="/Users/WorkPlace/Desktop/Semester 6/Software Project/badaso-lms-demo/package/badaso/badaso-lms-theme/tests/unit/announcement/CreateAnnouncement.spec.js">
    <testCase name="CreateAnnouncement when loaded should renders" duration="344"/>
    <testCase name="CreateAnnouncement when initial form is clicked should hide and load components" duration="320"/>
  </file>
  <file path="/Users/WorkPlace/Desktop/Semester 6/Software Project/badaso-lms-demo/package/badaso/badaso-lms-theme/tests/unit/announcement/AnnouncementContainer.spec.js">
    <testCase name="AnnouncementContainer when loaded should renders" duration="464"/>
  </file>
  <file path="/Users/WorkPlace/Desktop/Semester 6/Software Project/badaso-lms-demo/package/badaso/badaso-lms-theme/tests/unit/CourseCard.spec.js">
    <testCase name="CourseCard Component when loaded should renders" duration="257"/>
    <testCase name="CourseCard Component when course card clicked should redirect to course page" duration="120"/>
  </file>
  <file path="/Users/WorkPlace/Desktop/Semester 6/Software Project/badaso-lms-demo/package/badaso/badaso-lms-theme/tests/unit/Sidebar.spec.js">
    <testCase name="App Layout.vue should contains navigation drawer" duration="311"/>
    <testCase name="App Layout.vue should contains user&apos;s name" duration="122"/>
    <testCase name="App Layout.vue should fetch courses data" duration="109"/>
    <testCase name="App Layout.vue should contains logout button" duration="99"/>
  </file>
  <file path="/Users/WorkPlace/Desktop/Semester 6/Software Project/badaso-lms-demo/package/badaso/badaso-lms-theme/tests/unit/announcement/AnnouncementContent.spec.js">
    <testCase name="AnnouncementContent when loaded and when not editing and when announcement belong to current user should renders" duration="339"/>
    <testCase name="AnnouncementContent when loaded and when not editing and when announcement is not belong to current user should renders" duration="99"/>
    <testCase name="AnnouncementContent when loaded and when editing announcement should renders" duration="1418"/>
    <testCase name="AnnouncementContent when loaded and when editing comment should renders" duration="319"/>
  </file>
  <file path="/Users/WorkPlace/Desktop/Semester 6/Software Project/badaso-lms-demo/package/badaso/badaso-lms-theme/tests/unit/AddCourseCard.spec.js">
    <testCase name="AddCourseCard Component when loaded should renders" duration="240"/>
    <testCase name="AddCourseCard Component when create button clicked should redirect to create course page" duration="158"/>
    <testCase name="AddCourseCard Component when join button clicked should redirect to join course page" duration="114"/>
  </file>
  <file path="/Users/WorkPlace/Desktop/Semester 6/Software Project/badaso-lms-demo/package/badaso/badaso-lms-theme/tests/unit/AppLayout.spec.js">
    <testCase name="AppLayout.vue should contains sidebar" duration="231"/>
    <testCase name="AppLayout.vue should contains snackbar" duration="151"/>
  </file>
  <file path="/Users/WorkPlace/Desktop/Semester 6/Software Project/badaso-lms-demo/package/badaso/badaso-lms-theme/tests/unit/course/create.spec.js">
    <testCase name="CreateCourse.vue should render correct forms" duration="563"/>
    <testCase name="CreateCourse.vue when user is not authenticated should redirect to login page" duration="330"/>
    <testCase name="CreateCourse.vue when user is authenticated should not redirect anywhere" duration="238"/>
    <testCase name="CreateCourse.vue when all fields are filled form should be valid" duration="368"/>
    <testCase name="CreateCourse.vue when submitted successfully should redirect to course page" duration="341"/>
    <testCase name="CreateCourse.vue when submission is failed should display snackbar with error message" duration="305"/>
    <testCase name="CreateCourse.vue when cancel button is clicked should redirect to home page" duration="270"/>
  </file>
  <file path="/Users/WorkPlace/Desktop/Semester 6/Software Project/badaso-lms-demo/package/badaso/badaso-lms-theme/tests/unit/CreateClassMaterial.spec.js">
    <testCase name="CreateCourseMaterial when loaded should renders" duration="701"/>
  </file>
  <file path="/Users/WorkPlace/Desktop/Semester 6/Software Project/badaso-lms-demo/package/badaso/badaso-lms-theme/tests/unit/example.spec.js">
    <testCase name="displays message should renders" duration="245"/>
  </file>
  <file path="/Users/WorkPlace/Desktop/Semester 6/Software Project/badaso-lms-demo/package/badaso/badaso-lms-theme/tests/unit/notAuthenticated.spec.js">
    <testCase name="Not Authenticated Guard when not authenticated should pass" duration="1"/>
    <testCase name="Not Authenticated Guard when authenticated should redirect to homepage" duration="1"/>
  </file>
  <file path="/Users/WorkPlace/Desktop/Semester 6/Software Project/badaso-lms-demo/package/badaso/badaso-lms-theme/tests/unit/Snackbar.spec.js">
    <testCase name="App Layout.vue should contains snackbar component" duration="58"/>
    <testCase name="App Layout.vue should contains snackbar content" duration="40"/>
  </file>
</testExecutions>