<?xml version="1.0" encoding="UTF-8"?>
<testExecutions version="1">
  <file path="C:\Users\acer\Downloads\Code\PPL\badaso-lms-demo\package\badaso\badaso-lms-theme\tests\unit\notAuthenticated.spec.js">
    <testCase name="Not Authenticated Guard when not authenticated should pass" duration="11"/>
    <testCase name="Not Authenticated Guard when authenticated should redirect to homepage" duration="1"/>
  </file>
  <file path="C:\Users\acer\Downloads\Code\PPL\badaso-lms-demo\package\badaso\badaso-lms-theme\tests\unit\AddCourseCard.spec.js">
    <testCase name="AddCourseCard Component when loaded should renders" duration="295"/>
    <testCase name="AddCourseCard Component when create button clicked should redirect to create course page" duration="155"/>
    <testCase name="AddCourseCard Component when join button clicked should redirect to join course page" duration="83"/>
  </file>
  <file path="C:\Users\acer\Downloads\Code\PPL\badaso-lms-demo\package\badaso\badaso-lms-theme\tests\unit\CourseCard.spec.js">
    <testCase name="CourseCard Component when loaded should renders" duration="729"/>
    <testCase name="CourseCard Component when course card clicked should redirect to course page" duration="149"/>
  </file>
  <file path="C:\Users\acer\Downloads\Code\PPL\badaso-lms-demo\package\badaso\badaso-lms-theme\tests\unit\ViewCourse.spec.js">
    <testCase name="ViewCourse Component when loaded should renders" duration="1075"/>
    <testCase name="ViewCourse Component when user is not authenticated should redirect to login page" duration="219"/>
    <testCase name="ViewCourse Component when user is authenticated should not redirect anywhere" duration="264"/>
  </file>
  <file path="C:\Users\acer\Downloads\Code\PPL\badaso-lms-demo\package\badaso\badaso-lms-theme\tests\unit\login.spec.js">
    <testCase name="Login when loaded has all of the required elements" duration="1121"/>
    <testCase name="Login when loaded test data input for login component" duration="536"/>
  </file>
  <file path="C:\Users\acer\Downloads\Code\PPL\badaso-lms-demo\package\badaso\badaso-lms-theme\tests\unit\register.spec.js">
    <testCase name="Register when loaded has all of the required elements" duration="1287"/>
    <testCase name="Register when sending request should show loading on button" duration="538"/>
  </file>
  <file path="C:\Users\acer\Downloads\Code\PPL\badaso-lms-demo\package\badaso\badaso-lms-theme\tests\unit\example.spec.js">
    <testCase name="displays message should renders" duration="512"/>
  </file>
  <file path="C:\Users\acer\Downloads\Code\PPL\badaso-lms-demo\package\badaso\badaso-lms-theme\tests\unit\JoinClass.spec.js">
    <testCase name="JoinCoursePage when loaded should renders" duration="738"/>
  </file>
  <file path="C:\Users\acer\Downloads\Code\PPL\badaso-lms-demo\package\badaso\badaso-lms-theme\tests\unit\PeopleInCourse.spec.js">
    <testCase name="PeopleInCourse when loaded should renders" duration="222"/>
  </file>
  <file path="C:\Users\acer\Downloads\Code\PPL\badaso-lms-demo\package\badaso\badaso-lms-theme\tests\unit\course\create.spec.js">
    <testCase name="CreateCourse.vue should render correct forms" duration="1060"/>
    <testCase name="CreateCourse.vue when user is not authenticated should redirect to login page" duration="348"/>
    <testCase name="CreateCourse.vue when user is authenticated should not redirect anywhere" duration="326"/>
    <testCase name="CreateCourse.vue when all fields are filled form should be valid" duration="407"/>
    <testCase name="CreateCourse.vue when submitted successfully should redirect to course page" duration="265"/>
    <testCase name="CreateCourse.vue when submission is failed should display snackbar with error message" duration="244"/>
    <testCase name="CreateCourse.vue when cancel button is clicked should redirect to home page" duration="124"/>
  </file>
</testExecutions>