<?xml version="1.0" encoding="UTF-8"?>
<testExecutions version="1">
  <file path="C:\Users\acer\Downloads\Code\PPL\badaso-lms-demo\package\badaso\badaso-lms-theme\tests\unit\CourseCard.spec.js">
    <testCase name="CourseCard Component when loaded should renders" duration="534"/>
    <testCase name="CourseCard Component when course card clicked should redirect to course page" duration="168"/>
  </file>
  <file path="C:\Users\acer\Downloads\Code\PPL\badaso-lms-demo\package\badaso\badaso-lms-theme\tests\unit\AddCourseCard.spec.js">
    <testCase name="AddCourseCard Component when loaded should renders" duration="480"/>
    <testCase name="AddCourseCard Component when create button clicked should redirect to create course page" duration="160"/>
    <testCase name="AddCourseCard Component when join button clicked should redirect to join course page" duration="120"/>
  </file>
  <file path="C:\Users\acer\Downloads\Code\PPL\badaso-lms-demo\package\badaso\badaso-lms-theme\tests\unit\copyClassCode.spec.js">
    <testCase name="Class Code Widget when loaded should renders" duration="481"/>
    <testCase name="Class Code Widget When click should call function" duration="502"/>
  </file>
  <file path="C:\Users\acer\Downloads\Code\PPL\badaso-lms-demo\package\badaso\badaso-lms-theme\tests\unit\ViewCourse.spec.js">
    <testCase name="ViewCourse Component when loaded should renders" duration="779"/>
    <testCase name="ViewCourse Component when user is not authenticated should redirect to login page" duration="167"/>
    <testCase name="ViewCourse Component when user is authenticated should not redirect anywhere" duration="235"/>
  </file>
  <file path="C:\Users\acer\Downloads\Code\PPL\badaso-lms-demo\package\badaso\badaso-lms-theme\tests\unit\login.spec.js">
    <testCase name="Login when loaded has all of the required elements" duration="955"/>
    <testCase name="Login when loaded test data input for login component" duration="464"/>
  </file>
  <file path="C:\Users\acer\Downloads\Code\PPL\badaso-lms-demo\package\badaso\badaso-lms-theme\tests\unit\register.spec.js">
    <testCase name="Register when loaded has all of the required elements" duration="980"/>
    <testCase name="Register when sending request should show loading on button" duration="497"/>
  </file>
  <file path="C:\Users\acer\Downloads\Code\PPL\badaso-lms-demo\package\badaso\badaso-lms-theme\tests\unit\Sidebar.spec.js">
    <testCase name="App Layout.vue should contains navigation drawer" duration="322"/>
    <testCase name="App Layout.vue should contains user&apos;s name" duration="147"/>
    <testCase name="App Layout.vue should fetch courses data" duration="89"/>
    <testCase name="App Layout.vue should contains logout button" duration="125"/>
  </file>
  <file path="C:\Users\acer\Downloads\Code\PPL\badaso-lms-demo\package\badaso\badaso-lms-theme\tests\unit\JoinClass.spec.js">
    <testCase name="JoinCoursePage when loaded should renders" duration="509"/>
  </file>
  <file path="C:\Users\acer\Downloads\Code\PPL\badaso-lms-demo\package\badaso\badaso-lms-theme\tests\unit\PeopleInCourse.spec.js">
    <testCase name="PeopleInCourse when loaded should renders" duration="119"/>
  </file>
  <file path="C:\Users\acer\Downloads\Code\PPL\badaso-lms-demo\package\badaso\badaso-lms-theme\tests\unit\AppLayout.spec.js">
    <testCase name="AppLayout.vue should contains sidebar" duration="194"/>
    <testCase name="AppLayout.vue should contains snackbar" duration="100"/>
  </file>
  <file path="C:\Users\acer\Downloads\Code\PPL\badaso-lms-demo\package\badaso\badaso-lms-theme\tests\unit\course\create.spec.js">
    <testCase name="CreateCourse.vue should render correct forms" duration="878"/>
    <testCase name="CreateCourse.vue when user is not authenticated should redirect to login page" duration="468"/>
    <testCase name="CreateCourse.vue when user is authenticated should not redirect anywhere" duration="272"/>
    <testCase name="CreateCourse.vue when all fields are filled form should be valid" duration="316"/>
    <testCase name="CreateCourse.vue when submitted successfully should redirect to course page" duration="237"/>
    <testCase name="CreateCourse.vue when submission is failed should display snackbar with error message" duration="264"/>
    <testCase name="CreateCourse.vue when cancel button is clicked should redirect to home page" duration="198"/>
  </file>
  <file path="C:\Users\acer\Downloads\Code\PPL\badaso-lms-demo\package\badaso\badaso-lms-theme\tests\unit\Snackbar.spec.js">
    <testCase name="App Layout.vue should contains snackbar component" duration="175"/>
    <testCase name="App Layout.vue should contains snackbar content" duration="45"/>
  </file>
  <file path="C:\Users\acer\Downloads\Code\PPL\badaso-lms-demo\package\badaso\badaso-lms-theme\tests\unit\example.spec.js">
    <testCase name="displays message should renders" duration="235"/>
  </file>
  <file path="C:\Users\acer\Downloads\Code\PPL\badaso-lms-demo\package\badaso\badaso-lms-theme\tests\unit\notAuthenticated.spec.js">
    <testCase name="Not Authenticated Guard when not authenticated should pass" duration="2"/>
    <testCase name="Not Authenticated Guard when authenticated should redirect to homepage" duration="0"/>
  </file>
</testExecutions>