<?xml version="1.0" encoding="UTF-8"?>
<testExecutions version="1">
  <file path="C:\Users\Ilma Mannix\Documents\badaso-lms-demo\package\badaso\badaso-lms-theme\tests\unit\AddCourseCard.spec.js">
    <testCase name="AddCourseCard Component when loaded should renders" duration="517"/>
    <testCase name="AddCourseCard Component when create button clicked should redirect to create course page" duration="259"/>
    <testCase name="AddCourseCard Component when join button clicked should redirect to join course page" duration="182"/>
  </file>
  <file path="C:\Users\Ilma Mannix\Documents\badaso-lms-demo\package\badaso\badaso-lms-theme\tests\unit\JoinClass.spec.js">
    <testCase name="JoinCoursePage when loaded should renders" duration="1326"/>
  </file>
  <file path="C:\Users\Ilma Mannix\Documents\badaso-lms-demo\package\badaso\badaso-lms-theme\tests\unit\register.spec.js">
    <testCase name="Register when loaded has all of the required elements" duration="1384"/>
    <testCase name="Register when sending request should show loading on button" duration="737"/>
  </file>
  <file path="C:\Users\Ilma Mannix\Documents\badaso-lms-demo\package\badaso\badaso-lms-theme\tests\unit\ViewCourse.spec.js">
    <testCase name="ViewCourse Component when loaded should renders" duration="1432"/>
    <testCase name="ViewCourse Component when user is not authenticated should redirect to login page" duration="406"/>
    <testCase name="ViewCourse Component when user is authenticated should not redirect anywhere" duration="328"/>
  </file>
  <file path="C:\Users\Ilma Mannix\Documents\badaso-lms-demo\package\badaso\badaso-lms-theme\tests\unit\login.spec.js">
    <testCase name="Login when loaded has all of the required elements" duration="1653"/>
    <testCase name="Login when loaded test data input for login component" duration="657"/>
  </file>
  <file path="C:\Users\Ilma Mannix\Documents\badaso-lms-demo\package\badaso\badaso-lms-theme\tests\unit\CourseCard.spec.js">
    <testCase name="CourseCard Component when loaded should renders" duration="361"/>
    <testCase name="CourseCard Component when course card clicked should redirect to course page" duration="83"/>
  </file>
  <file path="C:\Users\Ilma Mannix\Documents\badaso-lms-demo\package\badaso\badaso-lms-theme\tests\unit\course\create.spec.js">
    <testCase name="CreateCourse.vue should render correct forms" duration="1209"/>
    <testCase name="CreateCourse.vue when user is not authenticated should redirect to login page" duration="548"/>
    <testCase name="CreateCourse.vue when user is authenticated should not redirect anywhere" duration="346"/>
    <testCase name="CreateCourse.vue when all fields are filled form should be valid" duration="485"/>
    <testCase name="CreateCourse.vue when submitted successfully should redirect to course page" duration="389"/>
    <testCase name="CreateCourse.vue when submission is failed should display snackbar with error message" duration="255"/>
    <testCase name="CreateCourse.vue when cancel button is clicked should redirect to home page" duration="374"/>
  </file>
  <file path="C:\Users\Ilma Mannix\Documents\badaso-lms-demo\package\badaso\badaso-lms-theme\tests\unit\copyClassCode.spec.js">
    <testCase name="Class Code Widget when loaded should renders" duration="154"/>
    <testCase name="Class Code Widget When click should call function" duration="611"/>
  </file>
  <file path="C:\Users\Ilma Mannix\Documents\badaso-lms-demo\package\badaso\badaso-lms-theme\tests\unit\notAuthenticated.spec.js">
    <testCase name="Not Authenticated Guard when not authenticated should pass" duration="19"/>
    <testCase name="Not Authenticated Guard when authenticated should redirect to homepage" duration="1"/>
  </file>
  <file path="C:\Users\Ilma Mannix\Documents\badaso-lms-demo\package\badaso\badaso-lms-theme\tests\unit\example.spec.js">
    <testCase name="displays message should renders" duration="352"/>
  </file>
  <file path="C:\Users\Ilma Mannix\Documents\badaso-lms-demo\package\badaso\badaso-lms-theme\tests\unit\PeopleInCourse.spec.js">
    <testCase name="PeopleInCourse when loaded should renders" duration="221"/>
    <testCase name="PeopleInCourse when loaded when user is not authenticated should redirect to login page" duration="71"/>
    <testCase name="PeopleInCourse when loaded when user is authenticated should not redirect anywhere" duration="62"/>
    <testCase name="PeopleInCourse when loaded when user is authenticated when there is only teacher should renders a list of teacher only" duration="60"/>
    <testCase name="PeopleInCourse when loaded when user is authenticated when there are teacher and student should renders a list of teacher and student" duration="41"/>
  </file>
</testExecutions>