<?xml version="1.0" encoding="UTF-8"?>
<testExecutions version="1">
  <file path="C:\Users\Milo\Documents\University\CS\Term 6\PPL\Badaso LMS Demo\badaso-lms-demo\package\badaso\badaso-lms-theme\tests\unit\example.spec.js">
    <testCase name="displays message should renders" duration="191"/>
  </file>
  <file path="C:\Users\Milo\Documents\University\CS\Term 6\PPL\Badaso LMS Demo\badaso-lms-demo\package\badaso\badaso-lms-theme\tests\unit\PeopleInCourse.spec.js">
    <testCase name="PeopleInCourse when loaded should renders" duration="112"/>
  </file>
  <file path="C:\Users\Milo\Documents\University\CS\Term 6\PPL\Badaso LMS Demo\badaso-lms-demo\package\badaso\badaso-lms-theme\tests\unit\JoinClass.spec.js">
    <testCase name="JoinCoursePage when loaded should renders" duration="212"/>
  </file>
  <file path="C:\Users\Milo\Documents\University\CS\Term 6\PPL\Badaso LMS Demo\badaso-lms-demo\package\badaso\badaso-lms-theme\tests\unit\course\create.spec.js">
    <testCase name="CreateCourse.vue should render correct forms" duration="306"/>
    <testCase name="CreateCourse.vue when user is not authenticated should redirect to login page" duration="103"/>
    <testCase name="CreateCourse.vue when user is authenticated should not redirect anywhere" duration="87"/>
    <testCase name="CreateCourse.vue when all fields are filled form should be valid" duration="83"/>
    <testCase name="CreateCourse.vue when submitted successfully should redirect to course page" duration="89"/>
    <testCase name="CreateCourse.vue when submission is failed should display snackbar with error message" duration="78"/>
    <testCase name="CreateCourse.vue when cancel button is clicked should redirect to home page" duration="70"/>
  </file>
  <file path="C:\Users\Milo\Documents\University\CS\Term 6\PPL\Badaso LMS Demo\badaso-lms-demo\package\badaso\badaso-lms-theme\tests\unit\notAuthenticated.spec.js">
    <testCase name="Not Authenticated Guard when not authenticated should pass" duration="2"/>
    <testCase name="Not Authenticated Guard when authenticated should redirect to homepage" duration="1"/>
  </file>
  <file path="C:\Users\Milo\Documents\University\CS\Term 6\PPL\Badaso LMS Demo\badaso-lms-demo\package\badaso\badaso-lms-theme\tests\unit\CourseCard.spec.js">
    <testCase name="CourseCard Component when loaded should renders" duration="131"/>
    <testCase name="CourseCard Component when course card clicked should redirect to course page" duration="50"/>
  </file>
  <file path="C:\Users\Milo\Documents\University\CS\Term 6\PPL\Badaso LMS Demo\badaso-lms-demo\package\badaso\badaso-lms-theme\tests\unit\AddCourseCard.spec.js">
    <testCase name="AddCourseCard Component when loaded should renders" duration="136"/>
    <testCase name="AddCourseCard Component when create button clicked should redirect to create course page" duration="45"/>
    <testCase name="AddCourseCard Component when join button clicked should redirect to join course page" duration="40"/>
  </file>
  <file path="C:\Users\Milo\Documents\University\CS\Term 6\PPL\Badaso LMS Demo\badaso-lms-demo\package\badaso\badaso-lms-theme\tests\unit\copyClassCode.spec.js">
    <testCase name="Class Code Widget when loaded should renders" duration="69"/>
    <testCase name="Class Code Widget When click should call function" duration="109"/>
  </file>
  <file path="C:\Users\Milo\Documents\University\CS\Term 6\PPL\Badaso LMS Demo\badaso-lms-demo\package\badaso\badaso-lms-theme\tests\unit\ViewCourse.spec.js">
    <testCase name="ViewCourse Component when loaded should renders" duration="200"/>
    <testCase name="ViewCourse Component when user is not authenticated should redirect to login page" duration="50"/>
    <testCase name="ViewCourse Component when user is authenticated should not redirect anywhere" duration="45"/>
  </file>
  <file path="C:\Users\Milo\Documents\University\CS\Term 6\PPL\Badaso LMS Demo\badaso-lms-demo\package\badaso\badaso-lms-theme\tests\unit\register.spec.js">
    <testCase name="Register when loaded has all of the required elements" duration="200"/>
    <testCase name="Register when sending request should show loading on button" duration="92"/>
  </file>
  <file path="C:\Users\Milo\Documents\University\CS\Term 6\PPL\Badaso LMS Demo\badaso-lms-demo\package\badaso\badaso-lms-theme\tests\unit\login.spec.js">
    <testCase name="Login when loaded has all of the required elements" duration="201"/>
    <testCase name="Login when loaded test data input for login component" duration="91"/>
  </file>
</testExecutions>