<?xml version="1.0" encoding="UTF-8"?>
<testExecutions version="1">
  <file path="C:\Users\acer\Downloads\Code\PPL\badaso-lms-demo\package\badaso\badaso-lms-theme\tests\unit\PeopleInCourse.spec.js">
    <testCase name="PeopleInCourse when loaded should renders" duration="495"/>
  </file>
  <file path="C:\Users\acer\Downloads\Code\PPL\badaso-lms-demo\package\badaso\badaso-lms-theme\tests\unit\announcement\CreateAnnouncement.spec.js">
    <testCase name="CreateAnnouncement when loaded should renders" duration="716"/>
    <testCase name="CreateAnnouncement when initial form is clicked should hide and load components" duration="519"/>
  </file>
  <file path="C:\Users\acer\Downloads\Code\PPL\badaso-lms-demo\package\badaso\badaso-lms-theme\tests\unit\ViewCourse.spec.js">
    <testCase name="ViewCourse Component when loaded should renders" duration="926"/>
    <testCase name="ViewCourse Component when user is not authenticated should redirect to login page" duration="245"/>
    <testCase name="ViewCourse Component when user is authenticated should not redirect anywhere" duration="331"/>
  </file>
  <file path="C:\Users\acer\Downloads\Code\PPL\badaso-lms-demo\package\badaso\badaso-lms-theme\tests\unit\announcement\AnnouncementPage.spec.js">
    <testCase name="Announcement when loaded should renders" duration="1099"/>
  </file>
  <file path="C:\Users\acer\Downloads\Code\PPL\badaso-lms-demo\package\badaso\badaso-lms-theme\tests\unit\login.spec.js">
    <testCase name="Login when loaded has all of the required elements" duration="1252"/>
    <testCase name="Login when loaded test data input for login component" duration="908"/>
  </file>
  <file path="C:\Users\acer\Downloads\Code\PPL\badaso-lms-demo\package\badaso\badaso-lms-theme\tests\unit\announcement\AnnouncementContent.spec.js">
    <testCase name="AnnouncementContent when loaded and when not editing and when announcement belong to current user should renders" duration="721"/>
    <testCase name="AnnouncementContent when loaded and when not editing and when announcement is not belong to current user should renders" duration="124"/>
    <testCase name="AnnouncementContent when loaded and when editing announcement should renders" duration="1688"/>
  </file>
  <file path="C:\Users\acer\Downloads\Code\PPL\badaso-lms-demo\package\badaso\badaso-lms-theme\tests\unit\course\create.spec.js">
    <testCase name="CreateCourse.vue should render correct forms" duration="1171"/>
    <testCase name="CreateCourse.vue when user is not authenticated should redirect to login page" duration="503"/>
    <testCase name="CreateCourse.vue when user is authenticated should not redirect anywhere" duration="426"/>
    <testCase name="CreateCourse.vue when all fields are filled form should be valid" duration="622"/>
    <testCase name="CreateCourse.vue when submitted successfully should redirect to course page" duration="418"/>
    <testCase name="CreateCourse.vue when submission is failed should display snackbar with error message" duration="507"/>
    <testCase name="CreateCourse.vue when cancel button is clicked should redirect to home page" duration="391"/>
  </file>
  <file path="C:\Users\acer\Downloads\Code\PPL\badaso-lms-demo\package\badaso\badaso-lms-theme\tests\unit\JoinClass.spec.js">
    <testCase name="JoinCoursePage when loaded should renders" duration="888"/>
  </file>
  <file path="C:\Users\acer\Downloads\Code\PPL\badaso-lms-demo\package\badaso\badaso-lms-theme\tests\unit\announcement\AnnouncementContainer.spec.js">
    <testCase name="AnnouncementContainer when loaded should renders" duration="718"/>
  </file>
  <file path="C:\Users\acer\Downloads\Code\PPL\badaso-lms-demo\package\badaso\badaso-lms-theme\tests\unit\announcement\AnnouncementCard.spec.js">
    <testCase name="AnnouncementCard when loaded and when no comment exist should renders" duration="699"/>
    <testCase name="AnnouncementCard when loaded and when comment exist comments should be rendered" duration="372"/>
  </file>
  <file path="C:\Users\acer\Downloads\Code\PPL\badaso-lms-demo\package\badaso\badaso-lms-theme\tests\unit\register.spec.js">
    <testCase name="Register when loaded has all of the required elements" duration="1633"/>
    <testCase name="Register when sending request should show loading on button" duration="611"/>
  </file>
  <file path="C:\Users\acer\Downloads\Code\PPL\badaso-lms-demo\package\badaso\badaso-lms-theme\tests\unit\Sidebar.spec.js">
    <testCase name="App Layout.vue should contains navigation drawer" duration="502"/>
    <testCase name="App Layout.vue should contains user&apos;s name" duration="207"/>
    <testCase name="App Layout.vue should fetch courses data" duration="93"/>
    <testCase name="App Layout.vue should contains logout button" duration="211"/>
  </file>
  <file path="C:\Users\acer\Downloads\Code\PPL\badaso-lms-demo\package\badaso\badaso-lms-theme\tests\unit\AddCourseCard.spec.js">
    <testCase name="AddCourseCard Component when loaded should renders" duration="352"/>
    <testCase name="AddCourseCard Component when create button clicked should redirect to create course page" duration="165"/>
    <testCase name="AddCourseCard Component when join button clicked should redirect to join course page" duration="171"/>
  </file>
  <file path="C:\Users\acer\Downloads\Code\PPL\badaso-lms-demo\package\badaso\badaso-lms-theme\tests\unit\example.spec.js">
    <testCase name="displays message should renders" duration="383"/>
  </file>
  <file path="C:\Users\acer\Downloads\Code\PPL\badaso-lms-demo\package\badaso\badaso-lms-theme\tests\unit\CourseCard.spec.js">
    <testCase name="CourseCard Component when loaded should renders" duration="402"/>
    <testCase name="CourseCard Component when course card clicked should redirect to course page" duration="130"/>
  </file>
  <file path="C:\Users\acer\Downloads\Code\PPL\badaso-lms-demo\package\badaso\badaso-lms-theme\tests\unit\notAuthenticated.spec.js">
    <testCase name="Not Authenticated Guard when not authenticated should pass" duration="5"/>
    <testCase name="Not Authenticated Guard when authenticated should redirect to homepage" duration="0"/>
  </file>
  <file path="C:\Users\acer\Downloads\Code\PPL\badaso-lms-demo\package\badaso\badaso-lms-theme\tests\unit\Snackbar.spec.js">
    <testCase name="App Layout.vue should contains snackbar component" duration="203"/>
    <testCase name="App Layout.vue should contains snackbar content" duration="104"/>
  </file>
  <file path="C:\Users\acer\Downloads\Code\PPL\badaso-lms-demo\package\badaso\badaso-lms-theme\tests\unit\AppLayout.spec.js">
    <testCase name="AppLayout.vue should contains sidebar" duration="175"/>
    <testCase name="AppLayout.vue should contains snackbar" duration="95"/>
  </file>
  <file path="C:\Users\acer\Downloads\Code\PPL\badaso-lms-demo\package\badaso\badaso-lms-theme\tests\unit\copyClassCode.spec.js">
    <testCase name="Class Code Widget when loaded should renders" duration="888"/>
    <testCase name="Class Code Widget When click should call function" duration="193"/>
  </file>
</testExecutions>