<?xml version="1.0" encoding="UTF-8"?>
<testExecutions version="1">
  <file path="C:\Users\Ilma Mannix\Documents\badaso-lms-demo\package\badaso\badaso-lms-theme\tests\unit\announcement\AnnouncementContent.spec.js">
    <testCase name="AnnouncementContent when loaded and when not editing and when announcement belong to current user should renders" duration="230"/>
    <testCase name="AnnouncementContent when loaded and when not editing and when announcement is not belong to current user should renders" duration="70"/>
    <testCase name="AnnouncementContent when loaded and when editing announcement should renders" duration="737"/>
    <testCase name="AnnouncementContent when loaded and when editing comment should renders" duration="232"/>
  </file>
</testExecutions>