<?xml version="1.0" encoding="UTF-8"?>
<testExecutions version="1">
  <file path="/Users/WorkPlace/Desktop/Semester 6/Software Project/badaso-lms-demo/package/badaso/badaso-lms-theme/tests/unit/CourseCard.spec.js">
    <testCase name="CourseCard Component when loaded should renders" duration="369"/>
    <testCase name="CourseCard Component when course card clicked should redirect to course page" duration="128"/>
  </file>
  <file path="/Users/WorkPlace/Desktop/Semester 6/Software Project/badaso-lms-demo/package/badaso/badaso-lms-theme/tests/unit/PeopleInCourse.spec.js">
    <testCase name="PeopleInCourse when loaded should renders" duration="202"/>
  </file>
  <file path="/Users/WorkPlace/Desktop/Semester 6/Software Project/badaso-lms-demo/package/badaso/badaso-lms-theme/tests/unit/JoinClass.spec.js">
    <testCase name="JoinCoursePage when loaded should renders" duration="537"/>
  </file>
  <file path="/Users/WorkPlace/Desktop/Semester 6/Software Project/badaso-lms-demo/package/badaso/badaso-lms-theme/tests/unit/announcement/AnnouncementCard.spec.js">
    <testCase name="AnnouncementCard when loaded and when no comment exist should renders" duration="382"/>
    <testCase name="AnnouncementCard when loaded and when comment exist comments should be rendered" duration="156"/>
  </file>
  <file path="/Users/WorkPlace/Desktop/Semester 6/Software Project/badaso-lms-demo/package/badaso/badaso-lms-theme/tests/unit/Sidebar.spec.js">
    <testCase name="App Layout.vue should contains navigation drawer" duration="242"/>
    <testCase name="App Layout.vue should contains user&apos;s name" duration="90"/>
    <testCase name="App Layout.vue should fetch courses data" duration="108"/>
    <testCase name="App Layout.vue should contains logout button" duration="137"/>
  </file>
  <file path="/Users/WorkPlace/Desktop/Semester 6/Software Project/badaso-lms-demo/package/badaso/badaso-lms-theme/tests/unit/announcement/AnnouncementPage.spec.js">
    <testCase name="Announcement when loaded should renders" duration="630"/>
  </file>
  <file path="/Users/WorkPlace/Desktop/Semester 6/Software Project/badaso-lms-demo/package/badaso/badaso-lms-theme/tests/unit/copyClassCode.spec.js">
    <testCase name="Class Code Widget when loaded should renders" duration="253"/>
    <testCase name="Class Code Widget When click should call function" duration="443"/>
  </file>
  <file path="/Users/WorkPlace/Desktop/Semester 6/Software Project/badaso-lms-demo/package/badaso/badaso-lms-theme/tests/unit/ViewCourse.spec.js">
    <testCase name="ViewCourse Component when loaded should renders" duration="602"/>
    <testCase name="ViewCourse Component when user is not authenticated should redirect to login page" duration="192"/>
    <testCase name="ViewCourse Component when user is authenticated should not redirect anywhere" duration="155"/>
  </file>
  <file path="/Users/WorkPlace/Desktop/Semester 6/Software Project/badaso-lms-demo/package/badaso/badaso-lms-theme/tests/unit/login.spec.js">
    <testCase name="Login when loaded has all of the required elements" duration="790"/>
    <testCase name="Login when loaded test data input for login component" duration="446"/>
  </file>
  <file path="/Users/WorkPlace/Desktop/Semester 6/Software Project/badaso-lms-demo/package/badaso/badaso-lms-theme/tests/unit/AddCourseCard.spec.js">
    <testCase name="AddCourseCard Component when loaded should renders" duration="302"/>
    <testCase name="AddCourseCard Component when create button clicked should redirect to create course page" duration="89"/>
    <testCase name="AddCourseCard Component when join button clicked should redirect to join course page" duration="113"/>
  </file>
  <file path="/Users/WorkPlace/Desktop/Semester 6/Software Project/badaso-lms-demo/package/badaso/badaso-lms-theme/tests/unit/AppLayout.spec.js">
    <testCase name="AppLayout.vue should contains sidebar" duration="83"/>
    <testCase name="AppLayout.vue should contains snackbar" duration="68"/>
  </file>
  <file path="/Users/WorkPlace/Desktop/Semester 6/Software Project/badaso-lms-demo/package/badaso/badaso-lms-theme/tests/unit/announcement/AnnouncementContainer.spec.js">
    <testCase name="AnnouncementContainer when loaded should renders" duration="500"/>
  </file>
  <file path="/Users/WorkPlace/Desktop/Semester 6/Software Project/badaso-lms-demo/package/badaso/badaso-lms-theme/tests/unit/Snackbar.spec.js">
    <testCase name="App Layout.vue should contains snackbar component" duration="158"/>
    <testCase name="App Layout.vue should contains snackbar content" duration="77"/>
  </file>
  <file path="/Users/WorkPlace/Desktop/Semester 6/Software Project/badaso-lms-demo/package/badaso/badaso-lms-theme/tests/unit/register.spec.js">
    <testCase name="Register when loaded has all of the required elements" duration="852"/>
    <testCase name="Register when sending request should show loading on button" duration="462"/>
  </file>
  <file path="/Users/WorkPlace/Desktop/Semester 6/Software Project/badaso-lms-demo/package/badaso/badaso-lms-theme/tests/unit/example.spec.js">
    <testCase name="displays message should renders" duration="240"/>
  </file>
  <file path="/Users/WorkPlace/Desktop/Semester 6/Software Project/badaso-lms-demo/package/badaso/badaso-lms-theme/tests/unit/announcement/CreateAnnouncement.spec.js">
    <testCase name="CreateAnnouncement when loaded should renders" duration="416"/>
    <testCase name="CreateAnnouncement when initial form is clicked should hide and load components" duration="365"/>
  </file>
  <file path="/Users/WorkPlace/Desktop/Semester 6/Software Project/badaso-lms-demo/package/badaso/badaso-lms-theme/tests/unit/notAuthenticated.spec.js">
    <testCase name="Not Authenticated Guard when not authenticated should pass" duration="1"/>
    <testCase name="Not Authenticated Guard when authenticated should redirect to homepage" duration="1"/>
  </file>
  <file path="/Users/WorkPlace/Desktop/Semester 6/Software Project/badaso-lms-demo/package/badaso/badaso-lms-theme/tests/unit/announcement/AnnouncementContent.spec.js">
    <testCase name="AnnouncementContent when loaded and when not editing and when announcement belong to current user should renders" duration="425"/>
    <testCase name="AnnouncementContent when loaded and when not editing and when announcement is not belong to current user should renders" duration="122"/>
    <testCase name="AnnouncementContent when loaded and when editing announcement should renders" duration="1308"/>
  </file>
  <file path="/Users/WorkPlace/Desktop/Semester 6/Software Project/badaso-lms-demo/package/badaso/badaso-lms-theme/tests/unit/course/create.spec.js">
    <testCase name="CreateCourse.vue should render correct forms" duration="709"/>
    <testCase name="CreateCourse.vue when user is not authenticated should redirect to login page" duration="359"/>
    <testCase name="CreateCourse.vue when user is authenticated should not redirect anywhere" duration="312"/>
    <testCase name="CreateCourse.vue when all fields are filled form should be valid" duration="135"/>
    <testCase name="CreateCourse.vue when submitted successfully should redirect to course page" duration="94"/>
    <testCase name="CreateCourse.vue when submission is failed should display snackbar with error message" duration="77"/>
    <testCase name="CreateCourse.vue when cancel button is clicked should redirect to home page" duration="63"/>
  </file>
</testExecutions>