<?xml version="1.0" encoding="UTF-8"?>
<testExecutions version="1">
  <file path="C:\Users\Ilma Mannix\Documents\badaso-lms-demo\package\badaso\badaso-lms-theme\tests\unit\login.spec.js">
    <testCase name="Login when loaded has all of the required elements" duration="512"/>
    <testCase name="Login when loaded test data input for login component" duration="318"/>
  </file>
  <file path="C:\Users\Ilma Mannix\Documents\badaso-lms-demo\package\badaso\badaso-lms-theme\tests\unit\register.spec.js">
    <testCase name="Register when loaded has all of the required elements" duration="546"/>
    <testCase name="Register when sending request should show loading on button" duration="349"/>
  </file>
  <file path="C:\Users\Ilma Mannix\Documents\badaso-lms-demo\package\badaso\badaso-lms-theme\tests\unit\AddCourseCard.spec.js">
    <testCase name="AddCourseCard Component when loaded should renders" duration="235"/>
    <testCase name="AddCourseCard Component when create button clicked should redirect to create course page" duration="92"/>
    <testCase name="AddCourseCard Component when join button clicked should redirect to join course page" duration="52"/>
  </file>
  <file path="C:\Users\Ilma Mannix\Documents\badaso-lms-demo\package\badaso\badaso-lms-theme\tests\unit\CourseCard.spec.js">
    <testCase name="CourseCard Component when loaded should renders" duration="184"/>
    <testCase name="CourseCard Component when course card clicked should redirect to course page" duration="79"/>
  </file>
  <file path="C:\Users\Ilma Mannix\Documents\badaso-lms-demo\package\badaso\badaso-lms-theme\tests\unit\JoinClass.spec.js">
    <testCase name="JoinCoursePage when loaded should renders" duration="568"/>
  </file>
  <file path="C:\Users\Ilma Mannix\Documents\badaso-lms-demo\package\badaso\badaso-lms-theme\tests\unit\example.spec.js">
    <testCase name="displays message should renders" duration="181"/>
  </file>
  <file path="C:\Users\Ilma Mannix\Documents\badaso-lms-demo\package\badaso\badaso-lms-theme\tests\unit\AppLayout.spec.js">
    <testCase name="AppLayout.vue should contains sidebar" duration="179"/>
    <testCase name="AppLayout.vue should contains snackbar" duration="83"/>
  </file>
  <file path="C:\Users\Ilma Mannix\Documents\badaso-lms-demo\package\badaso\badaso-lms-theme\tests\unit\copyClassCode.spec.js">
    <testCase name="Class Code Widget when loaded should renders" duration="146"/>
    <testCase name="Class Code Widget When click should call function" duration="156"/>
  </file>
  <file path="C:\Users\Ilma Mannix\Documents\badaso-lms-demo\package\badaso\badaso-lms-theme\tests\unit\notAuthenticated.spec.js">
    <testCase name="Not Authenticated Guard when not authenticated should pass" duration="3"/>
    <testCase name="Not Authenticated Guard when authenticated should redirect to homepage" duration="1"/>
  </file>
  <file path="C:\Users\Ilma Mannix\Documents\badaso-lms-demo\package\badaso\badaso-lms-theme\tests\unit\ViewCourse.spec.js">
    <testCase name="ViewCourse Component when loaded should renders" duration="536"/>
    <testCase name="ViewCourse Component when user is not authenticated should redirect to login page" duration="179"/>
    <testCase name="ViewCourse Component when user is authenticated should not redirect anywhere" duration="196"/>
  </file>
  <file path="C:\Users\Ilma Mannix\Documents\badaso-lms-demo\package\badaso\badaso-lms-theme\tests\unit\PeopleInCourse.spec.js">
    <testCase name="PeopleInCourse when loaded should renders" duration="413"/>
    <testCase name="PeopleInCourse when loaded when user is not authenticated should redirect to login page" duration="173"/>
    <testCase name="PeopleInCourse when loaded when user is authenticated should not redirect anywhere" duration="141"/>
    <testCase name="PeopleInCourse when loaded when user is authenticated when there is only teacher should renders a list of teacher only" duration="76"/>
    <testCase name="PeopleInCourse when loaded when user is authenticated when there are teacher and student should renders a list of teacher and student" duration="67"/>
  </file>
  <file path="C:\Users\Ilma Mannix\Documents\badaso-lms-demo\package\badaso\badaso-lms-theme\tests\unit\Sidebar.spec.js">
    <testCase name="App Layout.vue should contains navigation drawer" duration="153"/>
    <testCase name="App Layout.vue should contains user&apos;s name" duration="171"/>
    <testCase name="App Layout.vue should fetch courses data" duration="53"/>
    <testCase name="App Layout.vue should contains logout button" duration="73"/>
  </file>
  <file path="C:\Users\Ilma Mannix\Documents\badaso-lms-demo\package\badaso\badaso-lms-theme\tests\unit\course\create.spec.js">
    <testCase name="CreateCourse.vue should render correct forms" duration="551"/>
    <testCase name="CreateCourse.vue when user is not authenticated should redirect to login page" duration="244"/>
    <testCase name="CreateCourse.vue when user is authenticated should not redirect anywhere" duration="186"/>
    <testCase name="CreateCourse.vue when all fields are filled form should be valid" duration="209"/>
    <testCase name="CreateCourse.vue when submitted successfully should redirect to course page" duration="176"/>
    <testCase name="CreateCourse.vue when submission is failed should display snackbar with error message" duration="169"/>
    <testCase name="CreateCourse.vue when cancel button is clicked should redirect to home page" duration="137"/>
  </file>
  <file path="C:\Users\Ilma Mannix\Documents\badaso-lms-demo\package\badaso\badaso-lms-theme\tests\unit\Snackbar.spec.js">
    <testCase name="App Layout.vue should contains snackbar component" duration="162"/>
    <testCase name="App Layout.vue should contains snackbar content" duration="41"/>
  </file>
  <file path="C:\Users\Ilma Mannix\Documents\badaso-lms-demo\package\badaso\badaso-lms-theme\tests\unit\announcement\AnnouncementContent.spec.js">
    <testCase name="AnnouncementContent when loaded and when not editing should renders" duration="267"/>
    <testCase name="AnnouncementContent when loaded and when editing announcement should renders" duration="836"/>
  </file>
  <file path="C:\Users\Ilma Mannix\Documents\badaso-lms-demo\package\badaso\badaso-lms-theme\tests\unit\announcement\AnnouncementContainer.spec.js">
    <testCase name="AnnouncementContainer when loaded should renders" duration="170"/>
  </file>
  <file path="C:\Users\Ilma Mannix\Documents\badaso-lms-demo\package\badaso\badaso-lms-theme\tests\unit\announcement\AnnouncementCard.spec.js">
    <testCase name="AnnouncementCard when loaded and when no comment exist should renders" duration="849">
      <failure message="TypeError: Cannot read properties of undefined (reading &apos;length&apos;)"><![CDATA[TypeError: Cannot read properties of undefined (reading 'length')
    at lengthRules (C:\Users\Ilma Mannix\Documents\badaso-lms-demo\package\badaso\badaso-lms-theme\src\resources\app\components\AnnouncementCard.vue:115:18)
    at VueComponent.validate (C:\Users\Ilma Mannix\Documents\badaso-lms-demo\package\badaso\badaso-lms-theme\node_modules\vuetify\dist\webpack:\Vuetify\src\mixins\validatable\index.ts:254:52)
    at VueComponent.beforeMount (C:\Users\Ilma Mannix\Documents\badaso-lms-demo\package\badaso\badaso-lms-theme\node_modules\vuetify\dist\webpack:\Vuetify\src\mixins\validatable\index.ts:217:10)
    at invokeWithErrorHandling (C:\Users\Ilma Mannix\Documents\badaso-lms-demo\package\badaso\badaso-lms-theme\node_modules\vue\dist\vue.runtime.common.dev.js:1859:57)
    at callHook (C:\Users\Ilma Mannix\Documents\badaso-lms-demo\package\badaso\badaso-lms-theme\node_modules\vue\dist\vue.runtime.common.dev.js:4223:7)
    at mountComponent (C:\Users\Ilma Mannix\Documents\badaso-lms-demo\package\badaso\badaso-lms-theme\node_modules\vue\dist\vue.runtime.common.dev.js:4046:3)
    at VueComponent.Object.<anonymous>.Vue.$mount (C:\Users\Ilma Mannix\Documents\badaso-lms-demo\package\badaso\badaso-lms-theme\node_modules\vue\dist\vue.runtime.common.dev.js:8436:10)
    at init (C:\Users\Ilma Mannix\Documents\badaso-lms-demo\package\badaso\badaso-lms-theme\node_modules\vue\dist\vue.runtime.common.dev.js:3131:13)
    at createComponent (C:\Users\Ilma Mannix\Documents\badaso-lms-demo\package\badaso\badaso-lms-theme\node_modules\vue\dist\vue.runtime.common.dev.js:6002:9)
    at createElm (C:\Users\Ilma Mannix\Documents\badaso-lms-demo\package\badaso\badaso-lms-theme\node_modules\vue\dist\vue.runtime.common.dev.js:5949:9)
    at createChildren (C:\Users\Ilma Mannix\Documents\badaso-lms-demo\package\badaso\badaso-lms-theme\node_modules\vue\dist\vue.runtime.common.dev.js:6077:9)
    at createElm (C:\Users\Ilma Mannix\Documents\badaso-lms-demo\package\badaso\badaso-lms-theme\node_modules\vue\dist\vue.runtime.common.dev.js:5978:9)
    at createChildren (C:\Users\Ilma Mannix\Documents\badaso-lms-demo\package\badaso\badaso-lms-theme\node_modules\vue\dist\vue.runtime.common.dev.js:6077:9)
    at createElm (C:\Users\Ilma Mannix\Documents\badaso-lms-demo\package\badaso\badaso-lms-theme\node_modules\vue\dist\vue.runtime.common.dev.js:5978:9)
    at VueComponent.patch [as __patch__] (C:\Users\Ilma Mannix\Documents\badaso-lms-demo\package\badaso\badaso-lms-theme\node_modules\vue\dist\vue.runtime.common.dev.js:6499:7)
    at VueComponent.Vue._update (C:\Users\Ilma Mannix\Documents\badaso-lms-demo\package\badaso\badaso-lms-theme\node_modules\vue\dist\vue.runtime.common.dev.js:3948:19)
    at VueComponent.updateComponent (C:\Users\Ilma Mannix\Documents\badaso-lms-demo\package\badaso\badaso-lms-theme\node_modules\vue\dist\vue.runtime.common.dev.js:4069:10)
    at Watcher.get (C:\Users\Ilma Mannix\Documents\badaso-lms-demo\package\badaso\badaso-lms-theme\node_modules\vue\dist\vue.runtime.common.dev.js:4481:25)
    at new Watcher (C:\Users\Ilma Mannix\Documents\badaso-lms-demo\package\badaso\badaso-lms-theme\node_modules\vue\dist\vue.runtime.common.dev.js:4470:12)
    at mountComponent (C:\Users\Ilma Mannix\Documents\badaso-lms-demo\package\badaso\badaso-lms-theme\node_modules\vue\dist\vue.runtime.common.dev.js:4076:3)
    at VueComponent.Object.<anonymous>.Vue.$mount (C:\Users\Ilma Mannix\Documents\badaso-lms-demo\package\badaso\badaso-lms-theme\node_modules\vue\dist\vue.runtime.common.dev.js:8436:10)
    at init (C:\Users\Ilma Mannix\Documents\badaso-lms-demo\package\badaso\badaso-lms-theme\node_modules\vue\dist\vue.runtime.common.dev.js:3131:13)
    at createComponent (C:\Users\Ilma Mannix\Documents\badaso-lms-demo\package\badaso\badaso-lms-theme\node_modules\vue\dist\vue.runtime.common.dev.js:6002:9)
    at createElm (C:\Users\Ilma Mannix\Documents\badaso-lms-demo\package\badaso\badaso-lms-theme\node_modules\vue\dist\vue.runtime.common.dev.js:5949:9)
    at createChildren (C:\Users\Ilma Mannix\Documents\badaso-lms-demo\package\badaso\badaso-lms-theme\node_modules\vue\dist\vue.runtime.common.dev.js:6077:9)
    at createElm (C:\Users\Ilma Mannix\Documents\badaso-lms-demo\package\badaso\badaso-lms-theme\node_modules\vue\dist\vue.runtime.common.dev.js:5978:9)
    at createChildren (C:\Users\Ilma Mannix\Documents\badaso-lms-demo\package\badaso\badaso-lms-theme\node_modules\vue\dist\vue.runtime.common.dev.js:6077:9)
    at createElm (C:\Users\Ilma Mannix\Documents\badaso-lms-demo\package\badaso\badaso-lms-theme\node_modules\vue\dist\vue.runtime.common.dev.js:5978:9)
    at createChildren (C:\Users\Ilma Mannix\Documents\badaso-lms-demo\package\badaso\badaso-lms-theme\node_modules\vue\dist\vue.runtime.common.dev.js:6077:9)
    at createElm (C:\Users\Ilma Mannix\Documents\badaso-lms-demo\package\badaso\badaso-lms-theme\node_modules\vue\dist\vue.runtime.common.dev.js:5978:9)
    at VueComponent.patch [as __patch__] (C:\Users\Ilma Mannix\Documents\badaso-lms-demo\package\badaso\badaso-lms-theme\node_modules\vue\dist\vue.runtime.common.dev.js:6499:7)
    at VueComponent.Vue._update (C:\Users\Ilma Mannix\Documents\badaso-lms-demo\package\badaso\badaso-lms-theme\node_modules\vue\dist\vue.runtime.common.dev.js:3948:19)
    at VueComponent.updateComponent (C:\Users\Ilma Mannix\Documents\badaso-lms-demo\package\badaso\badaso-lms-theme\node_modules\vue\dist\vue.runtime.common.dev.js:4069:10)
    at Watcher.get (C:\Users\Ilma Mannix\Documents\badaso-lms-demo\package\badaso\badaso-lms-theme\node_modules\vue\dist\vue.runtime.common.dev.js:4481:25)
    at new Watcher (C:\Users\Ilma Mannix\Documents\badaso-lms-demo\package\badaso\badaso-lms-theme\node_modules\vue\dist\vue.runtime.common.dev.js:4470:12)
    at mountComponent (C:\Users\Ilma Mannix\Documents\badaso-lms-demo\package\badaso\badaso-lms-theme\node_modules\vue\dist\vue.runtime.common.dev.js:4076:3)
    at VueComponent.Object.<anonymous>.Vue.$mount (C:\Users\Ilma Mannix\Documents\badaso-lms-demo\package\badaso\badaso-lms-theme\node_modules\vue\dist\vue.runtime.common.dev.js:8436:10)
    at init (C:\Users\Ilma Mannix\Documents\badaso-lms-demo\package\badaso\badaso-lms-theme\node_modules\vue\dist\vue.runtime.common.dev.js:3131:13)
    at createComponent (C:\Users\Ilma Mannix\Documents\badaso-lms-demo\package\badaso\badaso-lms-theme\node_modules\vue\dist\vue.runtime.common.dev.js:6002:9)
    at createElm (C:\Users\Ilma Mannix\Documents\badaso-lms-demo\package\badaso\badaso-lms-theme\node_modules\vue\dist\vue.runtime.common.dev.js:5949:9)
    at VueComponent.patch [as __patch__] (C:\Users\Ilma Mannix\Documents\badaso-lms-demo\package\badaso\badaso-lms-theme\node_modules\vue\dist\vue.runtime.common.dev.js:6499:7)
    at VueComponent.Vue._update (C:\Users\Ilma Mannix\Documents\badaso-lms-demo\package\badaso\badaso-lms-theme\node_modules\vue\dist\vue.runtime.common.dev.js:3948:19)
    at VueComponent.updateComponent (C:\Users\Ilma Mannix\Documents\badaso-lms-demo\package\badaso\badaso-lms-theme\node_modules\vue\dist\vue.runtime.common.dev.js:4069:10)
    at Watcher.get (C:\Users\Ilma Mannix\Documents\badaso-lms-demo\package\badaso\badaso-lms-theme\node_modules\vue\dist\vue.runtime.common.dev.js:4481:25)
    at new Watcher (C:\Users\Ilma Mannix\Documents\badaso-lms-demo\package\badaso\badaso-lms-theme\node_modules\vue\dist\vue.runtime.common.dev.js:4470:12)
    at mountComponent (C:\Users\Ilma Mannix\Documents\badaso-lms-demo\package\badaso\badaso-lms-theme\node_modules\vue\dist\vue.runtime.common.dev.js:4076:3)
    at VueComponent.Object.<anonymous>.Vue.$mount (C:\Users\Ilma Mannix\Documents\badaso-lms-demo\package\badaso\badaso-lms-theme\node_modules\vue\dist\vue.runtime.common.dev.js:8436:10)
    at init (C:\Users\Ilma Mannix\Documents\badaso-lms-demo\package\badaso\badaso-lms-theme\node_modules\vue\dist\vue.runtime.common.dev.js:3131:13)
    at createComponent (C:\Users\Ilma Mannix\Documents\badaso-lms-demo\package\badaso\badaso-lms-theme\node_modules\vue\dist\vue.runtime.common.dev.js:6002:9)
    at createElm (C:\Users\Ilma Mannix\Documents\badaso-lms-demo\package\badaso\badaso-lms-theme\node_modules\vue\dist\vue.runtime.common.dev.js:5949:9)
    at VueComponent.patch [as __patch__] (C:\Users\Ilma Mannix\Documents\badaso-lms-demo\package\badaso\badaso-lms-theme\node_modules\vue\dist\vue.runtime.common.dev.js:6499:7)
    at VueComponent.Vue._update (C:\Users\Ilma Mannix\Documents\badaso-lms-demo\package\badaso\badaso-lms-theme\node_modules\vue\dist\vue.runtime.common.dev.js:3948:19)
    at VueComponent.updateComponent (C:\Users\Ilma Mannix\Documents\badaso-lms-demo\package\badaso\badaso-lms-theme\node_modules\vue\dist\vue.runtime.common.dev.js:4069:10)
    at Watcher.get (C:\Users\Ilma Mannix\Documents\badaso-lms-demo\package\badaso\badaso-lms-theme\node_modules\vue\dist\vue.runtime.common.dev.js:4481:25)
    at new Watcher (C:\Users\Ilma Mannix\Documents\badaso-lms-demo\package\badaso\badaso-lms-theme\node_modules\vue\dist\vue.runtime.common.dev.js:4470:12)
    at mountComponent (C:\Users\Ilma Mannix\Documents\badaso-lms-demo\package\badaso\badaso-lms-theme\node_modules\vue\dist\vue.runtime.common.dev.js:4076:3)
    at VueComponent.Object.<anonymous>.Vue.$mount (C:\Users\Ilma Mannix\Documents\badaso-lms-demo\package\badaso\badaso-lms-theme\node_modules\vue\dist\vue.runtime.common.dev.js:8436:10)
    at mount (C:\Users\Ilma Mannix\Documents\badaso-lms-demo\package\badaso\badaso-lms-theme\node_modules\@vue\test-utils\dist\vue-test-utils.js:14057:21)
    at Object.<anonymous> (C:\Users\Ilma Mannix\Documents\badaso-lms-demo\package\badaso\badaso-lms-theme\tests\unit\announcement\AnnouncementCard.spec.js:17:25)
    at Promise.then.completed (C:\Users\Ilma Mannix\AppData\Local\npm-cache\_npx\b8d86e6551a4f492\node_modules\jest-circus\build\utils.js:391:28)
    at new Promise (<anonymous>)
    at callAsyncCircusFn (C:\Users\Ilma Mannix\AppData\Local\npm-cache\_npx\b8d86e6551a4f492\node_modules\jest-circus\build\utils.js:316:10)
    at _callCircusTest (C:\Users\Ilma Mannix\AppData\Local\npm-cache\_npx\b8d86e6551a4f492\node_modules\jest-circus\build\run.js:218:40)
    at processTicksAndRejections (node:internal/process/task_queues:96:5)
    at _runTest (C:\Users\Ilma Mannix\AppData\Local\npm-cache\_npx\b8d86e6551a4f492\node_modules\jest-circus\build\run.js:155:3)
    at _runTestsForDescribeBlock (C:\Users\Ilma Mannix\AppData\Local\npm-cache\_npx\b8d86e6551a4f492\node_modules\jest-circus\build\run.js:66:9)
    at _runTestsForDescribeBlock (C:\Users\Ilma Mannix\AppData\Local\npm-cache\_npx\b8d86e6551a4f492\node_modules\jest-circus\build\run.js:60:9)
    at _runTestsForDescribeBlock (C:\Users\Ilma Mannix\AppData\Local\npm-cache\_npx\b8d86e6551a4f492\node_modules\jest-circus\build\run.js:60:9)
    at _runTestsForDescribeBlock (C:\Users\Ilma Mannix\AppData\Local\npm-cache\_npx\b8d86e6551a4f492\node_modules\jest-circus\build\run.js:60:9)
    at run (C:\Users\Ilma Mannix\AppData\Local\npm-cache\_npx\b8d86e6551a4f492\node_modules\jest-circus\build\run.js:25:3)
    at runAndTransformResultsToJestFormat (C:\Users\Ilma Mannix\AppData\Local\npm-cache\_npx\b8d86e6551a4f492\node_modules\jest-circus\build\legacy-code-todo-rewrite\jestAdapterInit.js:170:21)
    at jestAdapter (C:\Users\Ilma Mannix\AppData\Local\npm-cache\_npx\b8d86e6551a4f492\node_modules\jest-circus\build\legacy-code-todo-rewrite\jestAdapter.js:82:19)
    at runTestInternal (C:\Users\Ilma Mannix\AppData\Local\npm-cache\_npx\b8d86e6551a4f492\node_modules\jest-runner\build\runTest.js:389:16)
    at runTest (C:\Users\Ilma Mannix\AppData\Local\npm-cache\_npx\b8d86e6551a4f492\node_modules\jest-runner\build\runTest.js:475:34)
    at Object.worker (C:\Users\Ilma Mannix\AppData\Local\npm-cache\_npx\b8d86e6551a4f492\node_modules\jest-runner\build\testWorker.js:133:12)]]></failure>
    </testCase>
    <testCase name="AnnouncementCard when loaded and when comment exist comments should be rendered" duration="117">
      <failure message="TypeError: Cannot read properties of undefined (reading &apos;length&apos;)"><![CDATA[TypeError: Cannot read properties of undefined (reading 'length')
    at lengthRules (C:\Users\Ilma Mannix\Documents\badaso-lms-demo\package\badaso\badaso-lms-theme\src\resources\app\components\AnnouncementCard.vue:115:18)
    at VueComponent.validate (C:\Users\Ilma Mannix\Documents\badaso-lms-demo\package\badaso\badaso-lms-theme\node_modules\vuetify\dist\webpack:\Vuetify\src\mixins\validatable\index.ts:254:52)
    at VueComponent.beforeMount (C:\Users\Ilma Mannix\Documents\badaso-lms-demo\package\badaso\badaso-lms-theme\node_modules\vuetify\dist\webpack:\Vuetify\src\mixins\validatable\index.ts:217:10)
    at invokeWithErrorHandling (C:\Users\Ilma Mannix\Documents\badaso-lms-demo\package\badaso\badaso-lms-theme\node_modules\vue\dist\vue.runtime.common.dev.js:1859:57)
    at callHook (C:\Users\Ilma Mannix\Documents\badaso-lms-demo\package\badaso\badaso-lms-theme\node_modules\vue\dist\vue.runtime.common.dev.js:4223:7)
    at mountComponent (C:\Users\Ilma Mannix\Documents\badaso-lms-demo\package\badaso\badaso-lms-theme\node_modules\vue\dist\vue.runtime.common.dev.js:4046:3)
    at VueComponent.Object.<anonymous>.Vue.$mount (C:\Users\Ilma Mannix\Documents\badaso-lms-demo\package\badaso\badaso-lms-theme\node_modules\vue\dist\vue.runtime.common.dev.js:8436:10)
    at init (C:\Users\Ilma Mannix\Documents\badaso-lms-demo\package\badaso\badaso-lms-theme\node_modules\vue\dist\vue.runtime.common.dev.js:3131:13)
    at createComponent (C:\Users\Ilma Mannix\Documents\badaso-lms-demo\package\badaso\badaso-lms-theme\node_modules\vue\dist\vue.runtime.common.dev.js:6002:9)
    at createElm (C:\Users\Ilma Mannix\Documents\badaso-lms-demo\package\badaso\badaso-lms-theme\node_modules\vue\dist\vue.runtime.common.dev.js:5949:9)
    at createChildren (C:\Users\Ilma Mannix\Documents\badaso-lms-demo\package\badaso\badaso-lms-theme\node_modules\vue\dist\vue.runtime.common.dev.js:6077:9)
    at createElm (C:\Users\Ilma Mannix\Documents\badaso-lms-demo\package\badaso\badaso-lms-theme\node_modules\vue\dist\vue.runtime.common.dev.js:5978:9)
    at createChildren (C:\Users\Ilma Mannix\Documents\badaso-lms-demo\package\badaso\badaso-lms-theme\node_modules\vue\dist\vue.runtime.common.dev.js:6077:9)
    at createElm (C:\Users\Ilma Mannix\Documents\badaso-lms-demo\package\badaso\badaso-lms-theme\node_modules\vue\dist\vue.runtime.common.dev.js:5978:9)
    at VueComponent.patch [as __patch__] (C:\Users\Ilma Mannix\Documents\badaso-lms-demo\package\badaso\badaso-lms-theme\node_modules\vue\dist\vue.runtime.common.dev.js:6499:7)
    at VueComponent.Vue._update (C:\Users\Ilma Mannix\Documents\badaso-lms-demo\package\badaso\badaso-lms-theme\node_modules\vue\dist\vue.runtime.common.dev.js:3948:19)
    at VueComponent.updateComponent (C:\Users\Ilma Mannix\Documents\badaso-lms-demo\package\badaso\badaso-lms-theme\node_modules\vue\dist\vue.runtime.common.dev.js:4069:10)
    at Watcher.get (C:\Users\Ilma Mannix\Documents\badaso-lms-demo\package\badaso\badaso-lms-theme\node_modules\vue\dist\vue.runtime.common.dev.js:4481:25)
    at new Watcher (C:\Users\Ilma Mannix\Documents\badaso-lms-demo\package\badaso\badaso-lms-theme\node_modules\vue\dist\vue.runtime.common.dev.js:4470:12)
    at mountComponent (C:\Users\Ilma Mannix\Documents\badaso-lms-demo\package\badaso\badaso-lms-theme\node_modules\vue\dist\vue.runtime.common.dev.js:4076:3)
    at VueComponent.Object.<anonymous>.Vue.$mount (C:\Users\Ilma Mannix\Documents\badaso-lms-demo\package\badaso\badaso-lms-theme\node_modules\vue\dist\vue.runtime.common.dev.js:8436:10)
    at init (C:\Users\Ilma Mannix\Documents\badaso-lms-demo\package\badaso\badaso-lms-theme\node_modules\vue\dist\vue.runtime.common.dev.js:3131:13)
    at createComponent (C:\Users\Ilma Mannix\Documents\badaso-lms-demo\package\badaso\badaso-lms-theme\node_modules\vue\dist\vue.runtime.common.dev.js:6002:9)
    at createElm (C:\Users\Ilma Mannix\Documents\badaso-lms-demo\package\badaso\badaso-lms-theme\node_modules\vue\dist\vue.runtime.common.dev.js:5949:9)
    at createChildren (C:\Users\Ilma Mannix\Documents\badaso-lms-demo\package\badaso\badaso-lms-theme\node_modules\vue\dist\vue.runtime.common.dev.js:6077:9)
    at createElm (C:\Users\Ilma Mannix\Documents\badaso-lms-demo\package\badaso\badaso-lms-theme\node_modules\vue\dist\vue.runtime.common.dev.js:5978:9)
    at createChildren (C:\Users\Ilma Mannix\Documents\badaso-lms-demo\package\badaso\badaso-lms-theme\node_modules\vue\dist\vue.runtime.common.dev.js:6077:9)
    at createElm (C:\Users\Ilma Mannix\Documents\badaso-lms-demo\package\badaso\badaso-lms-theme\node_modules\vue\dist\vue.runtime.common.dev.js:5978:9)
    at createChildren (C:\Users\Ilma Mannix\Documents\badaso-lms-demo\package\badaso\badaso-lms-theme\node_modules\vue\dist\vue.runtime.common.dev.js:6077:9)
    at createElm (C:\Users\Ilma Mannix\Documents\badaso-lms-demo\package\badaso\badaso-lms-theme\node_modules\vue\dist\vue.runtime.common.dev.js:5978:9)
    at VueComponent.patch [as __patch__] (C:\Users\Ilma Mannix\Documents\badaso-lms-demo\package\badaso\badaso-lms-theme\node_modules\vue\dist\vue.runtime.common.dev.js:6499:7)
    at VueComponent.Vue._update (C:\Users\Ilma Mannix\Documents\badaso-lms-demo\package\badaso\badaso-lms-theme\node_modules\vue\dist\vue.runtime.common.dev.js:3948:19)
    at VueComponent.updateComponent (C:\Users\Ilma Mannix\Documents\badaso-lms-demo\package\badaso\badaso-lms-theme\node_modules\vue\dist\vue.runtime.common.dev.js:4069:10)
    at Watcher.get (C:\Users\Ilma Mannix\Documents\badaso-lms-demo\package\badaso\badaso-lms-theme\node_modules\vue\dist\vue.runtime.common.dev.js:4481:25)
    at new Watcher (C:\Users\Ilma Mannix\Documents\badaso-lms-demo\package\badaso\badaso-lms-theme\node_modules\vue\dist\vue.runtime.common.dev.js:4470:12)
    at mountComponent (C:\Users\Ilma Mannix\Documents\badaso-lms-demo\package\badaso\badaso-lms-theme\node_modules\vue\dist\vue.runtime.common.dev.js:4076:3)
    at VueComponent.Object.<anonymous>.Vue.$mount (C:\Users\Ilma Mannix\Documents\badaso-lms-demo\package\badaso\badaso-lms-theme\node_modules\vue\dist\vue.runtime.common.dev.js:8436:10)
    at init (C:\Users\Ilma Mannix\Documents\badaso-lms-demo\package\badaso\badaso-lms-theme\node_modules\vue\dist\vue.runtime.common.dev.js:3131:13)
    at createComponent (C:\Users\Ilma Mannix\Documents\badaso-lms-demo\package\badaso\badaso-lms-theme\node_modules\vue\dist\vue.runtime.common.dev.js:6002:9)
    at createElm (C:\Users\Ilma Mannix\Documents\badaso-lms-demo\package\badaso\badaso-lms-theme\node_modules\vue\dist\vue.runtime.common.dev.js:5949:9)
    at VueComponent.patch [as __patch__] (C:\Users\Ilma Mannix\Documents\badaso-lms-demo\package\badaso\badaso-lms-theme\node_modules\vue\dist\vue.runtime.common.dev.js:6499:7)
    at VueComponent.Vue._update (C:\Users\Ilma Mannix\Documents\badaso-lms-demo\package\badaso\badaso-lms-theme\node_modules\vue\dist\vue.runtime.common.dev.js:3948:19)
    at VueComponent.updateComponent (C:\Users\Ilma Mannix\Documents\badaso-lms-demo\package\badaso\badaso-lms-theme\node_modules\vue\dist\vue.runtime.common.dev.js:4069:10)
    at Watcher.get (C:\Users\Ilma Mannix\Documents\badaso-lms-demo\package\badaso\badaso-lms-theme\node_modules\vue\dist\vue.runtime.common.dev.js:4481:25)
    at new Watcher (C:\Users\Ilma Mannix\Documents\badaso-lms-demo\package\badaso\badaso-lms-theme\node_modules\vue\dist\vue.runtime.common.dev.js:4470:12)
    at mountComponent (C:\Users\Ilma Mannix\Documents\badaso-lms-demo\package\badaso\badaso-lms-theme\node_modules\vue\dist\vue.runtime.common.dev.js:4076:3)
    at VueComponent.Object.<anonymous>.Vue.$mount (C:\Users\Ilma Mannix\Documents\badaso-lms-demo\package\badaso\badaso-lms-theme\node_modules\vue\dist\vue.runtime.common.dev.js:8436:10)
    at init (C:\Users\Ilma Mannix\Documents\badaso-lms-demo\package\badaso\badaso-lms-theme\node_modules\vue\dist\vue.runtime.common.dev.js:3131:13)
    at createComponent (C:\Users\Ilma Mannix\Documents\badaso-lms-demo\package\badaso\badaso-lms-theme\node_modules\vue\dist\vue.runtime.common.dev.js:6002:9)
    at createElm (C:\Users\Ilma Mannix\Documents\badaso-lms-demo\package\badaso\badaso-lms-theme\node_modules\vue\dist\vue.runtime.common.dev.js:5949:9)
    at VueComponent.patch [as __patch__] (C:\Users\Ilma Mannix\Documents\badaso-lms-demo\package\badaso\badaso-lms-theme\node_modules\vue\dist\vue.runtime.common.dev.js:6499:7)
    at VueComponent.Vue._update (C:\Users\Ilma Mannix\Documents\badaso-lms-demo\package\badaso\badaso-lms-theme\node_modules\vue\dist\vue.runtime.common.dev.js:3948:19)
    at VueComponent.updateComponent (C:\Users\Ilma Mannix\Documents\badaso-lms-demo\package\badaso\badaso-lms-theme\node_modules\vue\dist\vue.runtime.common.dev.js:4069:10)
    at Watcher.get (C:\Users\Ilma Mannix\Documents\badaso-lms-demo\package\badaso\badaso-lms-theme\node_modules\vue\dist\vue.runtime.common.dev.js:4481:25)
    at new Watcher (C:\Users\Ilma Mannix\Documents\badaso-lms-demo\package\badaso\badaso-lms-theme\node_modules\vue\dist\vue.runtime.common.dev.js:4470:12)
    at mountComponent (C:\Users\Ilma Mannix\Documents\badaso-lms-demo\package\badaso\badaso-lms-theme\node_modules\vue\dist\vue.runtime.common.dev.js:4076:3)
    at VueComponent.Object.<anonymous>.Vue.$mount (C:\Users\Ilma Mannix\Documents\badaso-lms-demo\package\badaso\badaso-lms-theme\node_modules\vue\dist\vue.runtime.common.dev.js:8436:10)
    at mount (C:\Users\Ilma Mannix\Documents\badaso-lms-demo\package\badaso\badaso-lms-theme\node_modules\@vue\test-utils\dist\vue-test-utils.js:14057:21)
    at _callee$ (C:\Users\Ilma Mannix\Documents\badaso-lms-demo\package\badaso\badaso-lms-theme\tests\unit\announcement\AnnouncementCard.spec.js:32:25)
    at tryCatch (C:\Users\Ilma Mannix\Documents\badaso-lms-demo\package\badaso\badaso-lms-theme\node_modules\regenerator-runtime\runtime.js:63:40)
    at Generator.invoke [as _invoke] (C:\Users\Ilma Mannix\Documents\badaso-lms-demo\package\badaso\badaso-lms-theme\node_modules\regenerator-runtime\runtime.js:294:22)
    at Generator.next (C:\Users\Ilma Mannix\Documents\badaso-lms-demo\package\badaso\badaso-lms-theme\node_modules\regenerator-runtime\runtime.js:119:21)
    at asyncGeneratorStep (C:\Users\Ilma Mannix\Documents\badaso-lms-demo\package\badaso\badaso-lms-theme\node_modules\@babel\runtime\helpers\asyncToGenerator.js:3:24)
    at _next (C:\Users\Ilma Mannix\Documents\badaso-lms-demo\package\badaso\badaso-lms-theme\node_modules\@babel\runtime\helpers\asyncToGenerator.js:25:9)
    at C:\Users\Ilma Mannix\Documents\badaso-lms-demo\package\badaso\badaso-lms-theme\node_modules\@babel\runtime\helpers\asyncToGenerator.js:32:7
    at new Promise (<anonymous>)
    at Object.<anonymous> (C:\Users\Ilma Mannix\Documents\badaso-lms-demo\package\badaso\badaso-lms-theme\node_modules\@babel\runtime\helpers\asyncToGenerator.js:21:12)
    at Promise.then.completed (C:\Users\Ilma Mannix\AppData\Local\npm-cache\_npx\b8d86e6551a4f492\node_modules\jest-circus\build\utils.js:391:28)
    at new Promise (<anonymous>)
    at callAsyncCircusFn (C:\Users\Ilma Mannix\AppData\Local\npm-cache\_npx\b8d86e6551a4f492\node_modules\jest-circus\build\utils.js:316:10)
    at _callCircusTest (C:\Users\Ilma Mannix\AppData\Local\npm-cache\_npx\b8d86e6551a4f492\node_modules\jest-circus\build\run.js:218:40)
    at processTicksAndRejections (node:internal/process/task_queues:96:5)
    at _runTest (C:\Users\Ilma Mannix\AppData\Local\npm-cache\_npx\b8d86e6551a4f492\node_modules\jest-circus\build\run.js:155:3)
    at _runTestsForDescribeBlock (C:\Users\Ilma Mannix\AppData\Local\npm-cache\_npx\b8d86e6551a4f492\node_modules\jest-circus\build\run.js:66:9)
    at _runTestsForDescribeBlock (C:\Users\Ilma Mannix\AppData\Local\npm-cache\_npx\b8d86e6551a4f492\node_modules\jest-circus\build\run.js:60:9)
    at _runTestsForDescribeBlock (C:\Users\Ilma Mannix\AppData\Local\npm-cache\_npx\b8d86e6551a4f492\node_modules\jest-circus\build\run.js:60:9)
    at _runTestsForDescribeBlock (C:\Users\Ilma Mannix\AppData\Local\npm-cache\_npx\b8d86e6551a4f492\node_modules\jest-circus\build\run.js:60:9)
    at run (C:\Users\Ilma Mannix\AppData\Local\npm-cache\_npx\b8d86e6551a4f492\node_modules\jest-circus\build\run.js:25:3)
    at runAndTransformResultsToJestFormat (C:\Users\Ilma Mannix\AppData\Local\npm-cache\_npx\b8d86e6551a4f492\node_modules\jest-circus\build\legacy-code-todo-rewrite\jestAdapterInit.js:170:21)
    at jestAdapter (C:\Users\Ilma Mannix\AppData\Local\npm-cache\_npx\b8d86e6551a4f492\node_modules\jest-circus\build\legacy-code-todo-rewrite\jestAdapter.js:82:19)
    at runTestInternal (C:\Users\Ilma Mannix\AppData\Local\npm-cache\_npx\b8d86e6551a4f492\node_modules\jest-runner\build\runTest.js:389:16)
    at runTest (C:\Users\Ilma Mannix\AppData\Local\npm-cache\_npx\b8d86e6551a4f492\node_modules\jest-runner\build\runTest.js:475:34)
    at Object.worker (C:\Users\Ilma Mannix\AppData\Local\npm-cache\_npx\b8d86e6551a4f492\node_modules\jest-runner\build\testWorker.js:133:12)]]></failure>
    </testCase>
  </file>
  <file path="C:\Users\Ilma Mannix\Documents\badaso-lms-demo\package\badaso\badaso-lms-theme\tests\unit\announcement\CreateAnnouncement.spec.js">
    <testCase name="CreateAnnouncement when loaded should renders" duration="141"/>
    <testCase name="CreateAnnouncement when initial form is clicked should hide and load components" duration="79"/>
  </file>
  <file path="C:\Users\Ilma Mannix\Documents\badaso-lms-demo\package\badaso\badaso-lms-theme\tests\unit\announcement\AnnouncementPage.spec.js">
    <testCase name="Announcement when loaded should renders" duration="148"/>
  </file>
</testExecutions>