<?xml version="1.0" encoding="UTF-8"?>
<testExecutions version="1">
  <file path="C:\Users\acer\Downloads\Code\PPL\badaso-lms-demo\package\badaso\badaso-lms-theme\tests\unit\register.spec.js">
    <testCase name="Register when loaded has all of the required elements" duration="316"/>
    <testCase name="Register when sending request should show loading on button" duration="148"/>
  </file>
</testExecutions>