<?xml version="1.0" encoding="UTF-8"?>
<testExecutions version="1">
  <file path="C:\Users\acer\Downloads\Code\PPL\badaso-lms-demo\package\badaso\badaso-lms-theme\tests\unit\announcement\AnnouncementContainer.spec.js">
    <testCase name="AnnouncementContainer when loaded should renders" duration="595"/>
  </file>
  <file path="C:\Users\acer\Downloads\Code\PPL\badaso-lms-demo\package\badaso\badaso-lms-theme\tests\unit\announcement\AnnouncementPage.spec.js">
    <testCase name="Announcement when loaded should renders" duration="655"/>
  </file>
  <file path="C:\Users\acer\Downloads\Code\PPL\badaso-lms-demo\package\badaso\badaso-lms-theme\tests\unit\announcement\AnnouncementCard.spec.js">
    <testCase name="AnnouncementCard when loaded and when no comment exist should renders" duration="543"/>
    <testCase name="AnnouncementCard when loaded and when comment exist comments should be rendered" duration="569"/>
  </file>
  <file path="C:\Users\acer\Downloads\Code\PPL\badaso-lms-demo\package\badaso\badaso-lms-theme\tests\unit\ViewCourse.spec.js">
    <testCase name="ViewCourse Component when loaded should renders" duration="540"/>
    <testCase name="ViewCourse Component when user is not authenticated should redirect to login page" duration="222"/>
    <testCase name="ViewCourse Component when user is authenticated should not redirect anywhere" duration="288"/>
  </file>
  <file path="C:\Users\acer\Downloads\Code\PPL\badaso-lms-demo\package\badaso\badaso-lms-theme\tests\unit\login.spec.js">
    <testCase name="Login when loaded has all of the required elements" duration="801"/>
    <testCase name="Login when loaded test data input for login component" duration="523"/>
  </file>
  <file path="C:\Users\acer\Downloads\Code\PPL\badaso-lms-demo\package\badaso\badaso-lms-theme\tests\unit\announcement\AnnouncementContent.spec.js">
    <testCase name="AnnouncementContent when loaded and when not editing and when announcement belong to current user should renders" duration="501"/>
    <testCase name="AnnouncementContent when loaded and when not editing and when announcement is not belong to current user should renders" duration="81"/>
    <testCase name="AnnouncementContent when loaded and when editing announcement should renders" duration="1321"/>
    <testCase name="AnnouncementContent when loaded and when editing comment should renders" duration="340"/>
  </file>
  <file path="C:\Users\acer\Downloads\Code\PPL\badaso-lms-demo\package\badaso\badaso-lms-theme\tests\unit\course\create.spec.js">
    <testCase name="CreateCourse.vue should render correct forms" duration="652"/>
    <testCase name="CreateCourse.vue when user is not authenticated should redirect to login page" duration="340"/>
    <testCase name="CreateCourse.vue when user is authenticated should not redirect anywhere" duration="333"/>
    <testCase name="CreateCourse.vue when all fields are filled form should be valid" duration="337"/>
    <testCase name="CreateCourse.vue when submitted successfully should redirect to course page" duration="359"/>
    <testCase name="CreateCourse.vue when submission is failed should display snackbar with error message" duration="392"/>
    <testCase name="CreateCourse.vue when cancel button is clicked should redirect to home page" duration="268"/>
  </file>
  <file path="C:\Users\acer\Downloads\Code\PPL\badaso-lms-demo\package\badaso\badaso-lms-theme\tests\unit\CourseCard.spec.js">
    <testCase name="CourseCard Component when loaded should renders" duration="357"/>
    <testCase name="CourseCard Component when course card clicked should redirect to course page" duration="144"/>
  </file>
  <file path="C:\Users\acer\Downloads\Code\PPL\badaso-lms-demo\package\badaso\badaso-lms-theme\tests\unit\announcement\CreateAnnouncement.spec.js">
    <testCase name="CreateAnnouncement when loaded should renders" duration="396"/>
    <testCase name="CreateAnnouncement when initial form is clicked should hide and load components" duration="315"/>
  </file>
  <file path="C:\Users\acer\Downloads\Code\PPL\badaso-lms-demo\package\badaso\badaso-lms-theme\tests\unit\Sidebar.spec.js">
    <testCase name="App Layout.vue should contains navigation drawer" duration="359"/>
    <testCase name="App Layout.vue should contains user&apos;s name" duration="151"/>
    <testCase name="App Layout.vue should fetch courses data" duration="163"/>
    <testCase name="App Layout.vue should contains logout button" duration="169"/>
  </file>
  <file path="C:\Users\acer\Downloads\Code\PPL\badaso-lms-demo\package\badaso\badaso-lms-theme\tests\unit\register.spec.js">
    <testCase name="Register when loaded has all of the required elements" duration="959"/>
    <testCase name="Register when sending request should show loading on button" duration="532"/>
  </file>
  <file path="C:\Users\acer\Downloads\Code\PPL\badaso-lms-demo\package\badaso\badaso-lms-theme\tests\unit\AppLayout.spec.js">
    <testCase name="AppLayout.vue should contains sidebar" duration="198"/>
    <testCase name="AppLayout.vue should contains snackbar" duration="103"/>
  </file>
  <file path="C:\Users\acer\Downloads\Code\PPL\badaso-lms-demo\package\badaso\badaso-lms-theme\tests\unit\copyClassCode.spec.js">
    <testCase name="Class Code Widget when loaded should renders" duration="847"/>
    <testCase name="Class Code Widget When click should call function" duration="529"/>
  </file>
  <file path="C:\Users\acer\Downloads\Code\PPL\badaso-lms-demo\package\badaso\badaso-lms-theme\tests\unit\JoinClass.spec.js">
    <testCase name="JoinCoursePage when loaded should renders" duration="764"/>
  </file>
  <file path="C:\Users\acer\Downloads\Code\PPL\badaso-lms-demo\package\badaso\badaso-lms-theme\tests\unit\example.spec.js">
    <testCase name="displays message should renders" duration="197"/>
  </file>
  <file path="C:\Users\acer\Downloads\Code\PPL\badaso-lms-demo\package\badaso\badaso-lms-theme\tests\unit\Snackbar.spec.js">
    <testCase name="App Layout.vue should contains snackbar component" duration="161"/>
    <testCase name="App Layout.vue should contains snackbar content" duration="66"/>
  </file>
  <file path="C:\Users\acer\Downloads\Code\PPL\badaso-lms-demo\package\badaso\badaso-lms-theme\tests\unit\PeopleInCourse.spec.js">
    <testCase name="PeopleInCourse when loaded should renders" duration="236"/>
  </file>
  <file path="C:\Users\acer\Downloads\Code\PPL\badaso-lms-demo\package\badaso\badaso-lms-theme\tests\unit\notAuthenticated.spec.js">
    <testCase name="Not Authenticated Guard when not authenticated should pass" duration="8"/>
    <testCase name="Not Authenticated Guard when authenticated should redirect to homepage" duration="1"/>
  </file>
  <file path="C:\Users\acer\Downloads\Code\PPL\badaso-lms-demo\package\badaso\badaso-lms-theme\tests\unit\AddCourseCard.spec.js">
    <testCase name="AddCourseCard Component when loaded should renders" duration="141"/>
    <testCase name="AddCourseCard Component when create button clicked should redirect to create course page" duration="57"/>
    <testCase name="AddCourseCard Component when join button clicked should redirect to join course page" duration="71"/>
  </file>
</testExecutions>