<?xml version="1.0" encoding="UTF-8"?>
<testExecutions version="1">
  <file path="C:\Users\acer\Downloads\Code\PPL\badaso-lms-demo\package\badaso\badaso-lms-theme\tests\unit\notAuthenticated.spec.js">
    <testCase name="Not Authenticated Guard when not authenticated should pass" duration="7"/>
    <testCase name="Not Authenticated Guard when authenticated should redirect to homepage" duration="2"/>
  </file>
  <file path="C:\Users\acer\Downloads\Code\PPL\badaso-lms-demo\package\badaso\badaso-lms-theme\tests\unit\example.spec.js">
    <testCase name="displays message should renders" duration="440"/>
  </file>
  <file path="C:\Users\acer\Downloads\Code\PPL\badaso-lms-demo\package\badaso\badaso-lms-theme\tests\unit\course\create.spec.js">
    <testCase name="CreateCourse.vue should render correct forms" duration="657"/>
    <testCase name="CreateCourse.vue when user is not authenticated should redirect to login page" duration="272"/>
    <testCase name="CreateCourse.vue when user is authenticated should not redirect anywhere" duration="210"/>
    <testCase name="CreateCourse.vue when all fields are filled form should be valid" duration="231"/>
    <testCase name="CreateCourse.vue when submitted successfully should redirect to course page" duration="176"/>
    <testCase name="CreateCourse.vue when submission is failed should display snackbar with error message" duration="161"/>
    <testCase name="CreateCourse.vue when cancel button is clicked should redirect to home page" duration="141"/>
  </file>
  <file path="C:\Users\acer\Downloads\Code\PPL\badaso-lms-demo\package\badaso\badaso-lms-theme\tests\unit\login.spec.js">
    <testCase name="Login when loaded has all of the required elements" duration="635"/>
    <testCase name="Login when loaded test data input for login component" duration="305"/>
  </file>
  <file path="C:\Users\acer\Downloads\Code\PPL\badaso-lms-demo\package\badaso\badaso-lms-theme\tests\unit\register.spec.js">
    <testCase name="Register when loaded has all of the required elements" duration="606"/>
    <testCase name="Register when sending request should show loading on button" duration="329"/>
  </file>
</testExecutions>