<?xml version="1.0" encoding="UTF-8"?>
<testExecutions version="1">
  <file path="C:\Users\Ilma Mannix\Documents\badaso-lms-demo\package\badaso\badaso-lms-theme\tests\unit\PeopleInCourse.spec.js">
    <testCase name="PeopleInCourse when loaded should renders" duration="381"/>
  </file>
  <file path="C:\Users\Ilma Mannix\Documents\badaso-lms-demo\package\badaso\badaso-lms-theme\tests\unit\announcement\AnnouncementContainer.spec.js">
    <testCase name="AnnouncementContainer when loaded should renders" duration="904"/>
  </file>
  <file path="C:\Users\Ilma Mannix\Documents\badaso-lms-demo\package\badaso\badaso-lms-theme\tests\unit\announcement\AnnouncementCard.spec.js">
    <testCase name="AnnouncementCard when loaded and when no comment exist should renders" duration="754"/>
    <testCase name="AnnouncementCard when loaded and when comment exist comments should be rendered" duration="441"/>
  </file>
  <file path="C:\Users\Ilma Mannix\Documents\badaso-lms-demo\package\badaso\badaso-lms-theme\tests\unit\announcement\AnnouncementPage.spec.js">
    <testCase name="Announcement when loaded should renders" duration="970"/>
  </file>
  <file path="C:\Users\Ilma Mannix\Documents\badaso-lms-demo\package\badaso\badaso-lms-theme\tests\unit\ViewCourse.spec.js">
    <testCase name="ViewCourse Component when loaded should renders" duration="871"/>
    <testCase name="ViewCourse Component when user is not authenticated should redirect to login page" duration="272"/>
    <testCase name="ViewCourse Component when user is authenticated should not redirect anywhere" duration="237"/>
  </file>
  <file path="C:\Users\Ilma Mannix\Documents\badaso-lms-demo\package\badaso\badaso-lms-theme\tests\unit\announcement\AnnouncementContent.spec.js">
    <testCase name="AnnouncementContent when loaded and when not editing and when announcement belong to current user should renders" duration="694"/>
    <testCase name="AnnouncementContent when loaded and when not editing and when announcement is not belong to current user should renders" duration="157"/>
    <testCase name="AnnouncementContent when loaded and when editing announcement should renders" duration="1505"/>
  </file>
  <file path="C:\Users\Ilma Mannix\Documents\badaso-lms-demo\package\badaso\badaso-lms-theme\tests\unit\course\create.spec.js">
    <testCase name="CreateCourse.vue should render correct forms" duration="859"/>
    <testCase name="CreateCourse.vue when user is not authenticated should redirect to login page" duration="502"/>
    <testCase name="CreateCourse.vue when user is authenticated should not redirect anywhere" duration="311"/>
    <testCase name="CreateCourse.vue when all fields are filled form should be valid" duration="398"/>
    <testCase name="CreateCourse.vue when submitted successfully should redirect to course page" duration="403"/>
    <testCase name="CreateCourse.vue when submission is failed should display snackbar with error message" duration="331"/>
    <testCase name="CreateCourse.vue when cancel button is clicked should redirect to home page" duration="287"/>
  </file>
  <file path="C:\Users\Ilma Mannix\Documents\badaso-lms-demo\package\badaso\badaso-lms-theme\tests\unit\copyClassCode.spec.js">
    <testCase name="Class Code Widget when loaded should renders" duration="333"/>
    <testCase name="Class Code Widget When click should call function" duration="402"/>
  </file>
  <file path="C:\Users\Ilma Mannix\Documents\badaso-lms-demo\package\badaso\badaso-lms-theme\tests\unit\JoinClass.spec.js">
    <testCase name="JoinCoursePage when loaded should renders" duration="729"/>
  </file>
  <file path="C:\Users\Ilma Mannix\Documents\badaso-lms-demo\package\badaso\badaso-lms-theme\tests\unit\register.spec.js">
    <testCase name="Register when loaded has all of the required elements" duration="1158"/>
    <testCase name="Register when sending request should show loading on button" duration="666"/>
  </file>
  <file path="C:\Users\Ilma Mannix\Documents\badaso-lms-demo\package\badaso\badaso-lms-theme\tests\unit\announcement\CreateAnnouncement.spec.js">
    <testCase name="CreateAnnouncement when loaded should renders" duration="602"/>
    <testCase name="CreateAnnouncement when initial form is clicked should hide and load components" duration="658"/>
  </file>
  <file path="C:\Users\Ilma Mannix\Documents\badaso-lms-demo\package\badaso\badaso-lms-theme\tests\unit\login.spec.js">
    <testCase name="Login when loaded has all of the required elements" duration="1124"/>
    <testCase name="Login when loaded test data input for login component" duration="710"/>
  </file>
  <file path="C:\Users\Ilma Mannix\Documents\badaso-lms-demo\package\badaso\badaso-lms-theme\tests\unit\Sidebar.spec.js">
    <testCase name="App Layout.vue should contains navigation drawer" duration="673"/>
    <testCase name="App Layout.vue should contains user&apos;s name" duration="227"/>
    <testCase name="App Layout.vue should fetch courses data" duration="147"/>
    <testCase name="App Layout.vue should contains logout button" duration="195"/>
  </file>
  <file path="C:\Users\Ilma Mannix\Documents\badaso-lms-demo\package\badaso\badaso-lms-theme\tests\unit\AppLayout.spec.js">
    <testCase name="AppLayout.vue should contains sidebar" duration="151"/>
    <testCase name="AppLayout.vue should contains snackbar" duration="83"/>
  </file>
  <file path="C:\Users\Ilma Mannix\Documents\badaso-lms-demo\package\badaso\badaso-lms-theme\tests\unit\AddCourseCard.spec.js">
    <testCase name="AddCourseCard Component when loaded should renders" duration="254"/>
    <testCase name="AddCourseCard Component when create button clicked should redirect to create course page" duration="81"/>
    <testCase name="AddCourseCard Component when join button clicked should redirect to join course page" duration="67"/>
  </file>
  <file path="C:\Users\Ilma Mannix\Documents\badaso-lms-demo\package\badaso\badaso-lms-theme\tests\unit\CourseCard.spec.js">
    <testCase name="CourseCard Component when loaded should renders" duration="264"/>
    <testCase name="CourseCard Component when course card clicked should redirect to course page" duration="114"/>
  </file>
  <file path="C:\Users\Ilma Mannix\Documents\badaso-lms-demo\package\badaso\badaso-lms-theme\tests\unit\notAuthenticated.spec.js">
    <testCase name="Not Authenticated Guard when not authenticated should pass" duration="7"/>
    <testCase name="Not Authenticated Guard when authenticated should redirect to homepage" duration="1"/>
  </file>
  <file path="C:\Users\Ilma Mannix\Documents\badaso-lms-demo\package\badaso\badaso-lms-theme\tests\unit\Snackbar.spec.js">
    <testCase name="App Layout.vue should contains snackbar component" duration="189"/>
    <testCase name="App Layout.vue should contains snackbar content" duration="96"/>
  </file>
  <file path="C:\Users\Ilma Mannix\Documents\badaso-lms-demo\package\badaso\badaso-lms-theme\tests\unit\example.spec.js">
    <testCase name="displays message should renders" duration="343"/>
  </file>
</testExecutions>