<?xml version="1.0" encoding="UTF-8"?>
<testExecutions version="1">
  <file path="C:\Users\Ilma Mannix\Documents\badaso-lms-demo\package\badaso\badaso-lms-theme\tests\unit\404.spec.js">
    <testCase name="JoinCoursePage when loaded should renders" duration="321"/>
  </file>
  <file path="C:\Users\Ilma Mannix\Documents\badaso-lms-demo\package\badaso\badaso-lms-theme\tests\unit\CreateClassMaterial.spec.js">
    <testCase name="CreateCourseMaterial when loaded should renders" duration="926"/>
  </file>
  <file path="C:\Users\Ilma Mannix\Documents\badaso-lms-demo\package\badaso\badaso-lms-theme\tests\unit\announcement\AnnouncementCard.spec.js">
    <testCase name="AnnouncementCard when loaded and when no comment exist should renders" duration="634"/>
    <testCase name="AnnouncementCard when loaded and when comment exist comments should be rendered" duration="450"/>
  </file>
  <file path="C:\Users\Ilma Mannix\Documents\badaso-lms-demo\package\badaso\badaso-lms-theme\tests\unit\classwork.spec.js">
    <testCase name="ClassworkPage when loaded and current user is course creator should renders" duration="658"/>
    <testCase name="ClassworkPage when loaded and current user is not course creator should renders" duration="143"/>
    <testCase name="ClassworkPage when loaded and lesson material exists should renders" duration="126"/>
    <testCase name="ClassworkPage when loaded and lesson material does not exist should renders" duration="62"/>
    <testCase name="CreateTopic when loaded should renders" duration="191"/>
    <testCase name="CreateTopic UpdateTopic when loaded should renders" duration="176"/>
  </file>
  <file path="C:\Users\Ilma Mannix\Documents\badaso-lms-demo\package\badaso\badaso-lms-theme\tests\unit\announcement\AnnouncementContent.spec.js">
    <testCase name="AnnouncementContent when loaded and when not editing and when announcement belong to current user should renders" duration="557"/>
    <testCase name="AnnouncementContent when loaded and when not editing and when announcement is not belong to current user should renders" duration="115"/>
    <testCase name="AnnouncementContent when loaded and when editing announcement should renders" duration="1065"/>
    <testCase name="AnnouncementContent when loaded and when editing comment should renders" duration="213"/>
  </file>
  <file path="C:\Users\Ilma Mannix\Documents\badaso-lms-demo\package\badaso\badaso-lms-theme\tests\unit\course\create.spec.js">
    <testCase name="CreateCourse.vue should render correct forms" duration="623"/>
    <testCase name="CreateCourse.vue when user is not authenticated should redirect to login page" duration="276"/>
    <testCase name="CreateCourse.vue when user is authenticated should not redirect anywhere" duration="270"/>
    <testCase name="CreateCourse.vue when all fields are filled form should be valid" duration="256"/>
    <testCase name="CreateCourse.vue when submitted successfully should redirect to course page" duration="226"/>
    <testCase name="CreateCourse.vue when submission is failed should display snackbar with error message" duration="291"/>
    <testCase name="CreateCourse.vue when cancel button is clicked should redirect to home page" duration="166"/>
  </file>
  <file path="C:\Users\Ilma Mannix\Documents\badaso-lms-demo\package\badaso\badaso-lms-theme\tests\unit\copyClassCode.spec.js">
    <testCase name="Class Code Widget when loaded should renders" duration="741"/>
    <testCase name="Class Code Widget When click should call function" duration="359"/>
  </file>
  <file path="C:\Users\Ilma Mannix\Documents\badaso-lms-demo\package\badaso\badaso-lms-theme\tests\unit\announcement\AnnouncementPage.spec.js">
    <testCase name="Announcement when loaded should renders" duration="577"/>
  </file>
  <file path="C:\Users\Ilma Mannix\Documents\badaso-lms-demo\package\badaso\badaso-lms-theme\tests\unit\register.spec.js">
    <testCase name="Register when loaded has all of the required elements" duration="831"/>
    <testCase name="Register when sending request should show loading on button" duration="365"/>
  </file>
  <file path="C:\Users\Ilma Mannix\Documents\badaso-lms-demo\package\badaso\badaso-lms-theme\tests\unit\Sidebar.spec.js">
    <testCase name="App Layout.vue should contains navigation drawer" duration="261"/>
    <testCase name="App Layout.vue should contains user&apos;s name" duration="123"/>
    <testCase name="App Layout.vue should fetch courses data" duration="71"/>
    <testCase name="App Layout.vue should contains logout button" duration="135"/>
  </file>
  <file path="C:\Users\Ilma Mannix\Documents\badaso-lms-demo\package\badaso\badaso-lms-theme\tests\unit\PeopleInCourse.spec.js">
    <testCase name="PeopleInCourse when loaded should renders" duration="325"/>
  </file>
  <file path="C:\Users\Ilma Mannix\Documents\badaso-lms-demo\package\badaso\badaso-lms-theme\tests\unit\login.spec.js">
    <testCase name="Login when loaded has all of the required elements" duration="603"/>
    <testCase name="Login when loaded test data input for login component" duration="434"/>
  </file>
  <file path="C:\Users\Ilma Mannix\Documents\badaso-lms-demo\package\badaso\badaso-lms-theme\tests\unit\CreationLayout.spec.js">
    <testCase name="CreationLayout when loaded and topic title and content type is NOT given should renders" duration="250"/>
    <testCase name="CreationLayout when loaded and topic title and content type is given should renders" duration="313"/>
  </file>
  <file path="C:\Users\Ilma Mannix\Documents\badaso-lms-demo\package\badaso\badaso-lms-theme\tests\unit\announcement\CreateAnnouncement.spec.js">
    <testCase name="CreateAnnouncement when loaded should renders" duration="212"/>
    <testCase name="CreateAnnouncement when initial form is clicked should hide and load components" duration="286"/>
  </file>
  <file path="C:\Users\Ilma Mannix\Documents\badaso-lms-demo\package\badaso\badaso-lms-theme\tests\unit\ViewCourse.spec.js">
    <testCase name="ViewCourse Component when loaded should renders" duration="235"/>
    <testCase name="ViewCourse Component when user is not authenticated should redirect to login page" duration="104"/>
    <testCase name="ViewCourse Component when user is authenticated should not redirect anywhere" duration="109"/>
  </file>
  <file path="C:\Users\Ilma Mannix\Documents\badaso-lms-demo\package\badaso\badaso-lms-theme\tests\unit\Snackbar.spec.js">
    <testCase name="App Layout.vue should contains snackbar component" duration="133"/>
    <testCase name="App Layout.vue should contains snackbar content" duration="72"/>
  </file>
  <file path="C:\Users\Ilma Mannix\Documents\badaso-lms-demo\package\badaso\badaso-lms-theme\tests\unit\AppLayout.spec.js">
    <testCase name="AppLayout.vue should contains sidebar" duration="168"/>
    <testCase name="AppLayout.vue should contains snackbar" duration="107"/>
  </file>
  <file path="C:\Users\Ilma Mannix\Documents\badaso-lms-demo\package\badaso\badaso-lms-theme\tests\unit\announcement\AnnouncementContainer.spec.js">
    <testCase name="AnnouncementContainer when loaded should renders" duration="459"/>
  </file>
  <file path="C:\Users\Ilma Mannix\Documents\badaso-lms-demo\package\badaso\badaso-lms-theme\tests\unit\CourseMaterial.spec.js">
    <testCase name="CourseMaterial when loaded and description is NOT given should renders" duration="937"/>
    <testCase name="CourseMaterial when loaded and description is given should renders" duration="448"/>
    <testCase name="CourseMaterial when loaded header comment is exist should renders" duration="378"/>
  </file>
  <file path="C:\Users\Ilma Mannix\Documents\badaso-lms-demo\package\badaso\badaso-lms-theme\tests\unit\CourseCard.spec.js">
    <testCase name="CourseCard Component when loaded should renders" duration="141"/>
    <testCase name="CourseCard Component when course card clicked should redirect to course page" duration="60"/>
  </file>
  <file path="C:\Users\Ilma Mannix\Documents\badaso-lms-demo\package\badaso\badaso-lms-theme\tests\unit\JoinClass.spec.js">
    <testCase name="JoinCoursePage when loaded should renders" duration="299"/>
  </file>
  <file path="C:\Users\Ilma Mannix\Documents\badaso-lms-demo\package\badaso\badaso-lms-theme\tests\unit\example.spec.js">
    <testCase name="displays message should renders" duration="412"/>
  </file>
  <file path="C:\Users\Ilma Mannix\Documents\badaso-lms-demo\package\badaso\badaso-lms-theme\tests\unit\AddCourseCard.spec.js">
    <testCase name="AddCourseCard Component when loaded should renders" duration="313"/>
    <testCase name="AddCourseCard Component when create button clicked should redirect to create course page" duration="85"/>
    <testCase name="AddCourseCard Component when join button clicked should redirect to join course page" duration="73"/>
  </file>
  <file path="C:\Users\Ilma Mannix\Documents\badaso-lms-demo\package\badaso\badaso-lms-theme\tests\unit\notAuthenticated.spec.js">
    <testCase name="Not Authenticated Guard when not authenticated should pass" duration="7"/>
    <testCase name="Not Authenticated Guard when authenticated should redirect to homepage" duration="1"/>
  </file>
</testExecutions>