<?xml version="1.0" encoding="UTF-8"?>
<testExecutions version="1">
  <file path="/Users/WorkPlace/Desktop/Semester 6/Software Project/badaso-lms-demo/package/badaso/badaso-lms-theme/tests/unit/classwork.spec.js">
    <testCase name="ClassworkPage when loaded and lesson material and topic exist should renders" duration="189"/>
    <testCase name="ClassworkPage when loaded and lesson material does not exist should renders" duration="47"/>
    <testCase name="ClassworkPage when loaded and topic does not exist should renders" duration="38"/>
    <testCase name="CreateTopic when loaded should renders" duration="73"/>
    <testCase name="CreateTopic UpdateTopic when loaded should renders" duration="61"/>
  </file>
</testExecutions>