<?xml version="1.0" encoding="UTF-8"?>
<testExecutions version="1">
  <file path="/Users/WorkPlace/Desktop/Semester 6/Software Project/badaso-lms-demo/package/badaso/badaso-lms-theme/tests/unit/CreationLayout.spec.js">
    <testCase name="CreationLayout when loaded and topic title and content type is NOT given should renders" duration="426"/>
    <testCase name="CreationLayout when loaded and topic title and content type is given should renders" duration="182"/>
  </file>
  <file path="/Users/WorkPlace/Desktop/Semester 6/Software Project/badaso-lms-demo/package/badaso/badaso-lms-theme/tests/unit/ViewCourse.spec.js">
    <testCase name="ViewCourse Component when loaded should renders" duration="529"/>
    <testCase name="ViewCourse Component when user is not authenticated should redirect to login page" duration="209"/>
    <testCase name="ViewCourse Component when user is authenticated should not redirect anywhere" duration="251"/>
  </file>
  <file path="/Users/WorkPlace/Desktop/Semester 6/Software Project/badaso-lms-demo/package/badaso/badaso-lms-theme/tests/unit/CourseMaterial.spec.js">
    <testCase name="CourseMaterial when loaded and description is NOT given should renders" duration="589"/>
    <testCase name="CourseMaterial when loaded and description is given should renders" duration="387"/>
  </file>
  <file path="/Users/WorkPlace/Desktop/Semester 6/Software Project/badaso-lms-demo/package/badaso/badaso-lms-theme/tests/unit/announcement/AnnouncementCard.spec.js">
    <testCase name="AnnouncementCard when loaded and when no comment exist should renders" duration="546"/>
    <testCase name="AnnouncementCard when loaded and when comment exist comments should be rendered" duration="689"/>
  </file>
  <file path="/Users/WorkPlace/Desktop/Semester 6/Software Project/badaso-lms-demo/package/badaso/badaso-lms-theme/tests/unit/register.spec.js">
    <testCase name="Register when loaded has all of the required elements" duration="684"/>
    <testCase name="Register when sending request should show loading on button" duration="663"/>
  </file>
  <file path="/Users/WorkPlace/Desktop/Semester 6/Software Project/badaso-lms-demo/package/badaso/badaso-lms-theme/tests/unit/login.spec.js">
    <testCase name="Login when loaded has all of the required elements" duration="688"/>
    <testCase name="Login when loaded test data input for login component" duration="753"/>
  </file>
  <file path="/Users/WorkPlace/Desktop/Semester 6/Software Project/badaso-lms-demo/package/badaso/badaso-lms-theme/tests/unit/CreateClassMaterial.spec.js">
    <testCase name="CreateCourseMaterial when loaded should renders" duration="1251"/>
  </file>
  <file path="/Users/WorkPlace/Desktop/Semester 6/Software Project/badaso-lms-demo/package/badaso/badaso-lms-theme/tests/unit/announcement/AnnouncementPage.spec.js">
    <testCase name="Announcement when loaded should renders" duration="855"/>
  </file>
  <file path="/Users/WorkPlace/Desktop/Semester 6/Software Project/badaso-lms-demo/package/badaso/badaso-lms-theme/tests/unit/copyClassCode.spec.js">
    <testCase name="Class Code Widget when loaded should renders" duration="887"/>
    <testCase name="Class Code Widget When click should call function" duration="461"/>
  </file>
  <file path="/Users/WorkPlace/Desktop/Semester 6/Software Project/badaso-lms-demo/package/badaso/badaso-lms-theme/tests/unit/404.spec.js">
    <testCase name="JoinCoursePage when loaded should renders" duration="149"/>
  </file>
  <file path="/Users/WorkPlace/Desktop/Semester 6/Software Project/badaso-lms-demo/package/badaso/badaso-lms-theme/tests/unit/announcement/AnnouncementContent.spec.js">
    <testCase name="AnnouncementContent when loaded and when not editing and when announcement belong to current user should renders" duration="387"/>
    <testCase name="AnnouncementContent when loaded and when not editing and when announcement is not belong to current user should renders" duration="87"/>
    <testCase name="AnnouncementContent when loaded and when editing announcement should renders" duration="1727"/>
    <testCase name="AnnouncementContent when loaded and when editing comment should renders" duration="324"/>
  </file>
  <file path="/Users/WorkPlace/Desktop/Semester 6/Software Project/badaso-lms-demo/package/badaso/badaso-lms-theme/tests/unit/example.spec.js">
    <testCase name="displays message should renders" duration="270"/>
  </file>
  <file path="/Users/WorkPlace/Desktop/Semester 6/Software Project/badaso-lms-demo/package/badaso/badaso-lms-theme/tests/unit/CourseCard.spec.js">
    <testCase name="CourseCard Component when loaded should renders" duration="240"/>
    <testCase name="CourseCard Component when course card clicked should redirect to course page" duration="94"/>
  </file>
  <file path="/Users/WorkPlace/Desktop/Semester 6/Software Project/badaso-lms-demo/package/badaso/badaso-lms-theme/tests/unit/announcement/CreateAnnouncement.spec.js">
    <testCase name="CreateAnnouncement when loaded should renders" duration="301"/>
    <testCase name="CreateAnnouncement when initial form is clicked should hide and load components" duration="280"/>
  </file>
  <file path="/Users/WorkPlace/Desktop/Semester 6/Software Project/badaso-lms-demo/package/badaso/badaso-lms-theme/tests/unit/AddCourseCard.spec.js">
    <testCase name="AddCourseCard Component when loaded should renders" duration="272"/>
    <testCase name="AddCourseCard Component when create button clicked should redirect to create course page" duration="151"/>
    <testCase name="AddCourseCard Component when join button clicked should redirect to join course page" duration="95"/>
  </file>
  <file path="/Users/WorkPlace/Desktop/Semester 6/Software Project/badaso-lms-demo/package/badaso/badaso-lms-theme/tests/unit/Sidebar.spec.js">
    <testCase name="App Layout.vue should contains navigation drawer" duration="299"/>
    <testCase name="App Layout.vue should contains user&apos;s name" duration="147"/>
    <testCase name="App Layout.vue should fetch courses data" duration="91"/>
    <testCase name="App Layout.vue should contains logout button" duration="115"/>
  </file>
  <file path="/Users/WorkPlace/Desktop/Semester 6/Software Project/badaso-lms-demo/package/badaso/badaso-lms-theme/tests/unit/course/create.spec.js">
    <testCase name="CreateCourse.vue should render correct forms" duration="552"/>
    <testCase name="CreateCourse.vue when user is not authenticated should redirect to login page" duration="455"/>
    <testCase name="CreateCourse.vue when user is authenticated should not redirect anywhere" duration="455"/>
    <testCase name="CreateCourse.vue when all fields are filled form should be valid" duration="488"/>
    <testCase name="CreateCourse.vue when submitted successfully should redirect to course page" duration="350"/>
    <testCase name="CreateCourse.vue when submission is failed should display snackbar with error message" duration="301"/>
    <testCase name="CreateCourse.vue when cancel button is clicked should redirect to home page" duration="241"/>
  </file>
  <file path="/Users/WorkPlace/Desktop/Semester 6/Software Project/badaso-lms-demo/package/badaso/badaso-lms-theme/tests/unit/PeopleInCourse.spec.js">
    <testCase name="PeopleInCourse when loaded should renders" duration="225"/>
  </file>
  <file path="/Users/WorkPlace/Desktop/Semester 6/Software Project/badaso-lms-demo/package/badaso/badaso-lms-theme/tests/unit/JoinClass.spec.js">
    <testCase name="JoinCoursePage when loaded should renders" duration="509"/>
  </file>
  <file path="/Users/WorkPlace/Desktop/Semester 6/Software Project/badaso-lms-demo/package/badaso/badaso-lms-theme/tests/unit/announcement/AnnouncementContainer.spec.js">
    <testCase name="AnnouncementContainer when loaded should renders" duration="270"/>
  </file>
  <file path="/Users/WorkPlace/Desktop/Semester 6/Software Project/badaso-lms-demo/package/badaso/badaso-lms-theme/tests/unit/Snackbar.spec.js">
    <testCase name="App Layout.vue should contains snackbar component" duration="62"/>
    <testCase name="App Layout.vue should contains snackbar content" duration="44"/>
  </file>
  <file path="/Users/WorkPlace/Desktop/Semester 6/Software Project/badaso-lms-demo/package/badaso/badaso-lms-theme/tests/unit/AppLayout.spec.js">
    <testCase name="AppLayout.vue should contains sidebar" duration="38"/>
    <testCase name="AppLayout.vue should contains snackbar" duration="59"/>
  </file>
  <file path="/Users/WorkPlace/Desktop/Semester 6/Software Project/badaso-lms-demo/package/badaso/badaso-lms-theme/tests/unit/notAuthenticated.spec.js">
    <testCase name="Not Authenticated Guard when not authenticated should pass" duration="1"/>
    <testCase name="Not Authenticated Guard when authenticated should redirect to homepage" duration="0"/>
  </file>
  <file path="/Users/WorkPlace/Desktop/Semester 6/Software Project/badaso-lms-demo/package/badaso/badaso-lms-theme/tests/unit/classwork.spec.js">
    <testCase name="ClassworkPage when loaded and current user is course creator should renders" duration="208"/>
    <testCase name="ClassworkPage when loaded and current user is not course creator should renders" duration="29"/>
    <testCase name="ClassworkPage when loaded and lesson material exists should renders" duration="37"/>
    <testCase name="ClassworkPage when loaded and lesson material does not exist should renders" duration="25"/>
    <testCase name="CreateTopic when loaded should renders" duration="74"/>
    <testCase name="CreateTopic UpdateTopic when loaded should renders" duration="63"/>
  </file>
</testExecutions>